[1.320s] Invoking command in '/home/hope/me133a/build/gazebodemo': PYTHONPATH=/home/hope/me133a/install/gazebodemo/lib/python3.10/site-packages:${PYTHONPATH} /usr/bin/python3 setup.py develop --prefix /home/hope/me133a/install/gazebodemo --editable --build-directory /home/hope/me133a/build/gazebodemo/build --no-deps install_data --install-dir /home/hope/me133a/install/gazebodemo
[1.713s] running develop
[1.713s] /usr/lib/python3/dist-packages/setuptools/command/easy_install.py:158: EasyInstallDeprecationWarning: easy_install command is deprecated. Use build and pip and other standards-based tools.
[1.713s]   warnings.warn(
[1.715s] /usr/lib/python3/dist-packages/setuptools/command/install.py:34: SetuptoolsDeprecationWarning: setup.py install is deprecated. Use build and pip and other standards-based tools.
[1.715s]   warnings.warn(
[1.807s] /usr/lib/python3/dist-packages/pkg_resources/__init__.py:116: PkgResourcesDeprecationWarning: 0.1.43ubuntu1 is an invalid version and will not be supported in a future release
[1.807s]   warnings.warn(
[1.807s] /usr/lib/python3/dist-packages/pkg_resources/__init__.py:116: PkgResourcesDeprecationWarning: 1.1build1 is an invalid version and will not be supported in a future release
[1.807s]   warnings.warn(
[1.971s] running egg_info
[1.971s] writing gazebodemo.egg-info/PKG-INFO
[1.972s] writing dependency_links to gazebodemo.egg-info/dependency_links.txt
[1.972s] writing entry points to gazebodemo.egg-info/entry_points.txt
[1.972s] writing requirements to gazebodemo.egg-info/requires.txt
[1.972s] writing top-level names to gazebodemo.egg-info/top_level.txt
[1.974s] reading manifest file 'gazebodemo.egg-info/SOURCES.txt'
[1.976s] writing manifest file 'gazebodemo.egg-info/SOURCES.txt'
[1.978s] running build_ext
[1.979s] Creating /home/hope/me133a/install/gazebodemo/lib/python3.10/site-packages/gazebodemo.egg-link (link to .)
[1.980s] Installing drivemotion script to /home/hope/me133a/install/gazebodemo/lib/gazebodemo
[1.980s] Installing trackgui script to /home/hope/me133a/install/gazebodemo/lib/gazebodemo
[1.980s] 
[1.980s] Installed /home/hope/me133a/build/gazebodemo
[1.980s] running install_data
[2.017s] Invoked command in '/home/hope/me133a/build/gazebodemo' returned '0': PYTHONPATH=/home/hope/me133a/install/gazebodemo/lib/python3.10/site-packages:${PYTHONPATH} /usr/bin/python3 setup.py develop --prefix /home/hope/me133a/install/gazebodemo --editable --build-directory /home/hope/me133a/build/gazebodemo/build --no-deps install_data --install-dir /home/hope/me133a/install/gazebodemo
