[0.673s] DEBUG:colcon:Command line arguments: ['/usr/bin/colcon', 'build', '--symlink-install']
[0.673s] DEBUG:colcon:Parsed command line arguments: Namespace(log_base=None, log_level=None, verb_name='build', build_base='build', install_base='install', merge_install=False, symlink_install=True, test_result_base=None, continue_on_error=False, executor='parallel', parallel_workers=6, event_handlers=None, ignore_user_meta=False, metas=['./colcon.meta'], base_paths=['.'], packages_ignore=None, packages_ignore_regex=None, paths=None, packages_up_to=None, packages_up_to_regex=None, packages_above=None, packages_above_and_dependencies=None, packages_above_depth=None, packages_select_by_dep=None, packages_skip_by_dep=None, packages_skip_up_to=None, packages_select_build_failed=False, packages_skip_build_finished=False, packages_select_test_failures=False, packages_skip_test_passed=False, packages_select=None, packages_skip=None, packages_select_regex=None, packages_skip_regex=None, packages_start=None, packages_end=None, allow_overriding=[], cmake_args=None, cmake_target=None, cmake_target_skip_unavailable=False, cmake_clean_cache=False, cmake_clean_first=False, cmake_force_configure=False, ament_cmake_args=None, catkin_cmake_args=None, catkin_skip_building_tests=False, verb_parser=<colcon_defaults.argument_parser.defaults.DefaultArgumentsDecorator object at 0x7f16593b4eb0>, verb_extension=<colcon_core.verb.build.BuildVerb object at 0x7f1659d2a7a0>, main=<bound method BuildVerb.main of <colcon_core.verb.build.BuildVerb object at 0x7f1659d2a7a0>>)
[0.733s] Level 1:colcon.colcon_core.package_discovery:discover_packages(colcon_meta) check parameters
[0.733s] Level 1:colcon.colcon_core.package_discovery:discover_packages(recursive) check parameters
[0.733s] Level 1:colcon.colcon_core.package_discovery:discover_packages(ignore) check parameters
[0.733s] Level 1:colcon.colcon_core.package_discovery:discover_packages(path) check parameters
[0.733s] Level 1:colcon.colcon_core.package_discovery:discover_packages(colcon_meta) discover
[0.734s] Level 1:colcon.colcon_core.package_discovery:discover_packages(recursive) discover
[0.734s] INFO:colcon.colcon_core.package_discovery:Crawling recursively for packages in '/home/hope/133final'
[0.734s] Level 1:colcon.colcon_core.package_identification:_identify(.) by extensions ['ignore', 'ignore_ament_install']
[0.734s] Level 1:colcon.colcon_core.package_identification:_identify(.) by extension 'ignore'
[0.734s] Level 1:colcon.colcon_core.package_identification:_identify(.) by extension 'ignore_ament_install'
[0.734s] Level 1:colcon.colcon_core.package_identification:_identify(.) by extensions ['colcon_pkg']
[0.734s] Level 1:colcon.colcon_core.package_identification:_identify(.) by extension 'colcon_pkg'
[0.734s] Level 1:colcon.colcon_core.package_identification:_identify(.) by extensions ['colcon_meta']
[0.734s] Level 1:colcon.colcon_core.package_identification:_identify(.) by extension 'colcon_meta'
[0.734s] Level 1:colcon.colcon_core.package_identification:_identify(.) by extensions ['ros']
[0.734s] Level 1:colcon.colcon_core.package_identification:_identify(.) by extension 'ros'
[0.754s] Level 1:colcon.colcon_core.package_identification:_identify(.) by extensions ['cmake', 'python']
[0.754s] Level 1:colcon.colcon_core.package_identification:_identify(.) by extension 'cmake'
[0.754s] Level 1:colcon.colcon_core.package_identification:_identify(.) by extension 'python'
[0.754s] Level 1:colcon.colcon_core.package_identification:_identify(.) by extensions ['python_setup_py']
[0.754s] Level 1:colcon.colcon_core.package_identification:_identify(.) by extension 'python_setup_py'
[0.754s] Level 1:colcon.colcon_core.package_identification:_identify(build) by extensions ['ignore', 'ignore_ament_install']
[0.754s] Level 1:colcon.colcon_core.package_identification:_identify(build) by extension 'ignore'
[0.754s] Level 1:colcon.colcon_core.package_identification:_identify(build) ignored
[0.755s] Level 1:colcon.colcon_core.package_identification:_identify(install) by extensions ['ignore', 'ignore_ament_install']
[0.755s] Level 1:colcon.colcon_core.package_identification:_identify(install) by extension 'ignore'
[0.755s] Level 1:colcon.colcon_core.package_identification:_identify(install) ignored
[0.755s] Level 1:colcon.colcon_core.package_identification:_identify(log) by extensions ['ignore', 'ignore_ament_install']
[0.755s] Level 1:colcon.colcon_core.package_identification:_identify(log) by extension 'ignore'
[0.755s] Level 1:colcon.colcon_core.package_identification:_identify(log) ignored
[0.755s] Level 1:colcon.colcon_core.package_identification:_identify(src) by extensions ['ignore', 'ignore_ament_install']
[0.756s] Level 1:colcon.colcon_core.package_identification:_identify(src) by extension 'ignore'
[0.756s] Level 1:colcon.colcon_core.package_identification:_identify(src) by extension 'ignore_ament_install'
[0.756s] Level 1:colcon.colcon_core.package_identification:_identify(src) by extensions ['colcon_pkg']
[0.756s] Level 1:colcon.colcon_core.package_identification:_identify(src) by extension 'colcon_pkg'
[0.756s] Level 1:colcon.colcon_core.package_identification:_identify(src) by extensions ['colcon_meta']
[0.756s] Level 1:colcon.colcon_core.package_identification:_identify(src) by extension 'colcon_meta'
[0.756s] Level 1:colcon.colcon_core.package_identification:_identify(src) by extensions ['ros']
[0.756s] Level 1:colcon.colcon_core.package_identification:_identify(src) by extension 'ros'
[0.756s] Level 1:colcon.colcon_core.package_identification:_identify(src) by extensions ['cmake', 'python']
[0.756s] Level 1:colcon.colcon_core.package_identification:_identify(src) by extension 'cmake'
[0.756s] Level 1:colcon.colcon_core.package_identification:_identify(src) by extension 'python'
[0.756s] Level 1:colcon.colcon_core.package_identification:_identify(src) by extensions ['python_setup_py']
[0.756s] Level 1:colcon.colcon_core.package_identification:_identify(src) by extension 'python_setup_py'
[0.756s] Level 1:colcon.colcon_core.package_identification:_identify(src/atlas_description) by extensions ['ignore', 'ignore_ament_install']
[0.757s] Level 1:colcon.colcon_core.package_identification:_identify(src/atlas_description) by extension 'ignore'
[0.757s] Level 1:colcon.colcon_core.package_identification:_identify(src/atlas_description) by extension 'ignore_ament_install'
[0.757s] Level 1:colcon.colcon_core.package_identification:_identify(src/atlas_description) by extensions ['colcon_pkg']
[0.757s] Level 1:colcon.colcon_core.package_identification:_identify(src/atlas_description) by extension 'colcon_pkg'
[0.757s] Level 1:colcon.colcon_core.package_identification:_identify(src/atlas_description) by extensions ['colcon_meta']
[0.757s] Level 1:colcon.colcon_core.package_identification:_identify(src/atlas_description) by extension 'colcon_meta'
[0.757s] Level 1:colcon.colcon_core.package_identification:_identify(src/atlas_description) by extensions ['ros']
[0.757s] Level 1:colcon.colcon_core.package_identification:_identify(src/atlas_description) by extension 'ros'
[0.761s] DEBUG:colcon.colcon_core.package_identification:Package 'src/atlas_description' with type 'ros.ament_cmake' and name 'atlas_description'
[0.761s] Level 1:colcon.colcon_core.package_identification:_identify(src/gazebodemo) by extensions ['ignore', 'ignore_ament_install']
[0.761s] Level 1:colcon.colcon_core.package_identification:_identify(src/gazebodemo) by extension 'ignore'
[0.761s] Level 1:colcon.colcon_core.package_identification:_identify(src/gazebodemo) by extension 'ignore_ament_install'
[0.761s] Level 1:colcon.colcon_core.package_identification:_identify(src/gazebodemo) by extensions ['colcon_pkg']
[0.761s] Level 1:colcon.colcon_core.package_identification:_identify(src/gazebodemo) by extension 'colcon_pkg'
[0.761s] Level 1:colcon.colcon_core.package_identification:_identify(src/gazebodemo) by extensions ['colcon_meta']
[0.762s] Level 1:colcon.colcon_core.package_identification:_identify(src/gazebodemo) by extension 'colcon_meta'
[0.762s] Level 1:colcon.colcon_core.package_identification:_identify(src/gazebodemo) by extensions ['ros']
[0.762s] Level 1:colcon.colcon_core.package_identification:_identify(src/gazebodemo) by extension 'ros'
[0.762s] Level 1:colcon.colcon_core.package_identification:_identify(src/gazebodemo) by extensions ['cmake', 'python']
[0.762s] Level 1:colcon.colcon_core.package_identification:_identify(src/gazebodemo) by extension 'cmake'
[0.762s] Level 1:colcon.colcon_core.package_identification:_identify(src/gazebodemo) by extension 'python'
[0.762s] Level 1:colcon.colcon_core.package_identification:_identify(src/gazebodemo) by extensions ['python_setup_py']
[0.762s] Level 1:colcon.colcon_core.package_identification:_identify(src/gazebodemo) by extension 'python_setup_py'
[0.762s] Level 1:colcon.colcon_core.package_identification:_identify(src/gazebodemo/gazebodemo) by extensions ['ignore', 'ignore_ament_install']
[0.762s] Level 1:colcon.colcon_core.package_identification:_identify(src/gazebodemo/gazebodemo) by extension 'ignore'
[0.762s] Level 1:colcon.colcon_core.package_identification:_identify(src/gazebodemo/gazebodemo) by extension 'ignore_ament_install'
[0.762s] Level 1:colcon.colcon_core.package_identification:_identify(src/gazebodemo/gazebodemo) by extensions ['colcon_pkg']
[0.762s] Level 1:colcon.colcon_core.package_identification:_identify(src/gazebodemo/gazebodemo) by extension 'colcon_pkg'
[0.762s] Level 1:colcon.colcon_core.package_identification:_identify(src/gazebodemo/gazebodemo) by extensions ['colcon_meta']
[0.762s] Level 1:colcon.colcon_core.package_identification:_identify(src/gazebodemo/gazebodemo) by extension 'colcon_meta'
[0.763s] Level 1:colcon.colcon_core.package_identification:_identify(src/gazebodemo/gazebodemo) by extensions ['ros']
[0.763s] Level 1:colcon.colcon_core.package_identification:_identify(src/gazebodemo/gazebodemo) by extension 'ros'
[0.764s] DEBUG:colcon.colcon_core.package_identification:Package 'src/gazebodemo/gazebodemo' with type 'ros.ament_python' and name 'gazebodemo'
[0.764s] Level 1:colcon.colcon_core.package_identification:_identify(src/hw4code) by extensions ['ignore', 'ignore_ament_install']
[0.764s] Level 1:colcon.colcon_core.package_identification:_identify(src/hw4code) by extension 'ignore'
[0.765s] Level 1:colcon.colcon_core.package_identification:_identify(src/hw4code) by extension 'ignore_ament_install'
[0.765s] Level 1:colcon.colcon_core.package_identification:_identify(src/hw4code) by extensions ['colcon_pkg']
[0.765s] Level 1:colcon.colcon_core.package_identification:_identify(src/hw4code) by extension 'colcon_pkg'
[0.765s] Level 1:colcon.colcon_core.package_identification:_identify(src/hw4code) by extensions ['colcon_meta']
[0.765s] Level 1:colcon.colcon_core.package_identification:_identify(src/hw4code) by extension 'colcon_meta'
[0.765s] Level 1:colcon.colcon_core.package_identification:_identify(src/hw4code) by extensions ['ros']
[0.765s] Level 1:colcon.colcon_core.package_identification:_identify(src/hw4code) by extension 'ros'
[0.766s] DEBUG:colcon.colcon_core.package_identification:Package 'src/hw4code' with type 'ros.ament_python' and name 'hw4code'
[0.766s] Level 1:colcon.colcon_core.package_identification:_identify(src/hw5code) by extensions ['ignore', 'ignore_ament_install']
[0.766s] Level 1:colcon.colcon_core.package_identification:_identify(src/hw5code) by extension 'ignore'
[0.766s] Level 1:colcon.colcon_core.package_identification:_identify(src/hw5code) by extension 'ignore_ament_install'
[0.767s] Level 1:colcon.colcon_core.package_identification:_identify(src/hw5code) by extensions ['colcon_pkg']
[0.767s] Level 1:colcon.colcon_core.package_identification:_identify(src/hw5code) by extension 'colcon_pkg'
[0.767s] Level 1:colcon.colcon_core.package_identification:_identify(src/hw5code) by extensions ['colcon_meta']
[0.767s] Level 1:colcon.colcon_core.package_identification:_identify(src/hw5code) by extension 'colcon_meta'
[0.767s] Level 1:colcon.colcon_core.package_identification:_identify(src/hw5code) by extensions ['ros']
[0.767s] Level 1:colcon.colcon_core.package_identification:_identify(src/hw5code) by extension 'ros'
[0.767s] Level 1:colcon.colcon_core.package_identification:_identify(src/hw5code) by extensions ['cmake', 'python']
[0.767s] Level 1:colcon.colcon_core.package_identification:_identify(src/hw5code) by extension 'cmake'
[0.767s] Level 1:colcon.colcon_core.package_identification:_identify(src/hw5code) by extension 'python'
[0.767s] Level 1:colcon.colcon_core.package_identification:_identify(src/hw5code) by extensions ['python_setup_py']
[0.767s] Level 1:colcon.colcon_core.package_identification:_identify(src/hw5code) by extension 'python_setup_py'
[0.767s] Level 1:colcon.colcon_core.package_identification:_identify(src/hw5code/__MACOSX) by extensions ['ignore', 'ignore_ament_install']
[0.768s] Level 1:colcon.colcon_core.package_identification:_identify(src/hw5code/__MACOSX) by extension 'ignore'
[0.768s] Level 1:colcon.colcon_core.package_identification:_identify(src/hw5code/__MACOSX) by extension 'ignore_ament_install'
[0.768s] Level 1:colcon.colcon_core.package_identification:_identify(src/hw5code/__MACOSX) by extensions ['colcon_pkg']
[0.768s] Level 1:colcon.colcon_core.package_identification:_identify(src/hw5code/__MACOSX) by extension 'colcon_pkg'
[0.768s] Level 1:colcon.colcon_core.package_identification:_identify(src/hw5code/__MACOSX) by extensions ['colcon_meta']
[0.768s] Level 1:colcon.colcon_core.package_identification:_identify(src/hw5code/__MACOSX) by extension 'colcon_meta'
[0.768s] Level 1:colcon.colcon_core.package_identification:_identify(src/hw5code/__MACOSX) by extensions ['ros']
[0.768s] Level 1:colcon.colcon_core.package_identification:_identify(src/hw5code/__MACOSX) by extension 'ros'
[0.768s] Level 1:colcon.colcon_core.package_identification:_identify(src/hw5code/__MACOSX) by extensions ['cmake', 'python']
[0.768s] Level 1:colcon.colcon_core.package_identification:_identify(src/hw5code/__MACOSX) by extension 'cmake'
[0.768s] Level 1:colcon.colcon_core.package_identification:_identify(src/hw5code/__MACOSX) by extension 'python'
[0.768s] Level 1:colcon.colcon_core.package_identification:_identify(src/hw5code/__MACOSX) by extensions ['python_setup_py']
[0.768s] Level 1:colcon.colcon_core.package_identification:_identify(src/hw5code/__MACOSX) by extension 'python_setup_py'
[0.769s] Level 1:colcon.colcon_core.package_identification:_identify(src/hw5code/__MACOSX/hw5code) by extensions ['ignore', 'ignore_ament_install']
[0.769s] Level 1:colcon.colcon_core.package_identification:_identify(src/hw5code/__MACOSX/hw5code) by extension 'ignore'
[0.769s] Level 1:colcon.colcon_core.package_identification:_identify(src/hw5code/__MACOSX/hw5code) by extension 'ignore_ament_install'
[0.769s] Level 1:colcon.colcon_core.package_identification:_identify(src/hw5code/__MACOSX/hw5code) by extensions ['colcon_pkg']
[0.769s] Level 1:colcon.colcon_core.package_identification:_identify(src/hw5code/__MACOSX/hw5code) by extension 'colcon_pkg'
[0.769s] Level 1:colcon.colcon_core.package_identification:_identify(src/hw5code/__MACOSX/hw5code) by extensions ['colcon_meta']
[0.769s] Level 1:colcon.colcon_core.package_identification:_identify(src/hw5code/__MACOSX/hw5code) by extension 'colcon_meta'
[0.769s] Level 1:colcon.colcon_core.package_identification:_identify(src/hw5code/__MACOSX/hw5code) by extensions ['ros']
[0.769s] Level 1:colcon.colcon_core.package_identification:_identify(src/hw5code/__MACOSX/hw5code) by extension 'ros'
[0.769s] Level 1:colcon.colcon_core.package_identification:_identify(src/hw5code/__MACOSX/hw5code) by extensions ['cmake', 'python']
[0.769s] Level 1:colcon.colcon_core.package_identification:_identify(src/hw5code/__MACOSX/hw5code) by extension 'cmake'
[0.769s] Level 1:colcon.colcon_core.package_identification:_identify(src/hw5code/__MACOSX/hw5code) by extension 'python'
[0.769s] Level 1:colcon.colcon_core.package_identification:_identify(src/hw5code/__MACOSX/hw5code) by extensions ['python_setup_py']
[0.769s] Level 1:colcon.colcon_core.package_identification:_identify(src/hw5code/__MACOSX/hw5code) by extension 'python_setup_py'
[0.769s] Level 1:colcon.colcon_core.package_identification:_identify(src/hw5code/__MACOSX/hw5code/meshes) by extensions ['ignore', 'ignore_ament_install']
[0.770s] Level 1:colcon.colcon_core.package_identification:_identify(src/hw5code/__MACOSX/hw5code/meshes) by extension 'ignore'
[0.770s] Level 1:colcon.colcon_core.package_identification:_identify(src/hw5code/__MACOSX/hw5code/meshes) by extension 'ignore_ament_install'
[0.770s] Level 1:colcon.colcon_core.package_identification:_identify(src/hw5code/__MACOSX/hw5code/meshes) by extensions ['colcon_pkg']
[0.770s] Level 1:colcon.colcon_core.package_identification:_identify(src/hw5code/__MACOSX/hw5code/meshes) by extension 'colcon_pkg'
[0.770s] Level 1:colcon.colcon_core.package_identification:_identify(src/hw5code/__MACOSX/hw5code/meshes) by extensions ['colcon_meta']
[0.770s] Level 1:colcon.colcon_core.package_identification:_identify(src/hw5code/__MACOSX/hw5code/meshes) by extension 'colcon_meta'
[0.770s] Level 1:colcon.colcon_core.package_identification:_identify(src/hw5code/__MACOSX/hw5code/meshes) by extensions ['ros']
[0.770s] Level 1:colcon.colcon_core.package_identification:_identify(src/hw5code/__MACOSX/hw5code/meshes) by extension 'ros'
[0.770s] Level 1:colcon.colcon_core.package_identification:_identify(src/hw5code/__MACOSX/hw5code/meshes) by extensions ['cmake', 'python']
[0.770s] Level 1:colcon.colcon_core.package_identification:_identify(src/hw5code/__MACOSX/hw5code/meshes) by extension 'cmake'
[0.770s] Level 1:colcon.colcon_core.package_identification:_identify(src/hw5code/__MACOSX/hw5code/meshes) by extension 'python'
[0.770s] Level 1:colcon.colcon_core.package_identification:_identify(src/hw5code/__MACOSX/hw5code/meshes) by extensions ['python_setup_py']
[0.770s] Level 1:colcon.colcon_core.package_identification:_identify(src/hw5code/__MACOSX/hw5code/meshes) by extension 'python_setup_py'
[0.770s] Level 1:colcon.colcon_core.package_identification:_identify(src/hw5code/build) by extensions ['ignore', 'ignore_ament_install']
[0.771s] Level 1:colcon.colcon_core.package_identification:_identify(src/hw5code/build) by extension 'ignore'
[0.771s] Level 1:colcon.colcon_core.package_identification:_identify(src/hw5code/build) ignored
[0.771s] Level 1:colcon.colcon_core.package_identification:_identify(src/hw5code/hw5code) by extensions ['ignore', 'ignore_ament_install']
[0.771s] Level 1:colcon.colcon_core.package_identification:_identify(src/hw5code/hw5code) by extension 'ignore'
[0.771s] Level 1:colcon.colcon_core.package_identification:_identify(src/hw5code/hw5code) by extension 'ignore_ament_install'
[0.771s] Level 1:colcon.colcon_core.package_identification:_identify(src/hw5code/hw5code) by extensions ['colcon_pkg']
[0.771s] Level 1:colcon.colcon_core.package_identification:_identify(src/hw5code/hw5code) by extension 'colcon_pkg'
[0.771s] Level 1:colcon.colcon_core.package_identification:_identify(src/hw5code/hw5code) by extensions ['colcon_meta']
[0.771s] Level 1:colcon.colcon_core.package_identification:_identify(src/hw5code/hw5code) by extension 'colcon_meta'
[0.771s] Level 1:colcon.colcon_core.package_identification:_identify(src/hw5code/hw5code) by extensions ['ros']
[0.771s] Level 1:colcon.colcon_core.package_identification:_identify(src/hw5code/hw5code) by extension 'ros'
[0.773s] DEBUG:colcon.colcon_core.package_identification:Package 'src/hw5code/hw5code' with type 'ros.ament_python' and name 'hw5code'
[0.773s] Level 1:colcon.colcon_core.package_identification:_identify(src/hw5code/install) by extensions ['ignore', 'ignore_ament_install']
[0.773s] Level 1:colcon.colcon_core.package_identification:_identify(src/hw5code/install) by extension 'ignore'
[0.773s] Level 1:colcon.colcon_core.package_identification:_identify(src/hw5code/install) ignored
[0.773s] Level 1:colcon.colcon_core.package_identification:_identify(src/hw5code/log) by extensions ['ignore', 'ignore_ament_install']
[0.773s] Level 1:colcon.colcon_core.package_identification:_identify(src/hw5code/log) by extension 'ignore'
[0.773s] Level 1:colcon.colcon_core.package_identification:_identify(src/hw5code/log) ignored
[0.773s] Level 1:colcon.colcon_core.package_identification:_identify(src/hw6code) by extensions ['ignore', 'ignore_ament_install']
[0.774s] Level 1:colcon.colcon_core.package_identification:_identify(src/hw6code) by extension 'ignore'
[0.774s] Level 1:colcon.colcon_core.package_identification:_identify(src/hw6code) by extension 'ignore_ament_install'
[0.774s] Level 1:colcon.colcon_core.package_identification:_identify(src/hw6code) by extensions ['colcon_pkg']
[0.774s] Level 1:colcon.colcon_core.package_identification:_identify(src/hw6code) by extension 'colcon_pkg'
[0.774s] Level 1:colcon.colcon_core.package_identification:_identify(src/hw6code) by extensions ['colcon_meta']
[0.774s] Level 1:colcon.colcon_core.package_identification:_identify(src/hw6code) by extension 'colcon_meta'
[0.774s] Level 1:colcon.colcon_core.package_identification:_identify(src/hw6code) by extensions ['ros']
[0.774s] Level 1:colcon.colcon_core.package_identification:_identify(src/hw6code) by extension 'ros'
[0.775s] DEBUG:colcon.colcon_core.package_identification:Package 'src/hw6code' with type 'ros.ament_python' and name 'hw6code'
[0.775s] Level 1:colcon.colcon_core.package_discovery:discover_packages(recursive) using defaults
[0.776s] Level 1:colcon.colcon_core.package_discovery:discover_packages(ignore) discover
[0.776s] Level 1:colcon.colcon_core.package_discovery:discover_packages(ignore) using defaults
[0.776s] Level 1:colcon.colcon_core.package_discovery:discover_packages(path) discover
[0.776s] Level 1:colcon.colcon_core.package_discovery:discover_packages(path) using defaults
[0.830s] Level 1:colcon.colcon_core.package_discovery:discover_packages(prefix_path) check parameters
[0.830s] Level 1:colcon.colcon_core.package_discovery:discover_packages(prefix_path) discover
[0.835s] DEBUG:colcon.colcon_installed_package_information.package_discovery:Found 5 installed packages in /home/hope/133final/install
[0.837s] DEBUG:colcon.colcon_installed_package_information.package_discovery:Found 9 installed packages in /home/hope/133ws/install
[0.842s] DEBUG:colcon.colcon_installed_package_information.package_discovery:Found 399 installed packages in /opt/ros/humble
[0.846s] Level 1:colcon.colcon_core.package_discovery:discover_packages(prefix_path) using defaults
[0.978s] Level 5:colcon.colcon_core.verb:set package 'atlas_description' build argument 'cmake_args' from command line to 'None'
[0.978s] Level 5:colcon.colcon_core.verb:set package 'atlas_description' build argument 'cmake_target' from command line to 'None'
[0.978s] Level 5:colcon.colcon_core.verb:set package 'atlas_description' build argument 'cmake_target_skip_unavailable' from command line to 'False'
[0.979s] Level 5:colcon.colcon_core.verb:set package 'atlas_description' build argument 'cmake_clean_cache' from command line to 'False'
[0.979s] Level 5:colcon.colcon_core.verb:set package 'atlas_description' build argument 'cmake_clean_first' from command line to 'False'
[0.979s] Level 5:colcon.colcon_core.verb:set package 'atlas_description' build argument 'cmake_force_configure' from command line to 'False'
[0.979s] Level 5:colcon.colcon_core.verb:set package 'atlas_description' build argument 'ament_cmake_args' from command line to 'None'
[0.979s] Level 5:colcon.colcon_core.verb:set package 'atlas_description' build argument 'catkin_cmake_args' from command line to 'None'
[0.979s] Level 5:colcon.colcon_core.verb:set package 'atlas_description' build argument 'catkin_skip_building_tests' from command line to 'False'
[0.979s] DEBUG:colcon.colcon_core.verb:Building package 'atlas_description' with the following arguments: {'ament_cmake_args': None, 'build_base': '/home/hope/133final/build/atlas_description', 'catkin_cmake_args': None, 'catkin_skip_building_tests': False, 'cmake_args': None, 'cmake_clean_cache': False, 'cmake_clean_first': False, 'cmake_force_configure': False, 'cmake_target': None, 'cmake_target_skip_unavailable': False, 'install_base': '/home/hope/133final/install/atlas_description', 'merge_install': False, 'path': '/home/hope/133final/src/atlas_description', 'symlink_install': True, 'test_result_base': None}
[0.981s] Level 5:colcon.colcon_core.verb:set package 'gazebodemo' build argument 'cmake_args' from command line to 'None'
[0.981s] Level 5:colcon.colcon_core.verb:set package 'gazebodemo' build argument 'cmake_target' from command line to 'None'
[0.981s] Level 5:colcon.colcon_core.verb:set package 'gazebodemo' build argument 'cmake_target_skip_unavailable' from command line to 'False'
[0.981s] Level 5:colcon.colcon_core.verb:set package 'gazebodemo' build argument 'cmake_clean_cache' from command line to 'False'
[0.981s] Level 5:colcon.colcon_core.verb:set package 'gazebodemo' build argument 'cmake_clean_first' from command line to 'False'
[0.981s] Level 5:colcon.colcon_core.verb:set package 'gazebodemo' build argument 'cmake_force_configure' from command line to 'False'
[0.981s] Level 5:colcon.colcon_core.verb:set package 'gazebodemo' build argument 'ament_cmake_args' from command line to 'None'
[0.981s] Level 5:colcon.colcon_core.verb:set package 'gazebodemo' build argument 'catkin_cmake_args' from command line to 'None'
[0.981s] Level 5:colcon.colcon_core.verb:set package 'gazebodemo' build argument 'catkin_skip_building_tests' from command line to 'False'
[0.981s] DEBUG:colcon.colcon_core.verb:Building package 'gazebodemo' with the following arguments: {'ament_cmake_args': None, 'build_base': '/home/hope/133final/build/gazebodemo', 'catkin_cmake_args': None, 'catkin_skip_building_tests': False, 'cmake_args': None, 'cmake_clean_cache': False, 'cmake_clean_first': False, 'cmake_force_configure': False, 'cmake_target': None, 'cmake_target_skip_unavailable': False, 'install_base': '/home/hope/133final/install/gazebodemo', 'merge_install': False, 'path': '/home/hope/133final/src/gazebodemo/gazebodemo', 'symlink_install': True, 'test_result_base': None}
[0.983s] Level 5:colcon.colcon_core.verb:set package 'hw4code' build argument 'cmake_args' from command line to 'None'
[0.983s] Level 5:colcon.colcon_core.verb:set package 'hw4code' build argument 'cmake_target' from command line to 'None'
[0.983s] Level 5:colcon.colcon_core.verb:set package 'hw4code' build argument 'cmake_target_skip_unavailable' from command line to 'False'
[0.983s] Level 5:colcon.colcon_core.verb:set package 'hw4code' build argument 'cmake_clean_cache' from command line to 'False'
[0.983s] Level 5:colcon.colcon_core.verb:set package 'hw4code' build argument 'cmake_clean_first' from command line to 'False'
[0.983s] Level 5:colcon.colcon_core.verb:set package 'hw4code' build argument 'cmake_force_configure' from command line to 'False'
[0.983s] Level 5:colcon.colcon_core.verb:set package 'hw4code' build argument 'ament_cmake_args' from command line to 'None'
[0.983s] Level 5:colcon.colcon_core.verb:set package 'hw4code' build argument 'catkin_cmake_args' from command line to 'None'
[0.983s] Level 5:colcon.colcon_core.verb:set package 'hw4code' build argument 'catkin_skip_building_tests' from command line to 'False'
[0.984s] DEBUG:colcon.colcon_core.verb:Building package 'hw4code' with the following arguments: {'ament_cmake_args': None, 'build_base': '/home/hope/133final/build/hw4code', 'catkin_cmake_args': None, 'catkin_skip_building_tests': False, 'cmake_args': None, 'cmake_clean_cache': False, 'cmake_clean_first': False, 'cmake_force_configure': False, 'cmake_target': None, 'cmake_target_skip_unavailable': False, 'install_base': '/home/hope/133final/install/hw4code', 'merge_install': False, 'path': '/home/hope/133final/src/hw4code', 'symlink_install': True, 'test_result_base': None}
[0.986s] Level 5:colcon.colcon_core.verb:set package 'hw5code' build argument 'cmake_args' from command line to 'None'
[0.986s] Level 5:colcon.colcon_core.verb:set package 'hw5code' build argument 'cmake_target' from command line to 'None'
[0.986s] Level 5:colcon.colcon_core.verb:set package 'hw5code' build argument 'cmake_target_skip_unavailable' from command line to 'False'
[0.986s] Level 5:colcon.colcon_core.verb:set package 'hw5code' build argument 'cmake_clean_cache' from command line to 'False'
[0.986s] Level 5:colcon.colcon_core.verb:set package 'hw5code' build argument 'cmake_clean_first' from command line to 'False'
[0.986s] Level 5:colcon.colcon_core.verb:set package 'hw5code' build argument 'cmake_force_configure' from command line to 'False'
[0.986s] Level 5:colcon.colcon_core.verb:set package 'hw5code' build argument 'ament_cmake_args' from command line to 'None'
[0.986s] Level 5:colcon.colcon_core.verb:set package 'hw5code' build argument 'catkin_cmake_args' from command line to 'None'
[0.986s] Level 5:colcon.colcon_core.verb:set package 'hw5code' build argument 'catkin_skip_building_tests' from command line to 'False'
[0.986s] DEBUG:colcon.colcon_core.verb:Building package 'hw5code' with the following arguments: {'ament_cmake_args': None, 'build_base': '/home/hope/133final/build/hw5code', 'catkin_cmake_args': None, 'catkin_skip_building_tests': False, 'cmake_args': None, 'cmake_clean_cache': False, 'cmake_clean_first': False, 'cmake_force_configure': False, 'cmake_target': None, 'cmake_target_skip_unavailable': False, 'install_base': '/home/hope/133final/install/hw5code', 'merge_install': False, 'path': '/home/hope/133final/src/hw5code/hw5code', 'symlink_install': True, 'test_result_base': None}
[0.988s] Level 5:colcon.colcon_core.verb:set package 'hw6code' build argument 'cmake_args' from command line to 'None'
[0.988s] Level 5:colcon.colcon_core.verb:set package 'hw6code' build argument 'cmake_target' from command line to 'None'
[0.988s] Level 5:colcon.colcon_core.verb:set package 'hw6code' build argument 'cmake_target_skip_unavailable' from command line to 'False'
[0.988s] Level 5:colcon.colcon_core.verb:set package 'hw6code' build argument 'cmake_clean_cache' from command line to 'False'
[0.988s] Level 5:colcon.colcon_core.verb:set package 'hw6code' build argument 'cmake_clean_first' from command line to 'False'
[0.988s] Level 5:colcon.colcon_core.verb:set package 'hw6code' build argument 'cmake_force_configure' from command line to 'False'
[0.988s] Level 5:colcon.colcon_core.verb:set package 'hw6code' build argument 'ament_cmake_args' from command line to 'None'
[0.988s] Level 5:colcon.colcon_core.verb:set package 'hw6code' build argument 'catkin_cmake_args' from command line to 'None'
[0.988s] Level 5:colcon.colcon_core.verb:set package 'hw6code' build argument 'catkin_skip_building_tests' from command line to 'False'
[0.988s] DEBUG:colcon.colcon_core.verb:Building package 'hw6code' with the following arguments: {'ament_cmake_args': None, 'build_base': '/home/hope/133final/build/hw6code', 'catkin_cmake_args': None, 'catkin_skip_building_tests': False, 'cmake_args': None, 'cmake_clean_cache': False, 'cmake_clean_first': False, 'cmake_force_configure': False, 'cmake_target': None, 'cmake_target_skip_unavailable': False, 'install_base': '/home/hope/133final/install/hw6code', 'merge_install': False, 'path': '/home/hope/133final/src/hw6code', 'symlink_install': True, 'test_result_base': None}
[0.989s] INFO:colcon.colcon_core.executor:Executing jobs using 'parallel' executor
[0.997s] DEBUG:colcon.colcon_parallel_executor.executor.parallel:run_until_complete
[0.998s] INFO:colcon.colcon_ros.task.ament_cmake.build:Building ROS package in '/home/hope/133final/src/atlas_description' with build type 'ament_cmake'
[0.998s] INFO:colcon.colcon_cmake.task.cmake.build:Building CMake package in '/home/hope/133final/src/atlas_description'
[1.006s] INFO:colcon.colcon_core.plugin_system:Skipping extension 'colcon_core.shell.bat': Not used on non-Windows systems
[1.006s] INFO:colcon.colcon_core.shell:Skip shell extension 'powershell' for command environment: Not usable outside of PowerShell
[1.006s] DEBUG:colcon.colcon_core.shell:Skip shell extension 'dsv' for command environment
[1.019s] INFO:colcon.colcon_ros.task.ament_python.build:Building ROS package in '/home/hope/133final/src/gazebodemo/gazebodemo' with build type 'ament_python'
[1.019s] Level 1:colcon.colcon_core.shell:create_environment_hook('gazebodemo', 'ament_prefix_path')
[1.022s] INFO:colcon.colcon_core.shell:Creating environment hook '/home/hope/133final/install/gazebodemo/share/gazebodemo/hook/ament_prefix_path.ps1'
[1.031s] INFO:colcon.colcon_core.shell:Creating environment descriptor '/home/hope/133final/install/gazebodemo/share/gazebodemo/hook/ament_prefix_path.dsv'
[1.032s] INFO:colcon.colcon_core.shell:Creating environment hook '/home/hope/133final/install/gazebodemo/share/gazebodemo/hook/ament_prefix_path.sh'
[1.036s] INFO:colcon.colcon_core.shell:Skip shell extension 'powershell' for command environment: Not usable outside of PowerShell
[1.036s] DEBUG:colcon.colcon_core.shell:Skip shell extension 'dsv' for command environment
[1.047s] INFO:colcon.colcon_ros.task.ament_python.build:Building ROS package in '/home/hope/133final/src/hw4code' with build type 'ament_python'
[1.047s] Level 1:colcon.colcon_core.shell:create_environment_hook('hw4code', 'ament_prefix_path')
[1.050s] INFO:colcon.colcon_core.shell:Creating environment hook '/home/hope/133final/install/hw4code/share/hw4code/hook/ament_prefix_path.ps1'
[1.052s] INFO:colcon.colcon_core.shell:Creating environment descriptor '/home/hope/133final/install/hw4code/share/hw4code/hook/ament_prefix_path.dsv'
[1.052s] INFO:colcon.colcon_core.shell:Creating environment hook '/home/hope/133final/install/hw4code/share/hw4code/hook/ament_prefix_path.sh'
[1.056s] INFO:colcon.colcon_core.shell:Skip shell extension 'powershell' for command environment: Not usable outside of PowerShell
[1.056s] DEBUG:colcon.colcon_core.shell:Skip shell extension 'dsv' for command environment
[1.073s] INFO:colcon.colcon_ros.task.ament_python.build:Building ROS package in '/home/hope/133final/src/hw5code/hw5code' with build type 'ament_python'
[1.073s] Level 1:colcon.colcon_core.shell:create_environment_hook('hw5code', 'ament_prefix_path')
[1.077s] INFO:colcon.colcon_core.shell:Creating environment hook '/home/hope/133final/install/hw5code/share/hw5code/hook/ament_prefix_path.ps1'
[1.078s] INFO:colcon.colcon_core.shell:Creating environment descriptor '/home/hope/133final/install/hw5code/share/hw5code/hook/ament_prefix_path.dsv'
[1.079s] INFO:colcon.colcon_core.shell:Creating environment hook '/home/hope/133final/install/hw5code/share/hw5code/hook/ament_prefix_path.sh'
[1.082s] INFO:colcon.colcon_core.shell:Skip shell extension 'powershell' for command environment: Not usable outside of PowerShell
[1.082s] DEBUG:colcon.colcon_core.shell:Skip shell extension 'dsv' for command environment
[1.095s] INFO:colcon.colcon_ros.task.ament_python.build:Building ROS package in '/home/hope/133final/src/hw6code' with build type 'ament_python'
[1.096s] Level 1:colcon.colcon_core.shell:create_environment_hook('hw6code', 'ament_prefix_path')
[1.099s] INFO:colcon.colcon_core.shell:Creating environment hook '/home/hope/133final/install/hw6code/share/hw6code/hook/ament_prefix_path.ps1'
[1.101s] INFO:colcon.colcon_core.shell:Creating environment descriptor '/home/hope/133final/install/hw6code/share/hw6code/hook/ament_prefix_path.dsv'
[1.102s] INFO:colcon.colcon_core.shell:Creating environment hook '/home/hope/133final/install/hw6code/share/hw6code/hook/ament_prefix_path.sh'
[1.106s] INFO:colcon.colcon_core.shell:Skip shell extension 'powershell' for command environment: Not usable outside of PowerShell
[1.106s] DEBUG:colcon.colcon_core.shell:Skip shell extension 'dsv' for command environment
[1.140s] DEBUG:colcon.colcon_core.event_handler.log_command:Invoking command in '/home/hope/133final/build/atlas_description': CMAKE_PREFIX_PATH=${CMAKE_PREFIX_PATH}:/home/hope/133final/install/hw6code:/home/hope/133final/install/hw5code:/home/hope/133final/install/hw4code:/home/hope/133final/install/gazebodemo:/home/hope/133ws/install/ungrounded:/home/hope/133ws/install/hwsols:/home/hope/133ws/install/hw7code:/home/hope/133ws/install/hw6code:/home/hope/133ws/install/hw5code:/home/hope/133ws/install/hw4code:/home/hope/133ws/install/hw3code:/home/hope/133ws/install/gazebodemo:/opt/ros/humble /usr/bin/cmake --build /home/hope/133final/build/atlas_description -- -j6 -l6
[1.707s] INFO:colcon.colcon_core.task.python.build:Building Python package in '/home/hope/133final/src/gazebodemo/gazebodemo'
[1.710s] INFO:colcon.colcon_core.shell:Skip shell extension 'powershell' for command environment: Not usable outside of PowerShell
[1.710s] DEBUG:colcon.colcon_core.shell:Skip shell extension 'dsv' for command environment
[2.253s] INFO:colcon.colcon_core.task.python.build:Building Python package in '/home/hope/133final/src/hw4code'
[2.256s] INFO:colcon.colcon_core.shell:Skip shell extension 'powershell' for command environment: Not usable outside of PowerShell
[2.256s] DEBUG:colcon.colcon_core.shell:Skip shell extension 'dsv' for command environment
[2.769s] INFO:colcon.colcon_core.task.python.build:Building Python package in '/home/hope/133final/src/hw5code/hw5code'
[2.771s] INFO:colcon.colcon_core.shell:Skip shell extension 'powershell' for command environment: Not usable outside of PowerShell
[2.771s] DEBUG:colcon.colcon_core.shell:Skip shell extension 'dsv' for command environment
[3.279s] INFO:colcon.colcon_core.task.python.build:Building Python package in '/home/hope/133final/src/hw6code'
[3.282s] INFO:colcon.colcon_core.shell:Skip shell extension 'powershell' for command environment: Not usable outside of PowerShell
[3.282s] DEBUG:colcon.colcon_core.shell:Skip shell extension 'dsv' for command environment
[3.296s] DEBUG:colcon.colcon_core.event_handler.log_command:Invoked command in '/home/hope/133final/build/atlas_description' returned '0': CMAKE_PREFIX_PATH=${CMAKE_PREFIX_PATH}:/home/hope/133final/install/hw6code:/home/hope/133final/install/hw5code:/home/hope/133final/install/hw4code:/home/hope/133final/install/gazebodemo:/home/hope/133ws/install/ungrounded:/home/hope/133ws/install/hwsols:/home/hope/133ws/install/hw7code:/home/hope/133ws/install/hw6code:/home/hope/133ws/install/hw5code:/home/hope/133ws/install/hw4code:/home/hope/133ws/install/hw3code:/home/hope/133ws/install/gazebodemo:/opt/ros/humble /usr/bin/cmake --build /home/hope/133final/build/atlas_description -- -j6 -l6
[3.347s] DEBUG:colcon.colcon_core.event_handler.log_command:Invoking command in '/home/hope/133final/build/atlas_description': CMAKE_PREFIX_PATH=${CMAKE_PREFIX_PATH}:/home/hope/133final/install/hw6code:/home/hope/133final/install/hw5code:/home/hope/133final/install/hw4code:/home/hope/133final/install/gazebodemo:/home/hope/133ws/install/ungrounded:/home/hope/133ws/install/hwsols:/home/hope/133ws/install/hw7code:/home/hope/133ws/install/hw6code:/home/hope/133ws/install/hw5code:/home/hope/133ws/install/hw4code:/home/hope/133ws/install/hw3code:/home/hope/133ws/install/gazebodemo:/opt/ros/humble /usr/bin/cmake --install /home/hope/133final/build/atlas_description
[3.392s] Level 1:colcon.colcon_core.environment:create_environment_scripts_only(atlas_description)
[3.393s] DEBUG:colcon.colcon_core.event_handler.log_command:Invoked command in '/home/hope/133final/build/atlas_description' returned '0': CMAKE_PREFIX_PATH=${CMAKE_PREFIX_PATH}:/home/hope/133final/install/hw6code:/home/hope/133final/install/hw5code:/home/hope/133final/install/hw4code:/home/hope/133final/install/gazebodemo:/home/hope/133ws/install/ungrounded:/home/hope/133ws/install/hwsols:/home/hope/133ws/install/hw7code:/home/hope/133ws/install/hw6code:/home/hope/133ws/install/hw5code:/home/hope/133ws/install/hw4code:/home/hope/133ws/install/hw3code:/home/hope/133ws/install/gazebodemo:/opt/ros/humble /usr/bin/cmake --install /home/hope/133final/build/atlas_description
[3.403s] Level 1:colcon.colcon_core.environment:checking '/home/hope/133final/install/atlas_description' for CMake module files
[3.404s] Level 1:colcon.colcon_core.environment:checking '/home/hope/133final/install/atlas_description' for CMake config files
[3.405s] Level 1:colcon.colcon_core.shell:create_environment_hook('atlas_description', 'cmake_prefix_path')
[3.408s] INFO:colcon.colcon_core.shell:Creating environment hook '/home/hope/133final/install/atlas_description/share/atlas_description/hook/cmake_prefix_path.ps1'
[3.409s] INFO:colcon.colcon_core.shell:Creating environment descriptor '/home/hope/133final/install/atlas_description/share/atlas_description/hook/cmake_prefix_path.dsv'
[3.409s] INFO:colcon.colcon_core.shell:Creating environment hook '/home/hope/133final/install/atlas_description/share/atlas_description/hook/cmake_prefix_path.sh'
[3.411s] Level 1:colcon.colcon_core.environment:checking '/home/hope/133final/install/atlas_description/bin'
[3.411s] Level 1:colcon.colcon_core.environment:checking '/home/hope/133final/install/atlas_description/lib/pkgconfig/atlas_description.pc'
[3.411s] Level 1:colcon.colcon_core.environment:checking '/home/hope/133final/install/atlas_description/lib/python3.10/site-packages'
[3.412s] Level 1:colcon.colcon_core.environment:checking '/home/hope/133final/install/atlas_description/bin'
[3.415s] INFO:colcon.colcon_core.shell:Creating package script '/home/hope/133final/install/atlas_description/share/atlas_description/package.ps1'
[3.417s] INFO:colcon.colcon_core.shell:Creating package descriptor '/home/hope/133final/install/atlas_description/share/atlas_description/package.dsv'
[3.418s] INFO:colcon.colcon_core.shell:Creating package script '/home/hope/133final/install/atlas_description/share/atlas_description/package.sh'
[3.420s] INFO:colcon.colcon_core.shell:Creating package script '/home/hope/133final/install/atlas_description/share/atlas_description/package.bash'
[3.422s] INFO:colcon.colcon_core.shell:Creating package script '/home/hope/133final/install/atlas_description/share/atlas_description/package.zsh'
[3.423s] Level 1:colcon.colcon_core.environment:create_file_with_runtime_dependencies(/home/hope/133final/install/atlas_description/share/colcon-core/packages/atlas_description)
[3.466s] Level 1:colcon.colcon_core.environment:create_environment_scripts_only(atlas_description)
[3.471s] Level 1:colcon.colcon_core.environment:checking '/home/hope/133final/install/atlas_description' for CMake module files
[3.472s] Level 1:colcon.colcon_core.environment:checking '/home/hope/133final/install/atlas_description' for CMake config files
[3.473s] Level 1:colcon.colcon_core.shell:create_environment_hook('atlas_description', 'cmake_prefix_path')
[3.477s] INFO:colcon.colcon_core.shell:Creating environment hook '/home/hope/133final/install/atlas_description/share/atlas_description/hook/cmake_prefix_path.ps1'
[3.477s] INFO:colcon.colcon_core.shell:Creating environment descriptor '/home/hope/133final/install/atlas_description/share/atlas_description/hook/cmake_prefix_path.dsv'
[3.478s] INFO:colcon.colcon_core.shell:Creating environment hook '/home/hope/133final/install/atlas_description/share/atlas_description/hook/cmake_prefix_path.sh'
[3.479s] Level 1:colcon.colcon_core.environment:checking '/home/hope/133final/install/atlas_description/bin'
[3.479s] Level 1:colcon.colcon_core.environment:checking '/home/hope/133final/install/atlas_description/lib/pkgconfig/atlas_description.pc'
[3.479s] Level 1:colcon.colcon_core.environment:checking '/home/hope/133final/install/atlas_description/lib/python3.10/site-packages'
[3.480s] Level 1:colcon.colcon_core.environment:checking '/home/hope/133final/install/atlas_description/bin'
[3.483s] INFO:colcon.colcon_core.shell:Creating package script '/home/hope/133final/install/atlas_description/share/atlas_description/package.ps1'
[3.484s] INFO:colcon.colcon_core.shell:Creating package descriptor '/home/hope/133final/install/atlas_description/share/atlas_description/package.dsv'
[3.485s] INFO:colcon.colcon_core.shell:Creating package script '/home/hope/133final/install/atlas_description/share/atlas_description/package.sh'
[3.486s] INFO:colcon.colcon_core.shell:Creating package script '/home/hope/133final/install/atlas_description/share/atlas_description/package.bash'
[3.486s] INFO:colcon.colcon_core.shell:Creating package script '/home/hope/133final/install/atlas_description/share/atlas_description/package.zsh'
[3.487s] Level 1:colcon.colcon_core.environment:create_file_with_runtime_dependencies(/home/hope/133final/install/atlas_description/share/colcon-core/packages/atlas_description)
[4.046s] DEBUG:colcon.colcon_core.event_handler.log_command:Invoking command in '/home/hope/133final/build/gazebodemo': PYTHONPATH=/home/hope/133final/install/gazebodemo/lib/python3.10/site-packages:${PYTHONPATH} /usr/bin/python3 setup.py develop --prefix /home/hope/133final/install/gazebodemo --editable --build-directory /home/hope/133final/build/gazebodemo/build --no-deps install_data --install-dir /home/hope/133final/install/gazebodemo
[4.087s] DEBUG:colcon.colcon_core.event_handler.log_command:Invoking command in '/home/hope/133final/build/hw6code': PYTHONPATH=/home/hope/133final/install/hw6code/lib/python3.10/site-packages:${PYTHONPATH} /usr/bin/python3 setup.py develop --prefix /home/hope/133final/install/hw6code --editable --build-directory /home/hope/133final/build/hw6code/build --no-deps install_data --install-dir /home/hope/133final/install/hw6code
[4.100s] DEBUG:colcon.colcon_core.event_handler.log_command:Invoking command in '/home/hope/133final/build/hw5code': PYTHONPATH=/home/hope/133final/install/hw5code/lib/python3.10/site-packages:${PYTHONPATH} /usr/bin/python3 setup.py develop --prefix /home/hope/133final/install/hw5code --editable --build-directory /home/hope/133final/build/hw5code/build --no-deps install_data --install-dir /home/hope/133final/install/hw5code
[4.110s] DEBUG:colcon.colcon_core.event_handler.log_command:Invoking command in '/home/hope/133final/build/hw4code': PYTHONPATH=/home/hope/133final/install/hw4code/lib/python3.10/site-packages:${PYTHONPATH} /usr/bin/python3 setup.py develop --prefix /home/hope/133final/install/hw4code --editable --build-directory /home/hope/133final/build/hw4code/build --no-deps install_data --install-dir /home/hope/133final/install/hw4code
[5.113s] Level 1:colcon.colcon_core.shell:create_environment_hook('gazebodemo', 'pythonpath_develop')
[5.115s] INFO:colcon.colcon_core.shell:Creating environment hook '/home/hope/133final/build/gazebodemo/share/gazebodemo/hook/pythonpath_develop.ps1'
[5.116s] DEBUG:colcon.colcon_core.event_handler.log_command:Invoked command in '/home/hope/133final/build/gazebodemo' returned '0': PYTHONPATH=/home/hope/133final/install/gazebodemo/lib/python3.10/site-packages:${PYTHONPATH} /usr/bin/python3 setup.py develop --prefix /home/hope/133final/install/gazebodemo --editable --build-directory /home/hope/133final/build/gazebodemo/build --no-deps install_data --install-dir /home/hope/133final/install/gazebodemo
[5.117s] INFO:colcon.colcon_core.shell:Creating environment descriptor '/home/hope/133final/build/gazebodemo/share/gazebodemo/hook/pythonpath_develop.dsv'
[5.118s] INFO:colcon.colcon_core.shell:Creating environment hook '/home/hope/133final/build/gazebodemo/share/gazebodemo/hook/pythonpath_develop.sh'
[5.123s] Level 1:colcon.colcon_core.environment:checking '/home/hope/133final/install/gazebodemo' for CMake module files
[5.124s] Level 1:colcon.colcon_core.environment:checking '/home/hope/133final/install/gazebodemo' for CMake config files
[5.125s] Level 1:colcon.colcon_core.environment:checking '/home/hope/133final/install/gazebodemo/lib'
[5.125s] Level 1:colcon.colcon_core.environment:checking '/home/hope/133final/install/gazebodemo/bin'
[5.125s] Level 1:colcon.colcon_core.environment:checking '/home/hope/133final/install/gazebodemo/lib/pkgconfig/gazebodemo.pc'
[5.126s] Level 1:colcon.colcon_core.environment:checking '/home/hope/133final/install/gazebodemo/lib/python3.10/site-packages'
[5.126s] Level 1:colcon.colcon_core.shell:create_environment_hook('gazebodemo', 'pythonpath')
[5.129s] INFO:colcon.colcon_core.shell:Creating environment hook '/home/hope/133final/install/gazebodemo/share/gazebodemo/hook/pythonpath.ps1'
[5.132s] INFO:colcon.colcon_core.shell:Creating environment descriptor '/home/hope/133final/install/gazebodemo/share/gazebodemo/hook/pythonpath.dsv'
[5.132s] INFO:colcon.colcon_core.shell:Creating environment hook '/home/hope/133final/install/gazebodemo/share/gazebodemo/hook/pythonpath.sh'
[5.133s] Level 1:colcon.colcon_core.environment:checking '/home/hope/133final/install/gazebodemo/bin'
[5.134s] Level 1:colcon.colcon_core.environment:create_environment_scripts_only(gazebodemo)
[5.137s] INFO:colcon.colcon_core.shell:Creating package script '/home/hope/133final/install/gazebodemo/share/gazebodemo/package.ps1'
[5.141s] INFO:colcon.colcon_core.shell:Creating package descriptor '/home/hope/133final/install/gazebodemo/share/gazebodemo/package.dsv'
[5.145s] INFO:colcon.colcon_core.shell:Creating package script '/home/hope/133final/install/gazebodemo/share/gazebodemo/package.sh'
[5.148s] INFO:colcon.colcon_core.shell:Creating package script '/home/hope/133final/install/gazebodemo/share/gazebodemo/package.bash'
[5.149s] INFO:colcon.colcon_core.shell:Creating package script '/home/hope/133final/install/gazebodemo/share/gazebodemo/package.zsh'
[5.149s] Level 1:colcon.colcon_core.environment:create_file_with_runtime_dependencies(/home/hope/133final/install/gazebodemo/share/colcon-core/packages/gazebodemo)
[5.156s] Level 1:colcon.colcon_core.shell:create_environment_hook('hw6code', 'pythonpath_develop')
[5.159s] INFO:colcon.colcon_core.shell:Creating environment hook '/home/hope/133final/build/hw6code/share/hw6code/hook/pythonpath_develop.ps1'
[5.162s] DEBUG:colcon.colcon_core.event_handler.log_command:Invoked command in '/home/hope/133final/build/hw6code' returned '0': PYTHONPATH=/home/hope/133final/install/hw6code/lib/python3.10/site-packages:${PYTHONPATH} /usr/bin/python3 setup.py develop --prefix /home/hope/133final/install/hw6code --editable --build-directory /home/hope/133final/build/hw6code/build --no-deps install_data --install-dir /home/hope/133final/install/hw6code
[5.162s] INFO:colcon.colcon_core.shell:Creating environment descriptor '/home/hope/133final/build/hw6code/share/hw6code/hook/pythonpath_develop.dsv'
[5.162s] INFO:colcon.colcon_core.shell:Creating environment hook '/home/hope/133final/build/hw6code/share/hw6code/hook/pythonpath_develop.sh'
[5.174s] Level 1:colcon.colcon_core.environment:checking '/home/hope/133final/install/hw6code' for CMake module files
[5.175s] Level 1:colcon.colcon_core.environment:checking '/home/hope/133final/install/hw6code' for CMake config files
[5.175s] Level 1:colcon.colcon_core.environment:checking '/home/hope/133final/install/hw6code/lib'
[5.176s] Level 1:colcon.colcon_core.environment:checking '/home/hope/133final/install/hw6code/bin'
[5.176s] Level 1:colcon.colcon_core.environment:checking '/home/hope/133final/install/hw6code/lib/pkgconfig/hw6code.pc'
[5.176s] Level 1:colcon.colcon_core.environment:checking '/home/hope/133final/install/hw6code/lib/python3.10/site-packages'
[5.176s] Level 1:colcon.colcon_core.shell:create_environment_hook('hw6code', 'pythonpath')
[5.179s] INFO:colcon.colcon_core.shell:Creating environment hook '/home/hope/133final/install/hw6code/share/hw6code/hook/pythonpath.ps1'
[5.180s] INFO:colcon.colcon_core.shell:Creating environment descriptor '/home/hope/133final/install/hw6code/share/hw6code/hook/pythonpath.dsv'
[5.181s] INFO:colcon.colcon_core.shell:Creating environment hook '/home/hope/133final/install/hw6code/share/hw6code/hook/pythonpath.sh'
[5.182s] Level 1:colcon.colcon_core.environment:checking '/home/hope/133final/install/hw6code/bin'
[5.182s] Level 1:colcon.colcon_core.environment:create_environment_scripts_only(hw6code)
[5.186s] INFO:colcon.colcon_core.shell:Creating package script '/home/hope/133final/install/hw6code/share/hw6code/package.ps1'
[5.187s] INFO:colcon.colcon_core.shell:Creating package descriptor '/home/hope/133final/install/hw6code/share/hw6code/package.dsv'
[5.188s] INFO:colcon.colcon_core.shell:Creating package script '/home/hope/133final/install/hw6code/share/hw6code/package.sh'
[5.189s] INFO:colcon.colcon_core.shell:Creating package script '/home/hope/133final/install/hw6code/share/hw6code/package.bash'
[5.189s] INFO:colcon.colcon_core.shell:Creating package script '/home/hope/133final/install/hw6code/share/hw6code/package.zsh'
[5.190s] Level 1:colcon.colcon_core.environment:create_file_with_runtime_dependencies(/home/hope/133final/install/hw6code/share/colcon-core/packages/hw6code)
[5.204s] Level 1:colcon.colcon_core.shell:create_environment_hook('hw5code', 'pythonpath_develop')
[5.207s] INFO:colcon.colcon_core.shell:Creating environment hook '/home/hope/133final/build/hw5code/share/hw5code/hook/pythonpath_develop.ps1'
[5.208s] DEBUG:colcon.colcon_core.event_handler.log_command:Invoked command in '/home/hope/133final/build/hw5code' returned '0': PYTHONPATH=/home/hope/133final/install/hw5code/lib/python3.10/site-packages:${PYTHONPATH} /usr/bin/python3 setup.py develop --prefix /home/hope/133final/install/hw5code --editable --build-directory /home/hope/133final/build/hw5code/build --no-deps install_data --install-dir /home/hope/133final/install/hw5code
[5.208s] INFO:colcon.colcon_core.shell:Creating environment descriptor '/home/hope/133final/build/hw5code/share/hw5code/hook/pythonpath_develop.dsv'
[5.209s] INFO:colcon.colcon_core.shell:Creating environment hook '/home/hope/133final/build/hw5code/share/hw5code/hook/pythonpath_develop.sh'
[5.214s] Level 1:colcon.colcon_core.environment:checking '/home/hope/133final/install/hw5code' for CMake module files
[5.216s] Level 1:colcon.colcon_core.environment:checking '/home/hope/133final/install/hw5code' for CMake config files
[5.217s] Level 1:colcon.colcon_core.environment:checking '/home/hope/133final/install/hw5code/lib'
[5.217s] Level 1:colcon.colcon_core.environment:checking '/home/hope/133final/install/hw5code/bin'
[5.217s] Level 1:colcon.colcon_core.environment:checking '/home/hope/133final/install/hw5code/lib/pkgconfig/hw5code.pc'
[5.218s] Level 1:colcon.colcon_core.environment:checking '/home/hope/133final/install/hw5code/lib/python3.10/site-packages'
[5.218s] Level 1:colcon.colcon_core.shell:create_environment_hook('hw5code', 'pythonpath')
[5.221s] INFO:colcon.colcon_core.shell:Creating environment hook '/home/hope/133final/install/hw5code/share/hw5code/hook/pythonpath.ps1'
[5.222s] INFO:colcon.colcon_core.shell:Creating environment descriptor '/home/hope/133final/install/hw5code/share/hw5code/hook/pythonpath.dsv'
[5.222s] INFO:colcon.colcon_core.shell:Creating environment hook '/home/hope/133final/install/hw5code/share/hw5code/hook/pythonpath.sh'
[5.223s] Level 1:colcon.colcon_core.environment:checking '/home/hope/133final/install/hw5code/bin'
[5.223s] Level 1:colcon.colcon_core.environment:create_environment_scripts_only(hw5code)
[5.227s] INFO:colcon.colcon_core.shell:Creating package script '/home/hope/133final/install/hw5code/share/hw5code/package.ps1'
[5.228s] INFO:colcon.colcon_core.shell:Creating package descriptor '/home/hope/133final/install/hw5code/share/hw5code/package.dsv'
[5.229s] INFO:colcon.colcon_core.shell:Creating package script '/home/hope/133final/install/hw5code/share/hw5code/package.sh'
[5.230s] INFO:colcon.colcon_core.shell:Creating package script '/home/hope/133final/install/hw5code/share/hw5code/package.bash'
[5.230s] INFO:colcon.colcon_core.shell:Creating package script '/home/hope/133final/install/hw5code/share/hw5code/package.zsh'
[5.231s] Level 1:colcon.colcon_core.environment:create_file_with_runtime_dependencies(/home/hope/133final/install/hw5code/share/colcon-core/packages/hw5code)
[5.233s] Level 1:colcon.colcon_core.shell:create_environment_hook('hw4code', 'pythonpath_develop')
[5.236s] INFO:colcon.colcon_core.shell:Creating environment hook '/home/hope/133final/build/hw4code/share/hw4code/hook/pythonpath_develop.ps1'
[5.240s] DEBUG:colcon.colcon_core.event_handler.log_command:Invoked command in '/home/hope/133final/build/hw4code' returned '0': PYTHONPATH=/home/hope/133final/install/hw4code/lib/python3.10/site-packages:${PYTHONPATH} /usr/bin/python3 setup.py develop --prefix /home/hope/133final/install/hw4code --editable --build-directory /home/hope/133final/build/hw4code/build --no-deps install_data --install-dir /home/hope/133final/install/hw4code
[5.240s] INFO:colcon.colcon_core.shell:Creating environment descriptor '/home/hope/133final/build/hw4code/share/hw4code/hook/pythonpath_develop.dsv'
[5.242s] INFO:colcon.colcon_core.shell:Creating environment hook '/home/hope/133final/build/hw4code/share/hw4code/hook/pythonpath_develop.sh'
[5.247s] Level 1:colcon.colcon_core.environment:checking '/home/hope/133final/install/hw4code' for CMake module files
[5.248s] Level 1:colcon.colcon_core.environment:checking '/home/hope/133final/install/hw4code' for CMake config files
[5.248s] Level 1:colcon.colcon_core.environment:checking '/home/hope/133final/install/hw4code/lib'
[5.248s] Level 1:colcon.colcon_core.environment:checking '/home/hope/133final/install/hw4code/bin'
[5.249s] Level 1:colcon.colcon_core.environment:checking '/home/hope/133final/install/hw4code/lib/pkgconfig/hw4code.pc'
[5.249s] Level 1:colcon.colcon_core.environment:checking '/home/hope/133final/install/hw4code/lib/python3.10/site-packages'
[5.249s] Level 1:colcon.colcon_core.shell:create_environment_hook('hw4code', 'pythonpath')
[5.252s] INFO:colcon.colcon_core.shell:Creating environment hook '/home/hope/133final/install/hw4code/share/hw4code/hook/pythonpath.ps1'
[5.253s] INFO:colcon.colcon_core.shell:Creating environment descriptor '/home/hope/133final/install/hw4code/share/hw4code/hook/pythonpath.dsv'
[5.254s] INFO:colcon.colcon_core.shell:Creating environment hook '/home/hope/133final/install/hw4code/share/hw4code/hook/pythonpath.sh'
[5.255s] Level 1:colcon.colcon_core.environment:checking '/home/hope/133final/install/hw4code/bin'
[5.255s] Level 1:colcon.colcon_core.environment:create_environment_scripts_only(hw4code)
[5.259s] INFO:colcon.colcon_core.shell:Creating package script '/home/hope/133final/install/hw4code/share/hw4code/package.ps1'
[5.260s] INFO:colcon.colcon_core.shell:Creating package descriptor '/home/hope/133final/install/hw4code/share/hw4code/package.dsv'
[5.261s] INFO:colcon.colcon_core.shell:Creating package script '/home/hope/133final/install/hw4code/share/hw4code/package.sh'
[5.262s] INFO:colcon.colcon_core.shell:Creating package script '/home/hope/133final/install/hw4code/share/hw4code/package.bash'
[5.262s] INFO:colcon.colcon_core.shell:Creating package script '/home/hope/133final/install/hw4code/share/hw4code/package.zsh'
[5.263s] Level 1:colcon.colcon_core.environment:create_file_with_runtime_dependencies(/home/hope/133final/install/hw4code/share/colcon-core/packages/hw4code)
[5.264s] DEBUG:colcon.colcon_parallel_executor.executor.parallel:closing loop
[5.264s] DEBUG:colcon.colcon_parallel_executor.executor.parallel:loop closed
[5.264s] DEBUG:colcon.colcon_parallel_executor.executor.parallel:run_until_complete finished with '0'
[5.264s] DEBUG:colcon.colcon_core.event_reactor:joining thread
[5.278s] INFO:colcon.colcon_core.plugin_system:Skipping extension 'colcon_notification.desktop_notification.terminal_notifier': Not used on non-Darwin systems
[5.278s] INFO:colcon.colcon_core.plugin_system:Skipping extension 'colcon_notification.desktop_notification.win32': Not used on non-Windows systems
[5.279s] INFO:colcon.colcon_notification.desktop_notification:Sending desktop notification using 'notify2'
[5.299s] DEBUG:colcon.colcon_core.event_reactor:joined thread
[5.302s] INFO:colcon.colcon_core.shell:Creating prefix script '/home/hope/133final/install/local_setup.ps1'
[5.305s] INFO:colcon.colcon_core.shell:Creating prefix util module '/home/hope/133final/install/_local_setup_util_ps1.py'
[5.309s] INFO:colcon.colcon_core.shell:Creating prefix chain script '/home/hope/133final/install/setup.ps1'
[5.312s] INFO:colcon.colcon_core.shell:Creating prefix script '/home/hope/133final/install/local_setup.sh'
[5.314s] INFO:colcon.colcon_core.shell:Creating prefix util module '/home/hope/133final/install/_local_setup_util_sh.py'
[5.314s] INFO:colcon.colcon_core.shell:Creating prefix chain script '/home/hope/133final/install/setup.sh'
[5.320s] INFO:colcon.colcon_core.shell:Creating prefix script '/home/hope/133final/install/local_setup.bash'
[5.322s] INFO:colcon.colcon_core.shell:Creating prefix chain script '/home/hope/133final/install/setup.bash'
[5.326s] INFO:colcon.colcon_core.shell:Creating prefix script '/home/hope/133final/install/local_setup.zsh'
[5.328s] INFO:colcon.colcon_core.shell:Creating prefix chain script '/home/hope/133final/install/setup.zsh'
