[1.324s] Invoking command in '/home/hope/me133a/build/hwsols': PYTHONPATH=/home/hope/me133a/install/hwsols/lib/python3.10/site-packages:${PYTHONPATH} /usr/bin/python3 setup.py develop --prefix /home/hope/me133a/install/hwsols --editable --build-directory /home/hope/me133a/build/hwsols/build --no-deps install_data --install-dir /home/hope/me133a/install/hwsols
[1.742s] running develop
[1.743s] /usr/lib/python3/dist-packages/setuptools/command/easy_install.py:158: EasyInstallDeprecationWarning: easy_install command is deprecated. Use build and pip and other standards-based tools.
[1.743s]   warnings.warn(
[1.744s] /usr/lib/python3/dist-packages/setuptools/command/install.py:34: SetuptoolsDeprecationWarning: setup.py install is deprecated. Use build and pip and other standards-based tools.
[1.744s]   warnings.warn(
[1.840s] /usr/lib/python3/dist-packages/pkg_resources/__init__.py:116: PkgResourcesDeprecationWarning: 0.1.43ubuntu1 is an invalid version and will not be supported in a future release
[1.841s]   warnings.warn(
[1.841s] /usr/lib/python3/dist-packages/pkg_resources/__init__.py:116: PkgResourcesDeprecationWarning: 1.1build1 is an invalid version and will not be supported in a future release
[1.841s]   warnings.warn(
[2.013s] running egg_info
[2.013s] writing hwsols.egg-info/PKG-INFO
[2.013s] writing dependency_links to hwsols.egg-info/dependency_links.txt
[2.014s] writing entry points to hwsols.egg-info/entry_points.txt
[2.014s] writing requirements to hwsols.egg-info/requires.txt
[2.014s] writing top-level names to hwsols.egg-info/top_level.txt
[2.017s] reading manifest file 'hwsols.egg-info/SOURCES.txt'
[2.019s] writing manifest file 'hwsols.egg-info/SOURCES.txt'
[2.021s] running build_ext
[2.022s] Creating /home/hope/me133a/install/hwsols/lib/python3.10/site-packages/hwsols.egg-link (link to .)
[2.023s] Installing KinematicChain script to /home/hope/me133a/install/hwsols/lib/hwsols
[2.023s] Installing KinematicChainGravity script to /home/hope/me133a/install/hwsols/lib/hwsols
[2.023s] Installing TransformHelpers script to /home/hope/me133a/install/hwsols/lib/hwsols
[2.023s] Installing hw3p3sol script to /home/hope/me133a/install/hwsols/lib/hwsols
[2.023s] Installing hw3p4sol script to /home/hope/me133a/install/hwsols/lib/hwsols
[2.024s] Installing hw3p5sol script to /home/hope/me133a/install/hwsols/lib/hwsols
[2.024s] Installing hw4p3sol script to /home/hope/me133a/install/hwsols/lib/hwsols
[2.024s] Installing hw4p4sol script to /home/hope/me133a/install/hwsols/lib/hwsols
[2.024s] Installing hw5p1sol script to /home/hope/me133a/install/hwsols/lib/hwsols
[2.024s] Installing hw5p2sol script to /home/hope/me133a/install/hwsols/lib/hwsols
[2.024s] Installing hw5p4sol script to /home/hope/me133a/install/hwsols/lib/hwsols
[2.024s] Installing hw6p2sol script to /home/hope/me133a/install/hwsols/lib/hwsols
[2.024s] Installing hw6p3sol script to /home/hope/me133a/install/hwsols/lib/hwsols
[2.025s] Installing hw6p4sol script to /home/hope/me133a/install/hwsols/lib/hwsols
[2.025s] Installing hw6p5sol script to /home/hope/me133a/install/hwsols/lib/hwsols
[2.025s] Installing kinematicchain script to /home/hope/me133a/install/hwsols/lib/hwsols
[2.025s] Installing kinematicchaingravity script to /home/hope/me133a/install/hwsols/lib/hwsols
[2.025s] 
[2.025s] Installed /home/hope/me133a/build/hwsols
[2.025s] running install_data
[2.060s] Invoked command in '/home/hope/me133a/build/hwsols' returned '0': PYTHONPATH=/home/hope/me133a/install/hwsols/lib/python3.10/site-packages:${PYTHONPATH} /usr/bin/python3 setup.py develop --prefix /home/hope/me133a/install/hwsols --editable --build-directory /home/hope/me133a/build/hwsols/build --no-deps install_data --install-dir /home/hope/me133a/install/hwsols
