[0.303s] DEBUG:colcon:Command line arguments: ['/usr/bin/colcon', 'build', '--symlink-install']
[0.303s] DEBUG:colcon:Parsed command line arguments: Namespace(log_base=None, log_level=None, verb_name='build', build_base='build', install_base='install', merge_install=False, symlink_install=True, test_result_base=None, continue_on_error=False, executor='parallel', parallel_workers=8, event_handlers=None, ignore_user_meta=False, metas=['./colcon.meta'], base_paths=['.'], packages_ignore=None, packages_ignore_regex=None, paths=None, packages_up_to=None, packages_up_to_regex=None, packages_above=None, packages_above_and_dependencies=None, packages_above_depth=None, packages_select_by_dep=None, packages_skip_by_dep=None, packages_skip_up_to=None, packages_select_build_failed=False, packages_skip_build_finished=False, packages_select_test_failures=False, packages_skip_test_passed=False, packages_select=None, packages_skip=None, packages_select_regex=None, packages_skip_regex=None, packages_start=None, packages_end=None, allow_overriding=[], cmake_args=None, cmake_target=None, cmake_target_skip_unavailable=False, cmake_clean_cache=False, cmake_clean_first=False, cmake_force_configure=False, ament_cmake_args=None, catkin_cmake_args=None, catkin_skip_building_tests=False, verb_parser=<colcon_defaults.argument_parser.defaults.DefaultArgumentsDecorator object at 0x7f974b929210>, verb_extension=<colcon_core.verb.build.BuildVerb object at 0x7f974c3dcf10>, main=<bound method BuildVerb.main of <colcon_core.verb.build.BuildVerb object at 0x7f974c3dcf10>>)
[0.337s] Level 1:colcon.colcon_core.package_discovery:discover_packages(colcon_meta) check parameters
[0.337s] Level 1:colcon.colcon_core.package_discovery:discover_packages(recursive) check parameters
[0.337s] Level 1:colcon.colcon_core.package_discovery:discover_packages(ignore) check parameters
[0.337s] Level 1:colcon.colcon_core.package_discovery:discover_packages(path) check parameters
[0.337s] Level 1:colcon.colcon_core.package_discovery:discover_packages(colcon_meta) discover
[0.337s] Level 1:colcon.colcon_core.package_discovery:discover_packages(recursive) discover
[0.337s] INFO:colcon.colcon_core.package_discovery:Crawling recursively for packages in '/home/skunnam/me133a/src'
[0.337s] Level 1:colcon.colcon_core.package_identification:_identify(.) by extensions ['ignore', 'ignore_ament_install']
[0.337s] Level 1:colcon.colcon_core.package_identification:_identify(.) by extension 'ignore'
[0.337s] Level 1:colcon.colcon_core.package_identification:_identify(.) by extension 'ignore_ament_install'
[0.337s] Level 1:colcon.colcon_core.package_identification:_identify(.) by extensions ['colcon_pkg']
[0.337s] Level 1:colcon.colcon_core.package_identification:_identify(.) by extension 'colcon_pkg'
[0.337s] Level 1:colcon.colcon_core.package_identification:_identify(.) by extensions ['colcon_meta']
[0.337s] Level 1:colcon.colcon_core.package_identification:_identify(.) by extension 'colcon_meta'
[0.337s] Level 1:colcon.colcon_core.package_identification:_identify(.) by extensions ['ros']
[0.337s] Level 1:colcon.colcon_core.package_identification:_identify(.) by extension 'ros'
[0.349s] Level 1:colcon.colcon_core.package_identification:_identify(.) by extensions ['cmake', 'python']
[0.349s] Level 1:colcon.colcon_core.package_identification:_identify(.) by extension 'cmake'
[0.349s] Level 1:colcon.colcon_core.package_identification:_identify(.) by extension 'python'
[0.349s] Level 1:colcon.colcon_core.package_identification:_identify(.) by extensions ['python_setup_py']
[0.349s] Level 1:colcon.colcon_core.package_identification:_identify(.) by extension 'python_setup_py'
[0.349s] Level 1:colcon.colcon_core.package_identification:_identify(build) by extensions ['ignore', 'ignore_ament_install']
[0.349s] Level 1:colcon.colcon_core.package_identification:_identify(build) by extension 'ignore'
[0.349s] Level 1:colcon.colcon_core.package_identification:_identify(build) ignored
[0.349s] Level 1:colcon.colcon_core.package_identification:_identify(gazebodemo) by extensions ['ignore', 'ignore_ament_install']
[0.349s] Level 1:colcon.colcon_core.package_identification:_identify(gazebodemo) by extension 'ignore'
[0.350s] Level 1:colcon.colcon_core.package_identification:_identify(gazebodemo) by extension 'ignore_ament_install'
[0.350s] Level 1:colcon.colcon_core.package_identification:_identify(gazebodemo) by extensions ['colcon_pkg']
[0.350s] Level 1:colcon.colcon_core.package_identification:_identify(gazebodemo) by extension 'colcon_pkg'
[0.350s] Level 1:colcon.colcon_core.package_identification:_identify(gazebodemo) by extensions ['colcon_meta']
[0.350s] Level 1:colcon.colcon_core.package_identification:_identify(gazebodemo) by extension 'colcon_meta'
[0.350s] Level 1:colcon.colcon_core.package_identification:_identify(gazebodemo) by extensions ['ros']
[0.350s] Level 1:colcon.colcon_core.package_identification:_identify(gazebodemo) by extension 'ros'
[0.352s] DEBUG:colcon.colcon_core.package_identification:Package 'gazebodemo' with type 'ros.ament_python' and name 'gazebodemo'
[0.352s] Level 1:colcon.colcon_core.package_identification:_identify(hwsols) by extensions ['ignore', 'ignore_ament_install']
[0.353s] Level 1:colcon.colcon_core.package_identification:_identify(hwsols) by extension 'ignore'
[0.353s] Level 1:colcon.colcon_core.package_identification:_identify(hwsols) by extension 'ignore_ament_install'
[0.353s] Level 1:colcon.colcon_core.package_identification:_identify(hwsols) by extensions ['colcon_pkg']
[0.353s] Level 1:colcon.colcon_core.package_identification:_identify(hwsols) by extension 'colcon_pkg'
[0.353s] Level 1:colcon.colcon_core.package_identification:_identify(hwsols) by extensions ['colcon_meta']
[0.353s] Level 1:colcon.colcon_core.package_identification:_identify(hwsols) by extension 'colcon_meta'
[0.353s] Level 1:colcon.colcon_core.package_identification:_identify(hwsols) by extensions ['ros']
[0.353s] Level 1:colcon.colcon_core.package_identification:_identify(hwsols) by extension 'ros'
[0.354s] DEBUG:colcon.colcon_core.package_identification:Package 'hwsols' with type 'ros.ament_python' and name 'hwsols'
[0.354s] Level 1:colcon.colcon_core.package_identification:_identify(install) by extensions ['ignore', 'ignore_ament_install']
[0.354s] Level 1:colcon.colcon_core.package_identification:_identify(install) by extension 'ignore'
[0.354s] Level 1:colcon.colcon_core.package_identification:_identify(install) ignored
[0.354s] Level 1:colcon.colcon_core.package_identification:_identify(log) by extensions ['ignore', 'ignore_ament_install']
[0.354s] Level 1:colcon.colcon_core.package_identification:_identify(log) by extension 'ignore'
[0.354s] Level 1:colcon.colcon_core.package_identification:_identify(log) ignored
[0.354s] Level 1:colcon.colcon_core.package_discovery:discover_packages(recursive) using defaults
[0.354s] Level 1:colcon.colcon_core.package_discovery:discover_packages(ignore) discover
[0.354s] Level 1:colcon.colcon_core.package_discovery:discover_packages(ignore) using defaults
[0.354s] Level 1:colcon.colcon_core.package_discovery:discover_packages(path) discover
[0.354s] Level 1:colcon.colcon_core.package_discovery:discover_packages(path) using defaults
[0.379s] Level 1:colcon.colcon_core.package_discovery:discover_packages(prefix_path) check parameters
[0.379s] Level 1:colcon.colcon_core.package_discovery:discover_packages(prefix_path) discover
[0.381s] DEBUG:colcon.colcon_installed_package_information.package_discovery:Found 7 installed packages in /home/skunnam/133ws/install
[0.383s] DEBUG:colcon.colcon_installed_package_information.package_discovery:Found 399 installed packages in /opt/ros/humble
[0.385s] Level 1:colcon.colcon_core.package_discovery:discover_packages(prefix_path) using defaults
[0.457s] Level 5:colcon.colcon_core.verb:set package 'gazebodemo' build argument 'cmake_args' from command line to 'None'
[0.457s] Level 5:colcon.colcon_core.verb:set package 'gazebodemo' build argument 'cmake_target' from command line to 'None'
[0.457s] Level 5:colcon.colcon_core.verb:set package 'gazebodemo' build argument 'cmake_target_skip_unavailable' from command line to 'False'
[0.457s] Level 5:colcon.colcon_core.verb:set package 'gazebodemo' build argument 'cmake_clean_cache' from command line to 'False'
[0.457s] Level 5:colcon.colcon_core.verb:set package 'gazebodemo' build argument 'cmake_clean_first' from command line to 'False'
[0.457s] Level 5:colcon.colcon_core.verb:set package 'gazebodemo' build argument 'cmake_force_configure' from command line to 'False'
[0.457s] Level 5:colcon.colcon_core.verb:set package 'gazebodemo' build argument 'ament_cmake_args' from command line to 'None'
[0.457s] Level 5:colcon.colcon_core.verb:set package 'gazebodemo' build argument 'catkin_cmake_args' from command line to 'None'
[0.457s] Level 5:colcon.colcon_core.verb:set package 'gazebodemo' build argument 'catkin_skip_building_tests' from command line to 'False'
[0.457s] DEBUG:colcon.colcon_core.verb:Building package 'gazebodemo' with the following arguments: {'ament_cmake_args': None, 'build_base': '/home/skunnam/me133a/src/build/gazebodemo', 'catkin_cmake_args': None, 'catkin_skip_building_tests': False, 'cmake_args': None, 'cmake_clean_cache': False, 'cmake_clean_first': False, 'cmake_force_configure': False, 'cmake_target': None, 'cmake_target_skip_unavailable': False, 'install_base': '/home/skunnam/me133a/src/install/gazebodemo', 'merge_install': False, 'path': '/home/skunnam/me133a/src/gazebodemo', 'symlink_install': True, 'test_result_base': None}
[0.458s] Level 5:colcon.colcon_core.verb:set package 'hwsols' build argument 'cmake_args' from command line to 'None'
[0.458s] Level 5:colcon.colcon_core.verb:set package 'hwsols' build argument 'cmake_target' from command line to 'None'
[0.458s] Level 5:colcon.colcon_core.verb:set package 'hwsols' build argument 'cmake_target_skip_unavailable' from command line to 'False'
[0.458s] Level 5:colcon.colcon_core.verb:set package 'hwsols' build argument 'cmake_clean_cache' from command line to 'False'
[0.458s] Level 5:colcon.colcon_core.verb:set package 'hwsols' build argument 'cmake_clean_first' from command line to 'False'
[0.458s] Level 5:colcon.colcon_core.verb:set package 'hwsols' build argument 'cmake_force_configure' from command line to 'False'
[0.458s] Level 5:colcon.colcon_core.verb:set package 'hwsols' build argument 'ament_cmake_args' from command line to 'None'
[0.458s] Level 5:colcon.colcon_core.verb:set package 'hwsols' build argument 'catkin_cmake_args' from command line to 'None'
[0.458s] Level 5:colcon.colcon_core.verb:set package 'hwsols' build argument 'catkin_skip_building_tests' from command line to 'False'
[0.458s] DEBUG:colcon.colcon_core.verb:Building package 'hwsols' with the following arguments: {'ament_cmake_args': None, 'build_base': '/home/skunnam/me133a/src/build/hwsols', 'catkin_cmake_args': None, 'catkin_skip_building_tests': False, 'cmake_args': None, 'cmake_clean_cache': False, 'cmake_clean_first': False, 'cmake_force_configure': False, 'cmake_target': None, 'cmake_target_skip_unavailable': False, 'install_base': '/home/skunnam/me133a/src/install/hwsols', 'merge_install': False, 'path': '/home/skunnam/me133a/src/hwsols', 'symlink_install': True, 'test_result_base': None}
[0.459s] INFO:colcon.colcon_core.executor:Executing jobs using 'parallel' executor
[0.463s] DEBUG:colcon.colcon_parallel_executor.executor.parallel:run_until_complete
[0.463s] INFO:colcon.colcon_ros.task.ament_python.build:Building ROS package in '/home/skunnam/me133a/src/gazebodemo' with build type 'ament_python'
[0.463s] Level 1:colcon.colcon_core.shell:create_environment_hook('gazebodemo', 'ament_prefix_path')
[0.468s] INFO:colcon.colcon_core.plugin_system:Skipping extension 'colcon_core.shell.bat': Not used on non-Windows systems
[0.468s] INFO:colcon.colcon_core.shell:Creating environment hook '/home/skunnam/me133a/src/install/gazebodemo/share/gazebodemo/hook/ament_prefix_path.ps1'
[0.468s] INFO:colcon.colcon_core.shell:Creating environment descriptor '/home/skunnam/me133a/src/install/gazebodemo/share/gazebodemo/hook/ament_prefix_path.dsv'
[0.469s] INFO:colcon.colcon_core.shell:Creating environment hook '/home/skunnam/me133a/src/install/gazebodemo/share/gazebodemo/hook/ament_prefix_path.sh'
[0.470s] INFO:colcon.colcon_core.shell:Skip shell extension 'powershell' for command environment: Not usable outside of PowerShell
[0.471s] DEBUG:colcon.colcon_core.shell:Skip shell extension 'dsv' for command environment
[0.475s] INFO:colcon.colcon_ros.task.ament_python.build:Building ROS package in '/home/skunnam/me133a/src/hwsols' with build type 'ament_python'
[0.475s] Level 1:colcon.colcon_core.shell:create_environment_hook('hwsols', 'ament_prefix_path')
[0.477s] INFO:colcon.colcon_core.shell:Creating environment hook '/home/skunnam/me133a/src/install/hwsols/share/hwsols/hook/ament_prefix_path.ps1'
[0.478s] INFO:colcon.colcon_core.shell:Creating environment descriptor '/home/skunnam/me133a/src/install/hwsols/share/hwsols/hook/ament_prefix_path.dsv'
[0.478s] INFO:colcon.colcon_core.shell:Creating environment hook '/home/skunnam/me133a/src/install/hwsols/share/hwsols/hook/ament_prefix_path.sh'
[0.480s] INFO:colcon.colcon_core.shell:Skip shell extension 'powershell' for command environment: Not usable outside of PowerShell
[0.480s] DEBUG:colcon.colcon_core.shell:Skip shell extension 'dsv' for command environment
[0.739s] INFO:colcon.colcon_core.task.python.build:Building Python package in '/home/skunnam/me133a/src/gazebodemo'
[0.740s] INFO:colcon.colcon_core.shell:Skip shell extension 'powershell' for command environment: Not usable outside of PowerShell
[0.740s] DEBUG:colcon.colcon_core.shell:Skip shell extension 'dsv' for command environment
[1.009s] INFO:colcon.colcon_core.task.python.build:Building Python package in '/home/skunnam/me133a/src/hwsols'
[1.011s] INFO:colcon.colcon_core.shell:Skip shell extension 'powershell' for command environment: Not usable outside of PowerShell
[1.011s] DEBUG:colcon.colcon_core.shell:Skip shell extension 'dsv' for command environment
[1.378s] DEBUG:colcon.colcon_core.event_handler.log_command:Invoking command in '/home/skunnam/me133a/src/build/gazebodemo': PYTHONPATH=/home/skunnam/me133a/src/install/gazebodemo/lib/python3.10/site-packages:${PYTHONPATH} /usr/bin/python3 setup.py develop --prefix /home/skunnam/me133a/src/install/gazebodemo --editable --build-directory /home/skunnam/me133a/src/build/gazebodemo/build --no-deps install_data --install-dir /home/skunnam/me133a/src/install/gazebodemo
[1.383s] DEBUG:colcon.colcon_core.event_handler.log_command:Invoking command in '/home/skunnam/me133a/src/build/hwsols': PYTHONPATH=/home/skunnam/me133a/src/install/hwsols/lib/python3.10/site-packages:${PYTHONPATH} /usr/bin/python3 setup.py develop --prefix /home/skunnam/me133a/src/install/hwsols --editable --build-directory /home/skunnam/me133a/src/build/hwsols/build --no-deps install_data --install-dir /home/skunnam/me133a/src/install/hwsols
[1.880s] Level 1:colcon.colcon_core.shell:create_environment_hook('hwsols', 'pythonpath_develop')
[1.882s] INFO:colcon.colcon_core.shell:Creating environment hook '/home/skunnam/me133a/src/build/hwsols/share/hwsols/hook/pythonpath_develop.ps1'
[1.883s] DEBUG:colcon.colcon_core.event_handler.log_command:Invoked command in '/home/skunnam/me133a/src/build/hwsols' returned '0': PYTHONPATH=/home/skunnam/me133a/src/install/hwsols/lib/python3.10/site-packages:${PYTHONPATH} /usr/bin/python3 setup.py develop --prefix /home/skunnam/me133a/src/install/hwsols --editable --build-directory /home/skunnam/me133a/src/build/hwsols/build --no-deps install_data --install-dir /home/skunnam/me133a/src/install/hwsols
[1.883s] INFO:colcon.colcon_core.shell:Creating environment descriptor '/home/skunnam/me133a/src/build/hwsols/share/hwsols/hook/pythonpath_develop.dsv'
[1.883s] INFO:colcon.colcon_core.shell:Creating environment hook '/home/skunnam/me133a/src/build/hwsols/share/hwsols/hook/pythonpath_develop.sh'
[1.892s] Level 1:colcon.colcon_core.environment:checking '/home/skunnam/me133a/src/install/hwsols' for CMake module files
[1.892s] Level 1:colcon.colcon_core.environment:checking '/home/skunnam/me133a/src/install/hwsols' for CMake config files
[1.893s] Level 1:colcon.colcon_core.environment:checking '/home/skunnam/me133a/src/install/hwsols/lib'
[1.893s] Level 1:colcon.colcon_core.environment:checking '/home/skunnam/me133a/src/install/hwsols/bin'
[1.893s] Level 1:colcon.colcon_core.environment:checking '/home/skunnam/me133a/src/install/hwsols/lib/pkgconfig/hwsols.pc'
[1.894s] Level 1:colcon.colcon_core.environment:checking '/home/skunnam/me133a/src/install/hwsols/lib/python3.10/site-packages'
[1.894s] Level 1:colcon.colcon_core.shell:create_environment_hook('hwsols', 'pythonpath')
[1.896s] INFO:colcon.colcon_core.shell:Creating environment hook '/home/skunnam/me133a/src/install/hwsols/share/hwsols/hook/pythonpath.ps1'
[1.896s] INFO:colcon.colcon_core.shell:Creating environment descriptor '/home/skunnam/me133a/src/install/hwsols/share/hwsols/hook/pythonpath.dsv'
[1.896s] INFO:colcon.colcon_core.shell:Creating environment hook '/home/skunnam/me133a/src/install/hwsols/share/hwsols/hook/pythonpath.sh'
[1.897s] Level 1:colcon.colcon_core.environment:checking '/home/skunnam/me133a/src/install/hwsols/bin'
[1.897s] Level 1:colcon.colcon_core.environment:create_environment_scripts_only(hwsols)
[1.898s] INFO:colcon.colcon_core.shell:Creating package script '/home/skunnam/me133a/src/install/hwsols/share/hwsols/package.ps1'
[1.899s] INFO:colcon.colcon_core.shell:Creating package descriptor '/home/skunnam/me133a/src/install/hwsols/share/hwsols/package.dsv'
[1.900s] INFO:colcon.colcon_core.shell:Creating package script '/home/skunnam/me133a/src/install/hwsols/share/hwsols/package.sh'
[1.901s] INFO:colcon.colcon_core.shell:Creating package script '/home/skunnam/me133a/src/install/hwsols/share/hwsols/package.bash'
[1.902s] INFO:colcon.colcon_core.shell:Creating package script '/home/skunnam/me133a/src/install/hwsols/share/hwsols/package.zsh'
[1.902s] Level 1:colcon.colcon_core.environment:create_file_with_runtime_dependencies(/home/skunnam/me133a/src/install/hwsols/share/colcon-core/packages/hwsols)
[1.903s] DEBUG:colcon.colcon_core.event_handler.log_command:Invoked command in '/home/skunnam/me133a/src/build/gazebodemo' returned '1': PYTHONPATH=/home/skunnam/me133a/src/install/gazebodemo/lib/python3.10/site-packages:${PYTHONPATH} /usr/bin/python3 setup.py develop --prefix /home/skunnam/me133a/src/install/gazebodemo --editable --build-directory /home/skunnam/me133a/src/build/gazebodemo/build --no-deps install_data --install-dir /home/skunnam/me133a/src/install/gazebodemo
[1.913s] DEBUG:colcon.colcon_parallel_executor.executor.parallel:closing loop
[1.913s] DEBUG:colcon.colcon_parallel_executor.executor.parallel:loop closed
[1.913s] DEBUG:colcon.colcon_parallel_executor.executor.parallel:run_until_complete finished with '1'
[1.913s] DEBUG:colcon.colcon_core.event_reactor:joining thread
[1.920s] INFO:colcon.colcon_core.plugin_system:Skipping extension 'colcon_notification.desktop_notification.terminal_notifier': Not used on non-Darwin systems
[1.920s] INFO:colcon.colcon_core.plugin_system:Skipping extension 'colcon_notification.desktop_notification.win32': Not used on non-Windows systems
[1.920s] INFO:colcon.colcon_notification.desktop_notification:Sending desktop notification using 'notify2'
[1.933s] DEBUG:colcon.colcon_core.event_reactor:joined thread
[1.935s] INFO:colcon.colcon_core.shell:Creating prefix script '/home/skunnam/me133a/src/install/local_setup.ps1'
[1.935s] INFO:colcon.colcon_core.shell:Creating prefix util module '/home/skunnam/me133a/src/install/_local_setup_util_ps1.py'
[1.937s] INFO:colcon.colcon_core.shell:Creating prefix chain script '/home/skunnam/me133a/src/install/setup.ps1'
[1.938s] INFO:colcon.colcon_core.shell:Creating prefix script '/home/skunnam/me133a/src/install/local_setup.sh'
[1.939s] INFO:colcon.colcon_core.shell:Creating prefix util module '/home/skunnam/me133a/src/install/_local_setup_util_sh.py'
[1.939s] INFO:colcon.colcon_core.shell:Creating prefix chain script '/home/skunnam/me133a/src/install/setup.sh'
[1.941s] INFO:colcon.colcon_core.shell:Creating prefix script '/home/skunnam/me133a/src/install/local_setup.bash'
[1.941s] INFO:colcon.colcon_core.shell:Creating prefix chain script '/home/skunnam/me133a/src/install/setup.bash'
[1.942s] INFO:colcon.colcon_core.shell:Creating prefix script '/home/skunnam/me133a/src/install/local_setup.zsh'
[1.943s] INFO:colcon.colcon_core.shell:Creating prefix chain script '/home/skunnam/me133a/src/install/setup.zsh'
