[0.558s] DEBUG:colcon:Command line arguments: ['/usr/bin/colcon', 'build', '--symlink-install']
[0.558s] DEBUG:colcon:Parsed command line arguments: Namespace(log_base=None, log_level=None, verb_name='build', build_base='build', install_base='install', merge_install=False, symlink_install=True, test_result_base=None, continue_on_error=False, executor='parallel', parallel_workers=6, event_handlers=None, ignore_user_meta=False, metas=['./colcon.meta'], base_paths=['.'], packages_ignore=None, packages_ignore_regex=None, paths=None, packages_up_to=None, packages_up_to_regex=None, packages_above=None, packages_above_and_dependencies=None, packages_above_depth=None, packages_select_by_dep=None, packages_skip_by_dep=None, packages_skip_up_to=None, packages_select_build_failed=False, packages_skip_build_finished=False, packages_select_test_failures=False, packages_skip_test_passed=False, packages_select=None, packages_skip=None, packages_select_regex=None, packages_skip_regex=None, packages_start=None, packages_end=None, allow_overriding=[], cmake_args=None, cmake_target=None, cmake_target_skip_unavailable=False, cmake_clean_cache=False, cmake_clean_first=False, cmake_force_configure=False, ament_cmake_args=None, catkin_cmake_args=None, catkin_skip_building_tests=False, verb_parser=<colcon_defaults.argument_parser.defaults.DefaultArgumentsDecorator object at 0x7f0082789a80>, verb_extension=<colcon_core.verb.build.BuildVerb object at 0x7f00831051e0>, main=<bound method BuildVerb.main of <colcon_core.verb.build.BuildVerb object at 0x7f00831051e0>>)
[0.632s] Level 1:colcon.colcon_core.package_discovery:discover_packages(colcon_meta) check parameters
[0.632s] Level 1:colcon.colcon_core.package_discovery:discover_packages(recursive) check parameters
[0.632s] Level 1:colcon.colcon_core.package_discovery:discover_packages(ignore) check parameters
[0.632s] Level 1:colcon.colcon_core.package_discovery:discover_packages(path) check parameters
[0.632s] Level 1:colcon.colcon_core.package_discovery:discover_packages(colcon_meta) discover
[0.633s] Level 1:colcon.colcon_core.package_discovery:discover_packages(recursive) discover
[0.633s] INFO:colcon.colcon_core.package_discovery:Crawling recursively for packages in '/home/hope/133final'
[0.633s] Level 1:colcon.colcon_core.package_identification:_identify(.) by extensions ['ignore', 'ignore_ament_install']
[0.634s] Level 1:colcon.colcon_core.package_identification:_identify(.) by extension 'ignore'
[0.634s] Level 1:colcon.colcon_core.package_identification:_identify(.) by extension 'ignore_ament_install'
[0.634s] Level 1:colcon.colcon_core.package_identification:_identify(.) by extensions ['colcon_pkg']
[0.634s] Level 1:colcon.colcon_core.package_identification:_identify(.) by extension 'colcon_pkg'
[0.634s] Level 1:colcon.colcon_core.package_identification:_identify(.) by extensions ['colcon_meta']
[0.634s] Level 1:colcon.colcon_core.package_identification:_identify(.) by extension 'colcon_meta'
[0.635s] Level 1:colcon.colcon_core.package_identification:_identify(.) by extensions ['ros']
[0.635s] Level 1:colcon.colcon_core.package_identification:_identify(.) by extension 'ros'
[0.691s] Level 1:colcon.colcon_core.package_identification:_identify(.) by extensions ['cmake', 'python']
[0.691s] Level 1:colcon.colcon_core.package_identification:_identify(.) by extension 'cmake'
[0.691s] Level 1:colcon.colcon_core.package_identification:_identify(.) by extension 'python'
[0.691s] Level 1:colcon.colcon_core.package_identification:_identify(.) by extensions ['python_setup_py']
[0.692s] Level 1:colcon.colcon_core.package_identification:_identify(.) by extension 'python_setup_py'
[0.692s] Level 1:colcon.colcon_core.package_identification:_identify(build) by extensions ['ignore', 'ignore_ament_install']
[0.692s] Level 1:colcon.colcon_core.package_identification:_identify(build) by extension 'ignore'
[0.692s] Level 1:colcon.colcon_core.package_identification:_identify(build) ignored
[0.693s] Level 1:colcon.colcon_core.package_identification:_identify(install) by extensions ['ignore', 'ignore_ament_install']
[0.693s] Level 1:colcon.colcon_core.package_identification:_identify(install) by extension 'ignore'
[0.693s] Level 1:colcon.colcon_core.package_identification:_identify(install) ignored
[0.693s] Level 1:colcon.colcon_core.package_identification:_identify(log) by extensions ['ignore', 'ignore_ament_install']
[0.694s] Level 1:colcon.colcon_core.package_identification:_identify(log) by extension 'ignore'
[0.694s] Level 1:colcon.colcon_core.package_identification:_identify(log) ignored
[0.694s] Level 1:colcon.colcon_core.package_identification:_identify(src) by extensions ['ignore', 'ignore_ament_install']
[0.694s] Level 1:colcon.colcon_core.package_identification:_identify(src) by extension 'ignore'
[0.695s] Level 1:colcon.colcon_core.package_identification:_identify(src) by extension 'ignore_ament_install'
[0.695s] Level 1:colcon.colcon_core.package_identification:_identify(src) by extensions ['colcon_pkg']
[0.695s] Level 1:colcon.colcon_core.package_identification:_identify(src) by extension 'colcon_pkg'
[0.695s] Level 1:colcon.colcon_core.package_identification:_identify(src) by extensions ['colcon_meta']
[0.695s] Level 1:colcon.colcon_core.package_identification:_identify(src) by extension 'colcon_meta'
[0.695s] Level 1:colcon.colcon_core.package_identification:_identify(src) by extensions ['ros']
[0.695s] Level 1:colcon.colcon_core.package_identification:_identify(src) by extension 'ros'
[0.695s] Level 1:colcon.colcon_core.package_identification:_identify(src) by extensions ['cmake', 'python']
[0.696s] Level 1:colcon.colcon_core.package_identification:_identify(src) by extension 'cmake'
[0.696s] Level 1:colcon.colcon_core.package_identification:_identify(src) by extension 'python'
[0.696s] Level 1:colcon.colcon_core.package_identification:_identify(src) by extensions ['python_setup_py']
[0.696s] Level 1:colcon.colcon_core.package_identification:_identify(src) by extension 'python_setup_py'
[0.696s] Level 1:colcon.colcon_core.package_identification:_identify(src/atlas_description) by extensions ['ignore', 'ignore_ament_install']
[0.697s] Level 1:colcon.colcon_core.package_identification:_identify(src/atlas_description) by extension 'ignore'
[0.697s] Level 1:colcon.colcon_core.package_identification:_identify(src/atlas_description) by extension 'ignore_ament_install'
[0.697s] Level 1:colcon.colcon_core.package_identification:_identify(src/atlas_description) by extensions ['colcon_pkg']
[0.697s] Level 1:colcon.colcon_core.package_identification:_identify(src/atlas_description) by extension 'colcon_pkg'
[0.697s] Level 1:colcon.colcon_core.package_identification:_identify(src/atlas_description) by extensions ['colcon_meta']
[0.697s] Level 1:colcon.colcon_core.package_identification:_identify(src/atlas_description) by extension 'colcon_meta'
[0.697s] Level 1:colcon.colcon_core.package_identification:_identify(src/atlas_description) by extensions ['ros']
[0.697s] Level 1:colcon.colcon_core.package_identification:_identify(src/atlas_description) by extension 'ros'
[0.705s] DEBUG:colcon.colcon_core.package_identification:Package 'src/atlas_description' with type 'ros.ament_cmake' and name 'atlas_description'
[0.705s] Level 1:colcon.colcon_core.package_identification:_identify(src/gazebodemo) by extensions ['ignore', 'ignore_ament_install']
[0.705s] Level 1:colcon.colcon_core.package_identification:_identify(src/gazebodemo) by extension 'ignore'
[0.706s] Level 1:colcon.colcon_core.package_identification:_identify(src/gazebodemo) by extension 'ignore_ament_install'
[0.706s] Level 1:colcon.colcon_core.package_identification:_identify(src/gazebodemo) by extensions ['colcon_pkg']
[0.706s] Level 1:colcon.colcon_core.package_identification:_identify(src/gazebodemo) by extension 'colcon_pkg'
[0.706s] Level 1:colcon.colcon_core.package_identification:_identify(src/gazebodemo) by extensions ['colcon_meta']
[0.706s] Level 1:colcon.colcon_core.package_identification:_identify(src/gazebodemo) by extension 'colcon_meta'
[0.706s] Level 1:colcon.colcon_core.package_identification:_identify(src/gazebodemo) by extensions ['ros']
[0.706s] Level 1:colcon.colcon_core.package_identification:_identify(src/gazebodemo) by extension 'ros'
[0.706s] Level 1:colcon.colcon_core.package_identification:_identify(src/gazebodemo) by extensions ['cmake', 'python']
[0.706s] Level 1:colcon.colcon_core.package_identification:_identify(src/gazebodemo) by extension 'cmake'
[0.707s] Level 1:colcon.colcon_core.package_identification:_identify(src/gazebodemo) by extension 'python'
[0.707s] Level 1:colcon.colcon_core.package_identification:_identify(src/gazebodemo) by extensions ['python_setup_py']
[0.707s] Level 1:colcon.colcon_core.package_identification:_identify(src/gazebodemo) by extension 'python_setup_py'
[0.707s] Level 1:colcon.colcon_core.package_identification:_identify(src/gazebodemo/gazebodemo) by extensions ['ignore', 'ignore_ament_install']
[0.707s] Level 1:colcon.colcon_core.package_identification:_identify(src/gazebodemo/gazebodemo) by extension 'ignore'
[0.707s] Level 1:colcon.colcon_core.package_identification:_identify(src/gazebodemo/gazebodemo) by extension 'ignore_ament_install'
[0.707s] Level 1:colcon.colcon_core.package_identification:_identify(src/gazebodemo/gazebodemo) by extensions ['colcon_pkg']
[0.708s] Level 1:colcon.colcon_core.package_identification:_identify(src/gazebodemo/gazebodemo) by extension 'colcon_pkg'
[0.708s] Level 1:colcon.colcon_core.package_identification:_identify(src/gazebodemo/gazebodemo) by extensions ['colcon_meta']
[0.708s] Level 1:colcon.colcon_core.package_identification:_identify(src/gazebodemo/gazebodemo) by extension 'colcon_meta'
[0.708s] Level 1:colcon.colcon_core.package_identification:_identify(src/gazebodemo/gazebodemo) by extensions ['ros']
[0.708s] Level 1:colcon.colcon_core.package_identification:_identify(src/gazebodemo/gazebodemo) by extension 'ros'
[0.710s] DEBUG:colcon.colcon_core.package_identification:Package 'src/gazebodemo/gazebodemo' with type 'ros.ament_python' and name 'gazebodemo'
[0.711s] Level 1:colcon.colcon_core.package_identification:_identify(src/hw4code) by extensions ['ignore', 'ignore_ament_install']
[0.711s] Level 1:colcon.colcon_core.package_identification:_identify(src/hw4code) by extension 'ignore'
[0.711s] Level 1:colcon.colcon_core.package_identification:_identify(src/hw4code) by extension 'ignore_ament_install'
[0.711s] Level 1:colcon.colcon_core.package_identification:_identify(src/hw4code) by extensions ['colcon_pkg']
[0.711s] Level 1:colcon.colcon_core.package_identification:_identify(src/hw4code) by extension 'colcon_pkg'
[0.711s] Level 1:colcon.colcon_core.package_identification:_identify(src/hw4code) by extensions ['colcon_meta']
[0.711s] Level 1:colcon.colcon_core.package_identification:_identify(src/hw4code) by extension 'colcon_meta'
[0.711s] Level 1:colcon.colcon_core.package_identification:_identify(src/hw4code) by extensions ['ros']
[0.712s] Level 1:colcon.colcon_core.package_identification:_identify(src/hw4code) by extension 'ros'
[0.714s] DEBUG:colcon.colcon_core.package_identification:Package 'src/hw4code' with type 'ros.ament_python' and name 'hw4code'
[0.715s] Level 1:colcon.colcon_core.package_identification:_identify(src/hw5code) by extensions ['ignore', 'ignore_ament_install']
[0.715s] Level 1:colcon.colcon_core.package_identification:_identify(src/hw5code) by extension 'ignore'
[0.715s] Level 1:colcon.colcon_core.package_identification:_identify(src/hw5code) by extension 'ignore_ament_install'
[0.715s] Level 1:colcon.colcon_core.package_identification:_identify(src/hw5code) by extensions ['colcon_pkg']
[0.716s] Level 1:colcon.colcon_core.package_identification:_identify(src/hw5code) by extension 'colcon_pkg'
[0.716s] Level 1:colcon.colcon_core.package_identification:_identify(src/hw5code) by extensions ['colcon_meta']
[0.716s] Level 1:colcon.colcon_core.package_identification:_identify(src/hw5code) by extension 'colcon_meta'
[0.716s] Level 1:colcon.colcon_core.package_identification:_identify(src/hw5code) by extensions ['ros']
[0.716s] Level 1:colcon.colcon_core.package_identification:_identify(src/hw5code) by extension 'ros'
[0.716s] Level 1:colcon.colcon_core.package_identification:_identify(src/hw5code) by extensions ['cmake', 'python']
[0.716s] Level 1:colcon.colcon_core.package_identification:_identify(src/hw5code) by extension 'cmake'
[0.716s] Level 1:colcon.colcon_core.package_identification:_identify(src/hw5code) by extension 'python'
[0.717s] Level 1:colcon.colcon_core.package_identification:_identify(src/hw5code) by extensions ['python_setup_py']
[0.717s] Level 1:colcon.colcon_core.package_identification:_identify(src/hw5code) by extension 'python_setup_py'
[0.717s] Level 1:colcon.colcon_core.package_identification:_identify(src/hw5code/__MACOSX) by extensions ['ignore', 'ignore_ament_install']
[0.717s] Level 1:colcon.colcon_core.package_identification:_identify(src/hw5code/__MACOSX) by extension 'ignore'
[0.717s] Level 1:colcon.colcon_core.package_identification:_identify(src/hw5code/__MACOSX) by extension 'ignore_ament_install'
[0.718s] Level 1:colcon.colcon_core.package_identification:_identify(src/hw5code/__MACOSX) by extensions ['colcon_pkg']
[0.718s] Level 1:colcon.colcon_core.package_identification:_identify(src/hw5code/__MACOSX) by extension 'colcon_pkg'
[0.718s] Level 1:colcon.colcon_core.package_identification:_identify(src/hw5code/__MACOSX) by extensions ['colcon_meta']
[0.718s] Level 1:colcon.colcon_core.package_identification:_identify(src/hw5code/__MACOSX) by extension 'colcon_meta'
[0.719s] Level 1:colcon.colcon_core.package_identification:_identify(src/hw5code/__MACOSX) by extensions ['ros']
[0.719s] Level 1:colcon.colcon_core.package_identification:_identify(src/hw5code/__MACOSX) by extension 'ros'
[0.719s] Level 1:colcon.colcon_core.package_identification:_identify(src/hw5code/__MACOSX) by extensions ['cmake', 'python']
[0.719s] Level 1:colcon.colcon_core.package_identification:_identify(src/hw5code/__MACOSX) by extension 'cmake'
[0.719s] Level 1:colcon.colcon_core.package_identification:_identify(src/hw5code/__MACOSX) by extension 'python'
[0.719s] Level 1:colcon.colcon_core.package_identification:_identify(src/hw5code/__MACOSX) by extensions ['python_setup_py']
[0.719s] Level 1:colcon.colcon_core.package_identification:_identify(src/hw5code/__MACOSX) by extension 'python_setup_py'
[0.719s] Level 1:colcon.colcon_core.package_identification:_identify(src/hw5code/__MACOSX/hw5code) by extensions ['ignore', 'ignore_ament_install']
[0.720s] Level 1:colcon.colcon_core.package_identification:_identify(src/hw5code/__MACOSX/hw5code) by extension 'ignore'
[0.720s] Level 1:colcon.colcon_core.package_identification:_identify(src/hw5code/__MACOSX/hw5code) by extension 'ignore_ament_install'
[0.720s] Level 1:colcon.colcon_core.package_identification:_identify(src/hw5code/__MACOSX/hw5code) by extensions ['colcon_pkg']
[0.720s] Level 1:colcon.colcon_core.package_identification:_identify(src/hw5code/__MACOSX/hw5code) by extension 'colcon_pkg'
[0.720s] Level 1:colcon.colcon_core.package_identification:_identify(src/hw5code/__MACOSX/hw5code) by extensions ['colcon_meta']
[0.720s] Level 1:colcon.colcon_core.package_identification:_identify(src/hw5code/__MACOSX/hw5code) by extension 'colcon_meta'
[0.720s] Level 1:colcon.colcon_core.package_identification:_identify(src/hw5code/__MACOSX/hw5code) by extensions ['ros']
[0.720s] Level 1:colcon.colcon_core.package_identification:_identify(src/hw5code/__MACOSX/hw5code) by extension 'ros'
[0.721s] Level 1:colcon.colcon_core.package_identification:_identify(src/hw5code/__MACOSX/hw5code) by extensions ['cmake', 'python']
[0.721s] Level 1:colcon.colcon_core.package_identification:_identify(src/hw5code/__MACOSX/hw5code) by extension 'cmake'
[0.721s] Level 1:colcon.colcon_core.package_identification:_identify(src/hw5code/__MACOSX/hw5code) by extension 'python'
[0.721s] Level 1:colcon.colcon_core.package_identification:_identify(src/hw5code/__MACOSX/hw5code) by extensions ['python_setup_py']
[0.721s] Level 1:colcon.colcon_core.package_identification:_identify(src/hw5code/__MACOSX/hw5code) by extension 'python_setup_py'
[0.721s] Level 1:colcon.colcon_core.package_identification:_identify(src/hw5code/__MACOSX/hw5code/meshes) by extensions ['ignore', 'ignore_ament_install']
[0.722s] Level 1:colcon.colcon_core.package_identification:_identify(src/hw5code/__MACOSX/hw5code/meshes) by extension 'ignore'
[0.722s] Level 1:colcon.colcon_core.package_identification:_identify(src/hw5code/__MACOSX/hw5code/meshes) by extension 'ignore_ament_install'
[0.722s] Level 1:colcon.colcon_core.package_identification:_identify(src/hw5code/__MACOSX/hw5code/meshes) by extensions ['colcon_pkg']
[0.722s] Level 1:colcon.colcon_core.package_identification:_identify(src/hw5code/__MACOSX/hw5code/meshes) by extension 'colcon_pkg'
[0.722s] Level 1:colcon.colcon_core.package_identification:_identify(src/hw5code/__MACOSX/hw5code/meshes) by extensions ['colcon_meta']
[0.722s] Level 1:colcon.colcon_core.package_identification:_identify(src/hw5code/__MACOSX/hw5code/meshes) by extension 'colcon_meta'
[0.722s] Level 1:colcon.colcon_core.package_identification:_identify(src/hw5code/__MACOSX/hw5code/meshes) by extensions ['ros']
[0.723s] Level 1:colcon.colcon_core.package_identification:_identify(src/hw5code/__MACOSX/hw5code/meshes) by extension 'ros'
[0.723s] Level 1:colcon.colcon_core.package_identification:_identify(src/hw5code/__MACOSX/hw5code/meshes) by extensions ['cmake', 'python']
[0.723s] Level 1:colcon.colcon_core.package_identification:_identify(src/hw5code/__MACOSX/hw5code/meshes) by extension 'cmake'
[0.723s] Level 1:colcon.colcon_core.package_identification:_identify(src/hw5code/__MACOSX/hw5code/meshes) by extension 'python'
[0.723s] Level 1:colcon.colcon_core.package_identification:_identify(src/hw5code/__MACOSX/hw5code/meshes) by extensions ['python_setup_py']
[0.723s] Level 1:colcon.colcon_core.package_identification:_identify(src/hw5code/__MACOSX/hw5code/meshes) by extension 'python_setup_py'
[0.723s] Level 1:colcon.colcon_core.package_identification:_identify(src/hw5code/build) by extensions ['ignore', 'ignore_ament_install']
[0.723s] Level 1:colcon.colcon_core.package_identification:_identify(src/hw5code/build) by extension 'ignore'
[0.723s] Level 1:colcon.colcon_core.package_identification:_identify(src/hw5code/build) ignored
[0.724s] Level 1:colcon.colcon_core.package_identification:_identify(src/hw5code/hw5code) by extensions ['ignore', 'ignore_ament_install']
[0.724s] Level 1:colcon.colcon_core.package_identification:_identify(src/hw5code/hw5code) by extension 'ignore'
[0.724s] Level 1:colcon.colcon_core.package_identification:_identify(src/hw5code/hw5code) by extension 'ignore_ament_install'
[0.724s] Level 1:colcon.colcon_core.package_identification:_identify(src/hw5code/hw5code) by extensions ['colcon_pkg']
[0.724s] Level 1:colcon.colcon_core.package_identification:_identify(src/hw5code/hw5code) by extension 'colcon_pkg'
[0.724s] Level 1:colcon.colcon_core.package_identification:_identify(src/hw5code/hw5code) by extensions ['colcon_meta']
[0.724s] Level 1:colcon.colcon_core.package_identification:_identify(src/hw5code/hw5code) by extension 'colcon_meta'
[0.724s] Level 1:colcon.colcon_core.package_identification:_identify(src/hw5code/hw5code) by extensions ['ros']
[0.724s] Level 1:colcon.colcon_core.package_identification:_identify(src/hw5code/hw5code) by extension 'ros'
[0.726s] DEBUG:colcon.colcon_core.package_identification:Package 'src/hw5code/hw5code' with type 'ros.ament_python' and name 'hw5code'
[0.727s] Level 1:colcon.colcon_core.package_identification:_identify(src/hw5code/install) by extensions ['ignore', 'ignore_ament_install']
[0.727s] Level 1:colcon.colcon_core.package_identification:_identify(src/hw5code/install) by extension 'ignore'
[0.727s] Level 1:colcon.colcon_core.package_identification:_identify(src/hw5code/install) ignored
[0.727s] Level 1:colcon.colcon_core.package_identification:_identify(src/hw5code/log) by extensions ['ignore', 'ignore_ament_install']
[0.727s] Level 1:colcon.colcon_core.package_identification:_identify(src/hw5code/log) by extension 'ignore'
[0.727s] Level 1:colcon.colcon_core.package_identification:_identify(src/hw5code/log) ignored
[0.728s] Level 1:colcon.colcon_core.package_identification:_identify(src/hw6code) by extensions ['ignore', 'ignore_ament_install']
[0.728s] Level 1:colcon.colcon_core.package_identification:_identify(src/hw6code) by extension 'ignore'
[0.728s] Level 1:colcon.colcon_core.package_identification:_identify(src/hw6code) by extension 'ignore_ament_install'
[0.728s] Level 1:colcon.colcon_core.package_identification:_identify(src/hw6code) by extensions ['colcon_pkg']
[0.728s] Level 1:colcon.colcon_core.package_identification:_identify(src/hw6code) by extension 'colcon_pkg'
[0.728s] Level 1:colcon.colcon_core.package_identification:_identify(src/hw6code) by extensions ['colcon_meta']
[0.728s] Level 1:colcon.colcon_core.package_identification:_identify(src/hw6code) by extension 'colcon_meta'
[0.728s] Level 1:colcon.colcon_core.package_identification:_identify(src/hw6code) by extensions ['ros']
[0.728s] Level 1:colcon.colcon_core.package_identification:_identify(src/hw6code) by extension 'ros'
[0.731s] DEBUG:colcon.colcon_core.package_identification:Package 'src/hw6code' with type 'ros.ament_python' and name 'hw6code'
[0.731s] Level 1:colcon.colcon_core.package_discovery:discover_packages(recursive) using defaults
[0.731s] Level 1:colcon.colcon_core.package_discovery:discover_packages(ignore) discover
[0.731s] Level 1:colcon.colcon_core.package_discovery:discover_packages(ignore) using defaults
[0.731s] Level 1:colcon.colcon_core.package_discovery:discover_packages(path) discover
[0.731s] Level 1:colcon.colcon_core.package_discovery:discover_packages(path) using defaults
[0.807s] Level 1:colcon.colcon_core.package_discovery:discover_packages(prefix_path) check parameters
[0.808s] Level 1:colcon.colcon_core.package_discovery:discover_packages(prefix_path) discover
[0.816s] DEBUG:colcon.colcon_installed_package_information.package_discovery:Found 9 installed packages in /home/hope/133ws/install
[0.822s] DEBUG:colcon.colcon_installed_package_information.package_discovery:Found 399 installed packages in /opt/ros/humble
[0.829s] Level 1:colcon.colcon_core.package_discovery:discover_packages(prefix_path) using defaults
[1.015s] Level 5:colcon.colcon_core.verb:set package 'atlas_description' build argument 'cmake_args' from command line to 'None'
[1.015s] Level 5:colcon.colcon_core.verb:set package 'atlas_description' build argument 'cmake_target' from command line to 'None'
[1.016s] Level 5:colcon.colcon_core.verb:set package 'atlas_description' build argument 'cmake_target_skip_unavailable' from command line to 'False'
[1.016s] Level 5:colcon.colcon_core.verb:set package 'atlas_description' build argument 'cmake_clean_cache' from command line to 'False'
[1.016s] Level 5:colcon.colcon_core.verb:set package 'atlas_description' build argument 'cmake_clean_first' from command line to 'False'
[1.016s] Level 5:colcon.colcon_core.verb:set package 'atlas_description' build argument 'cmake_force_configure' from command line to 'False'
[1.016s] Level 5:colcon.colcon_core.verb:set package 'atlas_description' build argument 'ament_cmake_args' from command line to 'None'
[1.016s] Level 5:colcon.colcon_core.verb:set package 'atlas_description' build argument 'catkin_cmake_args' from command line to 'None'
[1.016s] Level 5:colcon.colcon_core.verb:set package 'atlas_description' build argument 'catkin_skip_building_tests' from command line to 'False'
[1.016s] DEBUG:colcon.colcon_core.verb:Building package 'atlas_description' with the following arguments: {'ament_cmake_args': None, 'build_base': '/home/hope/133final/build/atlas_description', 'catkin_cmake_args': None, 'catkin_skip_building_tests': False, 'cmake_args': None, 'cmake_clean_cache': False, 'cmake_clean_first': False, 'cmake_force_configure': False, 'cmake_target': None, 'cmake_target_skip_unavailable': False, 'install_base': '/home/hope/133final/install/atlas_description', 'merge_install': False, 'path': '/home/hope/133final/src/atlas_description', 'symlink_install': True, 'test_result_base': None}
[1.018s] Level 5:colcon.colcon_core.verb:set package 'gazebodemo' build argument 'cmake_args' from command line to 'None'
[1.018s] Level 5:colcon.colcon_core.verb:set package 'gazebodemo' build argument 'cmake_target' from command line to 'None'
[1.018s] Level 5:colcon.colcon_core.verb:set package 'gazebodemo' build argument 'cmake_target_skip_unavailable' from command line to 'False'
[1.018s] Level 5:colcon.colcon_core.verb:set package 'gazebodemo' build argument 'cmake_clean_cache' from command line to 'False'
[1.018s] Level 5:colcon.colcon_core.verb:set package 'gazebodemo' build argument 'cmake_clean_first' from command line to 'False'
[1.018s] Level 5:colcon.colcon_core.verb:set package 'gazebodemo' build argument 'cmake_force_configure' from command line to 'False'
[1.018s] Level 5:colcon.colcon_core.verb:set package 'gazebodemo' build argument 'ament_cmake_args' from command line to 'None'
[1.018s] Level 5:colcon.colcon_core.verb:set package 'gazebodemo' build argument 'catkin_cmake_args' from command line to 'None'
[1.018s] Level 5:colcon.colcon_core.verb:set package 'gazebodemo' build argument 'catkin_skip_building_tests' from command line to 'False'
[1.019s] DEBUG:colcon.colcon_core.verb:Building package 'gazebodemo' with the following arguments: {'ament_cmake_args': None, 'build_base': '/home/hope/133final/build/gazebodemo', 'catkin_cmake_args': None, 'catkin_skip_building_tests': False, 'cmake_args': None, 'cmake_clean_cache': False, 'cmake_clean_first': False, 'cmake_force_configure': False, 'cmake_target': None, 'cmake_target_skip_unavailable': False, 'install_base': '/home/hope/133final/install/gazebodemo', 'merge_install': False, 'path': '/home/hope/133final/src/gazebodemo/gazebodemo', 'symlink_install': True, 'test_result_base': None}
[1.020s] Level 5:colcon.colcon_core.verb:set package 'hw4code' build argument 'cmake_args' from command line to 'None'
[1.021s] Level 5:colcon.colcon_core.verb:set package 'hw4code' build argument 'cmake_target' from command line to 'None'
[1.021s] Level 5:colcon.colcon_core.verb:set package 'hw4code' build argument 'cmake_target_skip_unavailable' from command line to 'False'
[1.021s] Level 5:colcon.colcon_core.verb:set package 'hw4code' build argument 'cmake_clean_cache' from command line to 'False'
[1.021s] Level 5:colcon.colcon_core.verb:set package 'hw4code' build argument 'cmake_clean_first' from command line to 'False'
[1.021s] Level 5:colcon.colcon_core.verb:set package 'hw4code' build argument 'cmake_force_configure' from command line to 'False'
[1.021s] Level 5:colcon.colcon_core.verb:set package 'hw4code' build argument 'ament_cmake_args' from command line to 'None'
[1.021s] Level 5:colcon.colcon_core.verb:set package 'hw4code' build argument 'catkin_cmake_args' from command line to 'None'
[1.021s] Level 5:colcon.colcon_core.verb:set package 'hw4code' build argument 'catkin_skip_building_tests' from command line to 'False'
[1.021s] DEBUG:colcon.colcon_core.verb:Building package 'hw4code' with the following arguments: {'ament_cmake_args': None, 'build_base': '/home/hope/133final/build/hw4code', 'catkin_cmake_args': None, 'catkin_skip_building_tests': False, 'cmake_args': None, 'cmake_clean_cache': False, 'cmake_clean_first': False, 'cmake_force_configure': False, 'cmake_target': None, 'cmake_target_skip_unavailable': False, 'install_base': '/home/hope/133final/install/hw4code', 'merge_install': False, 'path': '/home/hope/133final/src/hw4code', 'symlink_install': True, 'test_result_base': None}
[1.023s] Level 5:colcon.colcon_core.verb:set package 'hw5code' build argument 'cmake_args' from command line to 'None'
[1.023s] Level 5:colcon.colcon_core.verb:set package 'hw5code' build argument 'cmake_target' from command line to 'None'
[1.023s] Level 5:colcon.colcon_core.verb:set package 'hw5code' build argument 'cmake_target_skip_unavailable' from command line to 'False'
[1.023s] Level 5:colcon.colcon_core.verb:set package 'hw5code' build argument 'cmake_clean_cache' from command line to 'False'
[1.023s] Level 5:colcon.colcon_core.verb:set package 'hw5code' build argument 'cmake_clean_first' from command line to 'False'
[1.023s] Level 5:colcon.colcon_core.verb:set package 'hw5code' build argument 'cmake_force_configure' from command line to 'False'
[1.023s] Level 5:colcon.colcon_core.verb:set package 'hw5code' build argument 'ament_cmake_args' from command line to 'None'
[1.023s] Level 5:colcon.colcon_core.verb:set package 'hw5code' build argument 'catkin_cmake_args' from command line to 'None'
[1.023s] Level 5:colcon.colcon_core.verb:set package 'hw5code' build argument 'catkin_skip_building_tests' from command line to 'False'
[1.023s] DEBUG:colcon.colcon_core.verb:Building package 'hw5code' with the following arguments: {'ament_cmake_args': None, 'build_base': '/home/hope/133final/build/hw5code', 'catkin_cmake_args': None, 'catkin_skip_building_tests': False, 'cmake_args': None, 'cmake_clean_cache': False, 'cmake_clean_first': False, 'cmake_force_configure': False, 'cmake_target': None, 'cmake_target_skip_unavailable': False, 'install_base': '/home/hope/133final/install/hw5code', 'merge_install': False, 'path': '/home/hope/133final/src/hw5code/hw5code', 'symlink_install': True, 'test_result_base': None}
[1.025s] Level 5:colcon.colcon_core.verb:set package 'hw6code' build argument 'cmake_args' from command line to 'None'
[1.025s] Level 5:colcon.colcon_core.verb:set package 'hw6code' build argument 'cmake_target' from command line to 'None'
[1.025s] Level 5:colcon.colcon_core.verb:set package 'hw6code' build argument 'cmake_target_skip_unavailable' from command line to 'False'
[1.025s] Level 5:colcon.colcon_core.verb:set package 'hw6code' build argument 'cmake_clean_cache' from command line to 'False'
[1.025s] Level 5:colcon.colcon_core.verb:set package 'hw6code' build argument 'cmake_clean_first' from command line to 'False'
[1.025s] Level 5:colcon.colcon_core.verb:set package 'hw6code' build argument 'cmake_force_configure' from command line to 'False'
[1.025s] Level 5:colcon.colcon_core.verb:set package 'hw6code' build argument 'ament_cmake_args' from command line to 'None'
[1.025s] Level 5:colcon.colcon_core.verb:set package 'hw6code' build argument 'catkin_cmake_args' from command line to 'None'
[1.025s] Level 5:colcon.colcon_core.verb:set package 'hw6code' build argument 'catkin_skip_building_tests' from command line to 'False'
[1.025s] DEBUG:colcon.colcon_core.verb:Building package 'hw6code' with the following arguments: {'ament_cmake_args': None, 'build_base': '/home/hope/133final/build/hw6code', 'catkin_cmake_args': None, 'catkin_skip_building_tests': False, 'cmake_args': None, 'cmake_clean_cache': False, 'cmake_clean_first': False, 'cmake_force_configure': False, 'cmake_target': None, 'cmake_target_skip_unavailable': False, 'install_base': '/home/hope/133final/install/hw6code', 'merge_install': False, 'path': '/home/hope/133final/src/hw6code', 'symlink_install': True, 'test_result_base': None}
[1.026s] INFO:colcon.colcon_core.executor:Executing jobs using 'parallel' executor
[1.034s] DEBUG:colcon.colcon_parallel_executor.executor.parallel:run_until_complete
[1.035s] INFO:colcon.colcon_ros.task.ament_cmake.build:Building ROS package in '/home/hope/133final/src/atlas_description' with build type 'ament_cmake'
[1.035s] INFO:colcon.colcon_cmake.task.cmake.build:Building CMake package in '/home/hope/133final/src/atlas_description'
[1.043s] INFO:colcon.colcon_core.plugin_system:Skipping extension 'colcon_core.shell.bat': Not used on non-Windows systems
[1.043s] INFO:colcon.colcon_core.shell:Skip shell extension 'powershell' for command environment: Not usable outside of PowerShell
[1.043s] DEBUG:colcon.colcon_core.shell:Skip shell extension 'dsv' for command environment
[1.055s] INFO:colcon.colcon_ros.task.ament_python.build:Building ROS package in '/home/hope/133final/src/gazebodemo/gazebodemo' with build type 'ament_python'
[1.056s] Level 1:colcon.colcon_core.shell:create_environment_hook('gazebodemo', 'ament_prefix_path')
[1.058s] INFO:colcon.colcon_core.shell:Creating environment hook '/home/hope/133final/install/gazebodemo/share/gazebodemo/hook/ament_prefix_path.ps1'
[1.060s] INFO:colcon.colcon_core.shell:Creating environment descriptor '/home/hope/133final/install/gazebodemo/share/gazebodemo/hook/ament_prefix_path.dsv'
[1.061s] INFO:colcon.colcon_core.shell:Creating environment hook '/home/hope/133final/install/gazebodemo/share/gazebodemo/hook/ament_prefix_path.sh'
[1.065s] INFO:colcon.colcon_core.shell:Skip shell extension 'powershell' for command environment: Not usable outside of PowerShell
[1.065s] DEBUG:colcon.colcon_core.shell:Skip shell extension 'dsv' for command environment
[1.075s] INFO:colcon.colcon_ros.task.ament_python.build:Building ROS package in '/home/hope/133final/src/hw4code' with build type 'ament_python'
[1.076s] Level 1:colcon.colcon_core.shell:create_environment_hook('hw4code', 'ament_prefix_path')
[1.078s] INFO:colcon.colcon_core.shell:Creating environment hook '/home/hope/133final/install/hw4code/share/hw4code/hook/ament_prefix_path.ps1'
[1.079s] INFO:colcon.colcon_core.shell:Creating environment descriptor '/home/hope/133final/install/hw4code/share/hw4code/hook/ament_prefix_path.dsv'
[1.080s] INFO:colcon.colcon_core.shell:Creating environment hook '/home/hope/133final/install/hw4code/share/hw4code/hook/ament_prefix_path.sh'
[1.082s] INFO:colcon.colcon_core.shell:Skip shell extension 'powershell' for command environment: Not usable outside of PowerShell
[1.082s] DEBUG:colcon.colcon_core.shell:Skip shell extension 'dsv' for command environment
[1.094s] INFO:colcon.colcon_ros.task.ament_python.build:Building ROS package in '/home/hope/133final/src/hw5code/hw5code' with build type 'ament_python'
[1.095s] Level 1:colcon.colcon_core.shell:create_environment_hook('hw5code', 'ament_prefix_path')
[1.097s] INFO:colcon.colcon_core.shell:Creating environment hook '/home/hope/133final/install/hw5code/share/hw5code/hook/ament_prefix_path.ps1'
[1.098s] INFO:colcon.colcon_core.shell:Creating environment descriptor '/home/hope/133final/install/hw5code/share/hw5code/hook/ament_prefix_path.dsv'
[1.099s] INFO:colcon.colcon_core.shell:Creating environment hook '/home/hope/133final/install/hw5code/share/hw5code/hook/ament_prefix_path.sh'
[1.102s] INFO:colcon.colcon_core.shell:Skip shell extension 'powershell' for command environment: Not usable outside of PowerShell
[1.102s] DEBUG:colcon.colcon_core.shell:Skip shell extension 'dsv' for command environment
[1.112s] INFO:colcon.colcon_ros.task.ament_python.build:Building ROS package in '/home/hope/133final/src/hw6code' with build type 'ament_python'
[1.112s] Level 1:colcon.colcon_core.shell:create_environment_hook('hw6code', 'ament_prefix_path')
[1.115s] INFO:colcon.colcon_core.shell:Creating environment hook '/home/hope/133final/install/hw6code/share/hw6code/hook/ament_prefix_path.ps1'
[1.118s] INFO:colcon.colcon_core.shell:Creating environment descriptor '/home/hope/133final/install/hw6code/share/hw6code/hook/ament_prefix_path.dsv'
[1.119s] INFO:colcon.colcon_core.shell:Creating environment hook '/home/hope/133final/install/hw6code/share/hw6code/hook/ament_prefix_path.sh'
[1.124s] INFO:colcon.colcon_core.shell:Skip shell extension 'powershell' for command environment: Not usable outside of PowerShell
[1.124s] DEBUG:colcon.colcon_core.shell:Skip shell extension 'dsv' for command environment
[1.145s] DEBUG:colcon.colcon_core.event_handler.log_command:Invoking command in '/home/hope/133final/build/atlas_description': CMAKE_PREFIX_PATH=${CMAKE_PREFIX_PATH}:/home/hope/133ws/install/ungrounded:/home/hope/133ws/install/hwsols:/home/hope/133ws/install/hw7code:/home/hope/133ws/install/hw6code:/home/hope/133ws/install/hw5code:/home/hope/133ws/install/hw4code:/home/hope/133ws/install/hw3code:/home/hope/133ws/install/gazebodemo:/opt/ros/humble /usr/bin/cmake /home/hope/133final/src/atlas_description -DAMENT_CMAKE_SYMLINK_INSTALL=1 -DCMAKE_INSTALL_PREFIX=/home/hope/133final/install/atlas_description
[1.695s] INFO:colcon.colcon_core.task.python.build:Building Python package in '/home/hope/133final/src/gazebodemo/gazebodemo'
[1.699s] INFO:colcon.colcon_core.shell:Skip shell extension 'powershell' for command environment: Not usable outside of PowerShell
[1.699s] DEBUG:colcon.colcon_core.shell:Skip shell extension 'dsv' for command environment
[2.259s] INFO:colcon.colcon_core.task.python.build:Building Python package in '/home/hope/133final/src/hw4code'
[2.262s] INFO:colcon.colcon_core.shell:Skip shell extension 'powershell' for command environment: Not usable outside of PowerShell
[2.262s] DEBUG:colcon.colcon_core.shell:Skip shell extension 'dsv' for command environment
[2.761s] INFO:colcon.colcon_core.task.python.build:Building Python package in '/home/hope/133final/src/hw5code/hw5code'
[2.763s] INFO:colcon.colcon_core.shell:Skip shell extension 'powershell' for command environment: Not usable outside of PowerShell
[2.763s] DEBUG:colcon.colcon_core.shell:Skip shell extension 'dsv' for command environment
[3.270s] INFO:colcon.colcon_core.task.python.build:Building Python package in '/home/hope/133final/src/hw6code'
[3.272s] INFO:colcon.colcon_core.shell:Skip shell extension 'powershell' for command environment: Not usable outside of PowerShell
[3.273s] DEBUG:colcon.colcon_core.shell:Skip shell extension 'dsv' for command environment
[3.294s] DEBUG:colcon.colcon_core.event_handler.log_command:Invoked command in '/home/hope/133final/build/atlas_description' returned '0': CMAKE_PREFIX_PATH=${CMAKE_PREFIX_PATH}:/home/hope/133ws/install/ungrounded:/home/hope/133ws/install/hwsols:/home/hope/133ws/install/hw7code:/home/hope/133ws/install/hw6code:/home/hope/133ws/install/hw5code:/home/hope/133ws/install/hw4code:/home/hope/133ws/install/hw3code:/home/hope/133ws/install/gazebodemo:/opt/ros/humble /usr/bin/cmake /home/hope/133final/src/atlas_description -DAMENT_CMAKE_SYMLINK_INSTALL=1 -DCMAKE_INSTALL_PREFIX=/home/hope/133final/install/atlas_description
[3.296s] DEBUG:colcon.colcon_core.event_handler.log_command:Invoking command in '/home/hope/133final/build/atlas_description': CMAKE_PREFIX_PATH=${CMAKE_PREFIX_PATH}:/home/hope/133ws/install/ungrounded:/home/hope/133ws/install/hwsols:/home/hope/133ws/install/hw7code:/home/hope/133ws/install/hw6code:/home/hope/133ws/install/hw5code:/home/hope/133ws/install/hw4code:/home/hope/133ws/install/hw3code:/home/hope/133ws/install/gazebodemo:/opt/ros/humble /usr/bin/cmake --build /home/hope/133final/build/atlas_description -- -j6 -l6
[3.349s] DEBUG:colcon.colcon_core.event_handler.log_command:Invoked command in '/home/hope/133final/build/atlas_description' returned '0': CMAKE_PREFIX_PATH=${CMAKE_PREFIX_PATH}:/home/hope/133ws/install/ungrounded:/home/hope/133ws/install/hwsols:/home/hope/133ws/install/hw7code:/home/hope/133ws/install/hw6code:/home/hope/133ws/install/hw5code:/home/hope/133ws/install/hw4code:/home/hope/133ws/install/hw3code:/home/hope/133ws/install/gazebodemo:/opt/ros/humble /usr/bin/cmake --build /home/hope/133final/build/atlas_description -- -j6 -l6
[3.418s] DEBUG:colcon.colcon_core.event_handler.log_command:Invoking command in '/home/hope/133final/build/atlas_description': CMAKE_PREFIX_PATH=${CMAKE_PREFIX_PATH}:/home/hope/133ws/install/ungrounded:/home/hope/133ws/install/hwsols:/home/hope/133ws/install/hw7code:/home/hope/133ws/install/hw6code:/home/hope/133ws/install/hw5code:/home/hope/133ws/install/hw4code:/home/hope/133ws/install/hw3code:/home/hope/133ws/install/gazebodemo:/opt/ros/humble /usr/bin/cmake --install /home/hope/133final/build/atlas_description
[4.063s] DEBUG:colcon.colcon_core.event_handler.log_command:Invoking command in '/home/hope/133final/build/hw4code': PYTHONPATH=/home/hope/133final/install/hw4code/lib/python3.10/site-packages:${PYTHONPATH} /usr/bin/python3 setup.py develop --prefix /home/hope/133final/install/hw4code --editable --build-directory /home/hope/133final/build/hw4code/build --no-deps install_data --install-dir /home/hope/133final/install/hw4code
[4.097s] DEBUG:colcon.colcon_core.event_handler.log_command:Invoking command in '/home/hope/133final/build/gazebodemo': PYTHONPATH=/home/hope/133final/install/gazebodemo/lib/python3.10/site-packages:${PYTHONPATH} /usr/bin/python3 setup.py develop --prefix /home/hope/133final/install/gazebodemo --editable --build-directory /home/hope/133final/build/gazebodemo/build --no-deps install_data --install-dir /home/hope/133final/install/gazebodemo
[4.102s] DEBUG:colcon.colcon_core.event_handler.log_command:Invoking command in '/home/hope/133final/build/hw6code': PYTHONPATH=/home/hope/133final/install/hw6code/lib/python3.10/site-packages:${PYTHONPATH} /usr/bin/python3 setup.py develop --prefix /home/hope/133final/install/hw6code --editable --build-directory /home/hope/133final/build/hw6code/build --no-deps install_data --install-dir /home/hope/133final/install/hw6code
[4.119s] DEBUG:colcon.colcon_core.event_handler.log_command:Invoking command in '/home/hope/133final/build/hw5code': PYTHONPATH=/home/hope/133final/install/hw5code/lib/python3.10/site-packages:${PYTHONPATH} /usr/bin/python3 setup.py develop --prefix /home/hope/133final/install/hw5code --editable --build-directory /home/hope/133final/build/hw5code/build --no-deps install_data --install-dir /home/hope/133final/install/hw5code
[4.426s] Level 1:colcon.colcon_core.environment:create_environment_scripts_only(atlas_description)
[4.429s] DEBUG:colcon.colcon_core.event_handler.log_command:Invoked command in '/home/hope/133final/build/atlas_description' returned '0': CMAKE_PREFIX_PATH=${CMAKE_PREFIX_PATH}:/home/hope/133ws/install/ungrounded:/home/hope/133ws/install/hwsols:/home/hope/133ws/install/hw7code:/home/hope/133ws/install/hw6code:/home/hope/133ws/install/hw5code:/home/hope/133ws/install/hw4code:/home/hope/133ws/install/hw3code:/home/hope/133ws/install/gazebodemo:/opt/ros/humble /usr/bin/cmake --install /home/hope/133final/build/atlas_description
[4.435s] Level 1:colcon.colcon_core.environment:checking '/home/hope/133final/install/atlas_description' for CMake module files
[4.437s] Level 1:colcon.colcon_core.environment:checking '/home/hope/133final/install/atlas_description' for CMake config files
[4.438s] Level 1:colcon.colcon_core.shell:create_environment_hook('atlas_description', 'cmake_prefix_path')
[4.441s] INFO:colcon.colcon_core.shell:Creating environment hook '/home/hope/133final/install/atlas_description/share/atlas_description/hook/cmake_prefix_path.ps1'
[4.441s] INFO:colcon.colcon_core.shell:Creating environment descriptor '/home/hope/133final/install/atlas_description/share/atlas_description/hook/cmake_prefix_path.dsv'
[4.441s] INFO:colcon.colcon_core.shell:Creating environment hook '/home/hope/133final/install/atlas_description/share/atlas_description/hook/cmake_prefix_path.sh'
[4.442s] Level 1:colcon.colcon_core.environment:checking '/home/hope/133final/install/atlas_description/bin'
[4.442s] Level 1:colcon.colcon_core.environment:checking '/home/hope/133final/install/atlas_description/lib/pkgconfig/atlas_description.pc'
[4.443s] Level 1:colcon.colcon_core.environment:checking '/home/hope/133final/install/atlas_description/lib/python3.10/site-packages'
[4.443s] Level 1:colcon.colcon_core.environment:checking '/home/hope/133final/install/atlas_description/bin'
[4.447s] INFO:colcon.colcon_core.shell:Creating package script '/home/hope/133final/install/atlas_description/share/atlas_description/package.ps1'
[4.448s] INFO:colcon.colcon_core.shell:Creating package descriptor '/home/hope/133final/install/atlas_description/share/atlas_description/package.dsv'
[4.449s] INFO:colcon.colcon_core.shell:Creating package script '/home/hope/133final/install/atlas_description/share/atlas_description/package.sh'
[4.451s] INFO:colcon.colcon_core.shell:Creating package script '/home/hope/133final/install/atlas_description/share/atlas_description/package.bash'
[4.453s] INFO:colcon.colcon_core.shell:Creating package script '/home/hope/133final/install/atlas_description/share/atlas_description/package.zsh'
[4.454s] Level 1:colcon.colcon_core.environment:create_file_with_runtime_dependencies(/home/hope/133final/install/atlas_description/share/colcon-core/packages/atlas_description)
[4.491s] Level 1:colcon.colcon_core.environment:create_environment_scripts_only(atlas_description)
[4.497s] Level 1:colcon.colcon_core.environment:checking '/home/hope/133final/install/atlas_description' for CMake module files
[4.499s] Level 1:colcon.colcon_core.environment:checking '/home/hope/133final/install/atlas_description' for CMake config files
[4.500s] Level 1:colcon.colcon_core.shell:create_environment_hook('atlas_description', 'cmake_prefix_path')
[4.504s] INFO:colcon.colcon_core.shell:Creating environment hook '/home/hope/133final/install/atlas_description/share/atlas_description/hook/cmake_prefix_path.ps1'
[4.505s] INFO:colcon.colcon_core.shell:Creating environment descriptor '/home/hope/133final/install/atlas_description/share/atlas_description/hook/cmake_prefix_path.dsv'
[4.506s] INFO:colcon.colcon_core.shell:Creating environment hook '/home/hope/133final/install/atlas_description/share/atlas_description/hook/cmake_prefix_path.sh'
[4.507s] Level 1:colcon.colcon_core.environment:checking '/home/hope/133final/install/atlas_description/bin'
[4.507s] Level 1:colcon.colcon_core.environment:checking '/home/hope/133final/install/atlas_description/lib/pkgconfig/atlas_description.pc'
[4.508s] Level 1:colcon.colcon_core.environment:checking '/home/hope/133final/install/atlas_description/lib/python3.10/site-packages'
[4.509s] Level 1:colcon.colcon_core.environment:checking '/home/hope/133final/install/atlas_description/bin'
[4.513s] INFO:colcon.colcon_core.shell:Creating package script '/home/hope/133final/install/atlas_description/share/atlas_description/package.ps1'
[4.514s] INFO:colcon.colcon_core.shell:Creating package descriptor '/home/hope/133final/install/atlas_description/share/atlas_description/package.dsv'
[4.514s] INFO:colcon.colcon_core.shell:Creating package script '/home/hope/133final/install/atlas_description/share/atlas_description/package.sh'
[4.515s] INFO:colcon.colcon_core.shell:Creating package script '/home/hope/133final/install/atlas_description/share/atlas_description/package.bash'
[4.516s] INFO:colcon.colcon_core.shell:Creating package script '/home/hope/133final/install/atlas_description/share/atlas_description/package.zsh'
[4.517s] Level 1:colcon.colcon_core.environment:create_file_with_runtime_dependencies(/home/hope/133final/install/atlas_description/share/colcon-core/packages/atlas_description)
[5.091s] Level 1:colcon.colcon_core.shell:create_environment_hook('hw4code', 'pythonpath_develop')
[5.095s] INFO:colcon.colcon_core.shell:Creating environment hook '/home/hope/133final/build/hw4code/share/hw4code/hook/pythonpath_develop.ps1'
[5.096s] INFO:colcon.colcon_core.shell:Creating environment descriptor '/home/hope/133final/build/hw4code/share/hw4code/hook/pythonpath_develop.dsv'
[5.097s] INFO:colcon.colcon_core.shell:Creating environment hook '/home/hope/133final/build/hw4code/share/hw4code/hook/pythonpath_develop.sh'
[5.101s] Level 1:colcon.colcon_core.environment:checking '/home/hope/133final/install/hw4code' for CMake module files
[5.103s] DEBUG:colcon.colcon_core.event_handler.log_command:Invoked command in '/home/hope/133final/build/hw4code' returned '0': PYTHONPATH=/home/hope/133final/install/hw4code/lib/python3.10/site-packages:${PYTHONPATH} /usr/bin/python3 setup.py develop --prefix /home/hope/133final/install/hw4code --editable --build-directory /home/hope/133final/build/hw4code/build --no-deps install_data --install-dir /home/hope/133final/install/hw4code
[5.104s] Level 1:colcon.colcon_core.environment:checking '/home/hope/133final/install/hw4code' for CMake config files
[5.105s] Level 1:colcon.colcon_core.environment:checking '/home/hope/133final/install/hw4code/lib'
[5.105s] Level 1:colcon.colcon_core.environment:checking '/home/hope/133final/install/hw4code/bin'
[5.105s] Level 1:colcon.colcon_core.environment:checking '/home/hope/133final/install/hw4code/lib/pkgconfig/hw4code.pc'
[5.105s] Level 1:colcon.colcon_core.environment:checking '/home/hope/133final/install/hw4code/lib/python3.10/site-packages'
[5.105s] Level 1:colcon.colcon_core.shell:create_environment_hook('hw4code', 'pythonpath')
[5.108s] INFO:colcon.colcon_core.shell:Creating environment hook '/home/hope/133final/install/hw4code/share/hw4code/hook/pythonpath.ps1'
[5.109s] INFO:colcon.colcon_core.shell:Creating environment descriptor '/home/hope/133final/install/hw4code/share/hw4code/hook/pythonpath.dsv'
[5.109s] INFO:colcon.colcon_core.shell:Creating environment hook '/home/hope/133final/install/hw4code/share/hw4code/hook/pythonpath.sh'
[5.110s] Level 1:colcon.colcon_core.environment:checking '/home/hope/133final/install/hw4code/bin'
[5.110s] Level 1:colcon.colcon_core.environment:create_environment_scripts_only(hw4code)
[5.113s] INFO:colcon.colcon_core.shell:Creating package script '/home/hope/133final/install/hw4code/share/hw4code/package.ps1'
[5.121s] INFO:colcon.colcon_core.shell:Creating package descriptor '/home/hope/133final/install/hw4code/share/hw4code/package.dsv'
[5.124s] INFO:colcon.colcon_core.shell:Creating package script '/home/hope/133final/install/hw4code/share/hw4code/package.sh'
[5.129s] INFO:colcon.colcon_core.shell:Creating package script '/home/hope/133final/install/hw4code/share/hw4code/package.bash'
[5.130s] INFO:colcon.colcon_core.shell:Creating package script '/home/hope/133final/install/hw4code/share/hw4code/package.zsh'
[5.130s] Level 1:colcon.colcon_core.environment:create_file_with_runtime_dependencies(/home/hope/133final/install/hw4code/share/colcon-core/packages/hw4code)
[5.149s] Level 1:colcon.colcon_core.shell:create_environment_hook('gazebodemo', 'pythonpath_develop')
[5.154s] INFO:colcon.colcon_core.shell:Creating environment hook '/home/hope/133final/build/gazebodemo/share/gazebodemo/hook/pythonpath_develop.ps1'
[5.155s] INFO:colcon.colcon_core.shell:Creating environment descriptor '/home/hope/133final/build/gazebodemo/share/gazebodemo/hook/pythonpath_develop.dsv'
[5.155s] INFO:colcon.colcon_core.shell:Creating environment hook '/home/hope/133final/build/gazebodemo/share/gazebodemo/hook/pythonpath_develop.sh'
[5.161s] Level 1:colcon.colcon_core.environment:checking '/home/hope/133final/install/gazebodemo' for CMake module files
[5.162s] DEBUG:colcon.colcon_core.event_handler.log_command:Invoked command in '/home/hope/133final/build/gazebodemo' returned '0': PYTHONPATH=/home/hope/133final/install/gazebodemo/lib/python3.10/site-packages:${PYTHONPATH} /usr/bin/python3 setup.py develop --prefix /home/hope/133final/install/gazebodemo --editable --build-directory /home/hope/133final/build/gazebodemo/build --no-deps install_data --install-dir /home/hope/133final/install/gazebodemo
[5.163s] Level 1:colcon.colcon_core.environment:checking '/home/hope/133final/install/gazebodemo' for CMake config files
[5.164s] Level 1:colcon.colcon_core.environment:checking '/home/hope/133final/install/gazebodemo/lib'
[5.164s] Level 1:colcon.colcon_core.environment:checking '/home/hope/133final/install/gazebodemo/bin'
[5.164s] Level 1:colcon.colcon_core.environment:checking '/home/hope/133final/install/gazebodemo/lib/pkgconfig/gazebodemo.pc'
[5.165s] Level 1:colcon.colcon_core.environment:checking '/home/hope/133final/install/gazebodemo/lib/python3.10/site-packages'
[5.165s] Level 1:colcon.colcon_core.shell:create_environment_hook('gazebodemo', 'pythonpath')
[5.168s] INFO:colcon.colcon_core.shell:Creating environment hook '/home/hope/133final/install/gazebodemo/share/gazebodemo/hook/pythonpath.ps1'
[5.169s] INFO:colcon.colcon_core.shell:Creating environment descriptor '/home/hope/133final/install/gazebodemo/share/gazebodemo/hook/pythonpath.dsv'
[5.170s] INFO:colcon.colcon_core.shell:Creating environment hook '/home/hope/133final/install/gazebodemo/share/gazebodemo/hook/pythonpath.sh'
[5.171s] Level 1:colcon.colcon_core.environment:checking '/home/hope/133final/install/gazebodemo/bin'
[5.172s] Level 1:colcon.colcon_core.environment:create_environment_scripts_only(gazebodemo)
[5.175s] INFO:colcon.colcon_core.shell:Creating package script '/home/hope/133final/install/gazebodemo/share/gazebodemo/package.ps1'
[5.178s] INFO:colcon.colcon_core.shell:Creating package descriptor '/home/hope/133final/install/gazebodemo/share/gazebodemo/package.dsv'
[5.179s] INFO:colcon.colcon_core.shell:Creating package script '/home/hope/133final/install/gazebodemo/share/gazebodemo/package.sh'
[5.180s] INFO:colcon.colcon_core.shell:Creating package script '/home/hope/133final/install/gazebodemo/share/gazebodemo/package.bash'
[5.180s] INFO:colcon.colcon_core.shell:Creating package script '/home/hope/133final/install/gazebodemo/share/gazebodemo/package.zsh'
[5.180s] Level 1:colcon.colcon_core.environment:create_file_with_runtime_dependencies(/home/hope/133final/install/gazebodemo/share/colcon-core/packages/gazebodemo)
[5.188s] Level 1:colcon.colcon_core.shell:create_environment_hook('hw6code', 'pythonpath_develop')
[5.189s] DEBUG:colcon.colcon_core.event_handler.log_command:Invoked command in '/home/hope/133final/build/hw6code' returned '0': PYTHONPATH=/home/hope/133final/install/hw6code/lib/python3.10/site-packages:${PYTHONPATH} /usr/bin/python3 setup.py develop --prefix /home/hope/133final/install/hw6code --editable --build-directory /home/hope/133final/build/hw6code/build --no-deps install_data --install-dir /home/hope/133final/install/hw6code
[5.192s] INFO:colcon.colcon_core.shell:Creating environment hook '/home/hope/133final/build/hw6code/share/hw6code/hook/pythonpath_develop.ps1'
[5.193s] INFO:colcon.colcon_core.shell:Creating environment descriptor '/home/hope/133final/build/hw6code/share/hw6code/hook/pythonpath_develop.dsv'
[5.194s] INFO:colcon.colcon_core.shell:Creating environment hook '/home/hope/133final/build/hw6code/share/hw6code/hook/pythonpath_develop.sh'
[5.198s] Level 1:colcon.colcon_core.environment:checking '/home/hope/133final/install/hw6code' for CMake module files
[5.199s] Level 1:colcon.colcon_core.environment:checking '/home/hope/133final/install/hw6code' for CMake config files
[5.200s] Level 1:colcon.colcon_core.environment:checking '/home/hope/133final/install/hw6code/lib'
[5.201s] Level 1:colcon.colcon_core.environment:checking '/home/hope/133final/install/hw6code/bin'
[5.201s] Level 1:colcon.colcon_core.environment:checking '/home/hope/133final/install/hw6code/lib/pkgconfig/hw6code.pc'
[5.201s] Level 1:colcon.colcon_core.environment:checking '/home/hope/133final/install/hw6code/lib/python3.10/site-packages'
[5.201s] Level 1:colcon.colcon_core.shell:create_environment_hook('hw6code', 'pythonpath')
[5.205s] INFO:colcon.colcon_core.shell:Creating environment hook '/home/hope/133final/install/hw6code/share/hw6code/hook/pythonpath.ps1'
[5.205s] INFO:colcon.colcon_core.shell:Creating environment descriptor '/home/hope/133final/install/hw6code/share/hw6code/hook/pythonpath.dsv'
[5.206s] INFO:colcon.colcon_core.shell:Creating environment hook '/home/hope/133final/install/hw6code/share/hw6code/hook/pythonpath.sh'
[5.206s] Level 1:colcon.colcon_core.environment:checking '/home/hope/133final/install/hw6code/bin'
[5.206s] Level 1:colcon.colcon_core.environment:create_environment_scripts_only(hw6code)
[5.211s] INFO:colcon.colcon_core.shell:Creating package script '/home/hope/133final/install/hw6code/share/hw6code/package.ps1'
[5.212s] INFO:colcon.colcon_core.shell:Creating package descriptor '/home/hope/133final/install/hw6code/share/hw6code/package.dsv'
[5.213s] INFO:colcon.colcon_core.shell:Creating package script '/home/hope/133final/install/hw6code/share/hw6code/package.sh'
[5.213s] INFO:colcon.colcon_core.shell:Creating package script '/home/hope/133final/install/hw6code/share/hw6code/package.bash'
[5.213s] INFO:colcon.colcon_core.shell:Creating package script '/home/hope/133final/install/hw6code/share/hw6code/package.zsh'
[5.214s] Level 1:colcon.colcon_core.environment:create_file_with_runtime_dependencies(/home/hope/133final/install/hw6code/share/colcon-core/packages/hw6code)
[5.215s] Level 1:colcon.colcon_core.shell:create_environment_hook('hw5code', 'pythonpath_develop')
[5.216s] DEBUG:colcon.colcon_core.event_handler.log_command:Invoked command in '/home/hope/133final/build/hw5code' returned '0': PYTHONPATH=/home/hope/133final/install/hw5code/lib/python3.10/site-packages:${PYTHONPATH} /usr/bin/python3 setup.py develop --prefix /home/hope/133final/install/hw5code --editable --build-directory /home/hope/133final/build/hw5code/build --no-deps install_data --install-dir /home/hope/133final/install/hw5code
[5.220s] INFO:colcon.colcon_core.shell:Creating environment hook '/home/hope/133final/build/hw5code/share/hw5code/hook/pythonpath_develop.ps1'
[5.222s] INFO:colcon.colcon_core.shell:Creating environment descriptor '/home/hope/133final/build/hw5code/share/hw5code/hook/pythonpath_develop.dsv'
[5.223s] INFO:colcon.colcon_core.shell:Creating environment hook '/home/hope/133final/build/hw5code/share/hw5code/hook/pythonpath_develop.sh'
[5.229s] Level 1:colcon.colcon_core.environment:checking '/home/hope/133final/install/hw5code' for CMake module files
[5.230s] Level 1:colcon.colcon_core.environment:checking '/home/hope/133final/install/hw5code' for CMake config files
[5.231s] Level 1:colcon.colcon_core.environment:checking '/home/hope/133final/install/hw5code/lib'
[5.231s] Level 1:colcon.colcon_core.environment:checking '/home/hope/133final/install/hw5code/bin'
[5.231s] Level 1:colcon.colcon_core.environment:checking '/home/hope/133final/install/hw5code/lib/pkgconfig/hw5code.pc'
[5.232s] Level 1:colcon.colcon_core.environment:checking '/home/hope/133final/install/hw5code/lib/python3.10/site-packages'
[5.232s] Level 1:colcon.colcon_core.shell:create_environment_hook('hw5code', 'pythonpath')
[5.235s] INFO:colcon.colcon_core.shell:Creating environment hook '/home/hope/133final/install/hw5code/share/hw5code/hook/pythonpath.ps1'
[5.236s] INFO:colcon.colcon_core.shell:Creating environment descriptor '/home/hope/133final/install/hw5code/share/hw5code/hook/pythonpath.dsv'
[5.237s] INFO:colcon.colcon_core.shell:Creating environment hook '/home/hope/133final/install/hw5code/share/hw5code/hook/pythonpath.sh'
[5.238s] Level 1:colcon.colcon_core.environment:checking '/home/hope/133final/install/hw5code/bin'
[5.238s] Level 1:colcon.colcon_core.environment:create_environment_scripts_only(hw5code)
[5.242s] INFO:colcon.colcon_core.shell:Creating package script '/home/hope/133final/install/hw5code/share/hw5code/package.ps1'
[5.242s] INFO:colcon.colcon_core.shell:Creating package descriptor '/home/hope/133final/install/hw5code/share/hw5code/package.dsv'
[5.243s] INFO:colcon.colcon_core.shell:Creating package script '/home/hope/133final/install/hw5code/share/hw5code/package.sh'
[5.243s] INFO:colcon.colcon_core.shell:Creating package script '/home/hope/133final/install/hw5code/share/hw5code/package.bash'
[5.244s] INFO:colcon.colcon_core.shell:Creating package script '/home/hope/133final/install/hw5code/share/hw5code/package.zsh'
[5.244s] Level 1:colcon.colcon_core.environment:create_file_with_runtime_dependencies(/home/hope/133final/install/hw5code/share/colcon-core/packages/hw5code)
[5.244s] DEBUG:colcon.colcon_parallel_executor.executor.parallel:closing loop
[5.245s] DEBUG:colcon.colcon_parallel_executor.executor.parallel:loop closed
[5.246s] DEBUG:colcon.colcon_parallel_executor.executor.parallel:run_until_complete finished with '0'
[5.246s] DEBUG:colcon.colcon_core.event_reactor:joining thread
[5.259s] INFO:colcon.colcon_core.plugin_system:Skipping extension 'colcon_notification.desktop_notification.terminal_notifier': Not used on non-Darwin systems
[5.259s] INFO:colcon.colcon_core.plugin_system:Skipping extension 'colcon_notification.desktop_notification.win32': Not used on non-Windows systems
[5.259s] INFO:colcon.colcon_notification.desktop_notification:Sending desktop notification using 'notify2'
[5.278s] DEBUG:colcon.colcon_core.event_reactor:joined thread
[5.282s] INFO:colcon.colcon_core.shell:Creating prefix script '/home/hope/133final/install/local_setup.ps1'
[5.284s] INFO:colcon.colcon_core.shell:Creating prefix util module '/home/hope/133final/install/_local_setup_util_ps1.py'
[5.287s] INFO:colcon.colcon_core.shell:Creating prefix chain script '/home/hope/133final/install/setup.ps1'
[5.291s] INFO:colcon.colcon_core.shell:Creating prefix script '/home/hope/133final/install/local_setup.sh'
[5.293s] INFO:colcon.colcon_core.shell:Creating prefix util module '/home/hope/133final/install/_local_setup_util_sh.py'
[5.294s] INFO:colcon.colcon_core.shell:Creating prefix chain script '/home/hope/133final/install/setup.sh'
[5.298s] INFO:colcon.colcon_core.shell:Creating prefix script '/home/hope/133final/install/local_setup.bash'
[5.299s] INFO:colcon.colcon_core.shell:Creating prefix chain script '/home/hope/133final/install/setup.bash'
[5.304s] INFO:colcon.colcon_core.shell:Creating prefix script '/home/hope/133final/install/local_setup.zsh'
[5.305s] INFO:colcon.colcon_core.shell:Creating prefix chain script '/home/hope/133final/install/setup.zsh'
