/home/skunnam/133ws/src/hw5code/install/hw5code/lib/python3.10/site-packages/hw5code/GeneratorNode.py
/home/skunnam/133ws/src/hw5code/install/hw5code/lib/python3.10/site-packages/hw5code/KinematicChain.py
/home/skunnam/133ws/src/hw5code/install/hw5code/lib/python3.10/site-packages/hw5code/hw4p4sol.py
/home/skunnam/133ws/src/hw5code/install/hw5code/lib/python3.10/site-packages/hw5code/hw5p4.py
/home/skunnam/133ws/src/hw5code/install/hw5code/lib/python3.10/site-packages/hw5code/__init__.py
/home/skunnam/133ws/src/hw5code/install/hw5code/lib/python3.10/site-packages/hw5code/hw5p2a.py
/home/skunnam/133ws/src/hw5code/install/hw5code/lib/python3.10/site-packages/hw5code/hw5p1.py
/home/skunnam/133ws/src/hw5code/install/hw5code/lib/python3.10/site-packages/hw5code/hw5p2b.py
/home/skunnam/133ws/src/hw5code/install/hw5code/lib/python3.10/site-packages/hw5code/TransformHelpers.py
/home/skunnam/133ws/src/hw5code/install/hw5code/lib/python3.10/site-packages/hw5code/hw4p3sol.py
/home/skunnam/133ws/src/hw5code/install/hw5code/lib/python3.10/site-packages/hw5code/__pycache__/GeneratorNode.cpython-310.pyc
/home/skunnam/133ws/src/hw5code/install/hw5code/lib/python3.10/site-packages/hw5code/__pycache__/KinematicChain.cpython-310.pyc
/home/skunnam/133ws/src/hw5code/install/hw5code/lib/python3.10/site-packages/hw5code/__pycache__/hw4p4sol.cpython-310.pyc
/home/skunnam/133ws/src/hw5code/install/hw5code/lib/python3.10/site-packages/hw5code/__pycache__/hw5p4.cpython-310.pyc
/home/skunnam/133ws/src/hw5code/install/hw5code/lib/python3.10/site-packages/hw5code/__pycache__/__init__.cpython-310.pyc
/home/skunnam/133ws/src/hw5code/install/hw5code/lib/python3.10/site-packages/hw5code/__pycache__/hw5p2a.cpython-310.pyc
/home/skunnam/133ws/src/hw5code/install/hw5code/lib/python3.10/site-packages/hw5code/__pycache__/hw5p1.cpython-310.pyc
/home/skunnam/133ws/src/hw5code/install/hw5code/lib/python3.10/site-packages/hw5code/__pycache__/hw5p2b.cpython-310.pyc
/home/skunnam/133ws/src/hw5code/install/hw5code/lib/python3.10/site-packages/hw5code/__pycache__/TransformHelpers.cpython-310.pyc
/home/skunnam/133ws/src/hw5code/install/hw5code/lib/python3.10/site-packages/hw5code/__pycache__/hw4p3sol.cpython-310.pyc
/home/skunnam/133ws/src/hw5code/install/hw5code/share/ament_index/resource_index/packages/hw5code
/home/skunnam/133ws/src/hw5code/install/hw5code/share/hw5code/package.xml
/home/skunnam/133ws/src/hw5code/install/hw5code/share/hw5code/meshes/GimbalBase.dae
/home/skunnam/133ws/src/hw5code/install/hw5code/share/hw5code/meshes/CubePlus.dae
/home/skunnam/133ws/src/hw5code/install/hw5code/share/hw5code/meshes/GimbalUpperArm.dae
/home/skunnam/133ws/src/hw5code/install/hw5code/share/hw5code/meshes/GimbalLowerArm.dae
/home/skunnam/133ws/src/hw5code/install/hw5code/share/hw5code/meshes/Cube.dae
/home/skunnam/133ws/src/hw5code/install/hw5code/lib/python3.10/site-packages/hw5code-0.0.0-py3.10.egg-info/top_level.txt
/home/skunnam/133ws/src/hw5code/install/hw5code/lib/python3.10/site-packages/hw5code-0.0.0-py3.10.egg-info/PKG-INFO
/home/skunnam/133ws/src/hw5code/install/hw5code/lib/python3.10/site-packages/hw5code-0.0.0-py3.10.egg-info/SOURCES.txt
/home/skunnam/133ws/src/hw5code/install/hw5code/lib/python3.10/site-packages/hw5code-0.0.0-py3.10.egg-info/entry_points.txt
/home/skunnam/133ws/src/hw5code/install/hw5code/lib/python3.10/site-packages/hw5code-0.0.0-py3.10.egg-info/requires.txt
/home/skunnam/133ws/src/hw5code/install/hw5code/lib/python3.10/site-packages/hw5code-0.0.0-py3.10.egg-info/dependency_links.txt
/home/skunnam/133ws/src/hw5code/install/hw5code/lib/python3.10/site-packages/hw5code-0.0.0-py3.10.egg-info/zip-safe
/home/skunnam/133ws/src/hw5code/install/hw5code/lib/hw5code/KinematicChain
/home/skunnam/133ws/src/hw5code/install/hw5code/lib/hw5code/hw4p3sol
/home/skunnam/133ws/src/hw5code/install/hw5code/lib/hw5code/hw4p4sol
/home/skunnam/133ws/src/hw5code/install/hw5code/lib/hw5code/hw5p1
/home/skunnam/133ws/src/hw5code/install/hw5code/lib/hw5code/hw5p2
/home/skunnam/133ws/src/hw5code/install/hw5code/lib/hw5code/hw5p2a
/home/skunnam/133ws/src/hw5code/install/hw5code/lib/hw5code/hw5p2b
/home/skunnam/133ws/src/hw5code/install/hw5code/lib/hw5code/hw5p3
/home/skunnam/133ws/src/hw5code/install/hw5code/lib/hw5code/hw5p4
