running develop
/usr/lib/python3/dist-packages/setuptools/command/easy_install.py:158: EasyInstallDeprecationWarning: easy_install command is deprecated. Use build and pip and other standards-based tools.
  warnings.warn(
/usr/lib/python3/dist-packages/setuptools/command/install.py:34: SetuptoolsDeprecationWarning: setup.py install is deprecated. Use build and pip and other standards-based tools.
  warnings.warn(
/usr/lib/python3/dist-packages/pkg_resources/__init__.py:116: PkgResourcesDeprecationWarning: 0.1.43ubuntu1 is an invalid version and will not be supported in a future release
  warnings.warn(
/usr/lib/python3/dist-packages/pkg_resources/__init__.py:116: PkgResourcesDeprecationWarning: 1.1build1 is an invalid version and will not be supported in a future release
  warnings.warn(
running egg_info
creating hwsols.egg-info
writing hwsols.egg-info/PKG-INFO
writing dependency_links to hwsols.egg-info/dependency_links.txt
writing entry points to hwsols.egg-info/entry_points.txt
writing requirements to hwsols.egg-info/requires.txt
writing top-level names to hwsols.egg-info/top_level.txt
writing manifest file 'hwsols.egg-info/SOURCES.txt'
reading manifest file 'hwsols.egg-info/SOURCES.txt'
writing manifest file 'hwsols.egg-info/SOURCES.txt'
running build_ext
Creating /home/hope/me133a/install/hwsols/lib/python3.10/site-packages/hwsols.egg-link (link to .)
Installing KinematicChain script to /home/hope/me133a/install/hwsols/lib/hwsols
Installing KinematicChainGravity script to /home/hope/me133a/install/hwsols/lib/hwsols
Installing TransformHelpers script to /home/hope/me133a/install/hwsols/lib/hwsols
Installing hw3p3sol script to /home/hope/me133a/install/hwsols/lib/hwsols
Installing hw3p4sol script to /home/hope/me133a/install/hwsols/lib/hwsols
Installing hw3p5sol script to /home/hope/me133a/install/hwsols/lib/hwsols
Installing hw4p3sol script to /home/hope/me133a/install/hwsols/lib/hwsols
Installing hw4p4sol script to /home/hope/me133a/install/hwsols/lib/hwsols
Installing hw5p1sol script to /home/hope/me133a/install/hwsols/lib/hwsols
Installing hw5p2sol script to /home/hope/me133a/install/hwsols/lib/hwsols
Installing hw5p4sol script to /home/hope/me133a/install/hwsols/lib/hwsols
Installing hw6p2sol script to /home/hope/me133a/install/hwsols/lib/hwsols
Installing hw6p3sol script to /home/hope/me133a/install/hwsols/lib/hwsols
Installing hw6p4sol script to /home/hope/me133a/install/hwsols/lib/hwsols
Installing hw6p5sol script to /home/hope/me133a/install/hwsols/lib/hwsols
Installing kinematicchain script to /home/hope/me133a/install/hwsols/lib/hwsols
Installing kinematicchaingravity script to /home/hope/me133a/install/hwsols/lib/hwsols

Installed /home/hope/me133a/build/hwsols
running install_data
creating /home/hope/me133a/install/hwsols/share/ament_index
creating /home/hope/me133a/install/hwsols/share/ament_index/resource_index
creating /home/hope/me133a/install/hwsols/share/ament_index/resource_index/packages
copying resource/hwsols -> /home/hope/me133a/install/hwsols/share/ament_index/resource_index/packages
copying package.xml -> /home/hope/me133a/install/hwsols/share/hwsols
creating /home/hope/me133a/install/hwsols/share/hwsols/meshes
copying meshes/CubePlus.dae -> /home/hope/me133a/install/hwsols/share/hwsols/meshes
copying meshes/GimbalLowerArm.dae -> /home/hope/me133a/install/hwsols/share/hwsols/meshes
copying meshes/GimbalBase.dae -> /home/hope/me133a/install/hwsols/share/hwsols/meshes
copying meshes/GimbalUpperArm.dae -> /home/hope/me133a/install/hwsols/share/hwsols/meshes
copying meshes/Cube.dae -> /home/hope/me133a/install/hwsols/share/hwsols/meshes
creating /home/hope/me133a/install/hwsols/share/hwsols/rviz
copying rviz/viewurdf.rviz -> /home/hope/me133a/install/hwsols/share/hwsols/rviz
copying rviz/viewatlas.rviz -> /home/hope/me133a/install/hwsols/share/hwsols/rviz
creating /home/hope/me133a/install/hwsols/share/hwsols/urdf
copying urdf/sevenDOF_Obstacle.urdf -> /home/hope/me133a/install/hwsols/share/hwsols/urdf
copying urdf/fourDOF.urdf -> /home/hope/me133a/install/hwsols/share/hwsols/urdf
copying urdf/fourDOF_masses.urdf -> /home/hope/me133a/install/hwsols/share/hwsols/urdf
copying urdf/gimbal.urdf -> /home/hope/me133a/install/hwsols/share/hwsols/urdf
copying urdf/threeDOF.urdf -> /home/hope/me133a/install/hwsols/share/hwsols/urdf
copying urdf/sevenDOF.urdf -> /home/hope/me133a/install/hwsols/share/hwsols/urdf
copying urdf/sixDOF.urdf -> /home/hope/me133a/install/hwsols/share/hwsols/urdf
copying urdf/pantilt.urdf -> /home/hope/me133a/install/hwsols/share/hwsols/urdf
copying urdf/sixDOF_Obstacle.urdf -> /home/hope/me133a/install/hwsols/share/hwsols/urdf
