[2.987s] Invoking command in '/home/hope/133final/build/hw6code': PYTHONPATH=/home/hope/133final/install/hw6code/lib/python3.10/site-packages:${PYTHONPATH} /usr/bin/python3 setup.py develop --prefix /home/hope/133final/install/hw6code --editable --build-directory /home/hope/133final/build/hw6code/build --no-deps install_data --install-dir /home/hope/133final/install/hw6code
[3.583s] running develop
[3.584s] /usr/lib/python3/dist-packages/setuptools/command/easy_install.py:158: EasyInstallDeprecationWarning: easy_install command is deprecated. Use build and pip and other standards-based tools.
[3.584s]   warnings.warn(
[3.587s] /usr/lib/python3/dist-packages/setuptools/command/install.py:34: SetuptoolsDeprecationWarning: setup.py install is deprecated. Use build and pip and other standards-based tools.
[3.587s]   warnings.warn(
[3.727s] /usr/lib/python3/dist-packages/pkg_resources/__init__.py:116: PkgResourcesDeprecationWarning: 0.1.43ubuntu1 is an invalid version and will not be supported in a future release
[3.727s]   warnings.warn(
[3.728s] /usr/lib/python3/dist-packages/pkg_resources/__init__.py:116: PkgResourcesDeprecationWarning: 1.1build1 is an invalid version and will not be supported in a future release
[3.728s]   warnings.warn(
[3.977s] running egg_info
[3.977s] writing hw6code.egg-info/PKG-INFO
[3.977s] writing dependency_links to hw6code.egg-info/dependency_links.txt
[3.978s] writing entry points to hw6code.egg-info/entry_points.txt
[3.978s] writing requirements to hw6code.egg-info/requires.txt
[3.978s] writing top-level names to hw6code.egg-info/top_level.txt
[3.982s] reading manifest file 'hw6code.egg-info/SOURCES.txt'
[3.983s] writing manifest file 'hw6code.egg-info/SOURCES.txt'
[3.987s] running build_ext
[3.987s] Creating /home/hope/133final/install/hw6code/lib/python3.10/site-packages/hw6code.egg-link (link to .)
[3.989s] Installing KinematicChain script to /home/hope/133final/install/hw6code/lib/hw6code
[3.989s] Installing hw5p1sol script to /home/hope/133final/install/hw6code/lib/hw6code
[3.989s] Installing hw5p2sol script to /home/hope/133final/install/hw6code/lib/hw6code
[3.990s] Installing hw5p4sol script to /home/hope/133final/install/hw6code/lib/hw6code
[3.990s] Installing hw6p1 script to /home/hope/133final/install/hw6code/lib/hw6code
[3.990s] Installing hw6p2 script to /home/hope/133final/install/hw6code/lib/hw6code
[3.991s] Installing hw6p3 script to /home/hope/133final/install/hw6code/lib/hw6code
[3.991s] Installing hw6p4 script to /home/hope/133final/install/hw6code/lib/hw6code
[3.991s] Installing hw6p5 script to /home/hope/133final/install/hw6code/lib/hw6code
[3.991s] 
[3.992s] Installed /home/hope/133final/build/hw6code
[3.992s] running install_data
[4.061s] Invoked command in '/home/hope/133final/build/hw6code' returned '0': PYTHONPATH=/home/hope/133final/install/hw6code/lib/python3.10/site-packages:${PYTHONPATH} /usr/bin/python3 setup.py develop --prefix /home/hope/133final/install/hw6code --editable --build-directory /home/hope/133final/build/hw6code/build --no-deps install_data --install-dir /home/hope/133final/install/hw6code
