[0.604s] Invoking command in '/home/skunnam/me133a/build/gazebodemo': PYTHONPATH=/home/skunnam/me133a/install/gazebodemo/lib/python3.10/site-packages:${PYTHONPATH} /usr/bin/python3 setup.py develop --prefix /home/skunnam/me133a/install/gazebodemo --editable --build-directory /home/skunnam/me133a/build/gazebodemo/build --no-deps install_data --install-dir /home/skunnam/me133a/install/gazebodemo
[0.867s] running develop
[0.867s] /usr/lib/python3/dist-packages/setuptools/command/easy_install.py:158: EasyInstallDeprecationWarning: easy_install command is deprecated. Use build and pip and other standards-based tools.
[0.867s]   warnings.warn(
[0.868s] /usr/lib/python3/dist-packages/setuptools/command/install.py:34: SetuptoolsDeprecationWarning: setup.py install is deprecated. Use build and pip and other standards-based tools.
[0.868s]   warnings.warn(
[0.929s] /usr/lib/python3/dist-packages/pkg_resources/__init__.py:116: PkgResourcesDeprecationWarning: 1.16.0-unknown is an invalid version and will not be supported in a future release
[0.929s]   warnings.warn(
[0.930s] /usr/lib/python3/dist-packages/pkg_resources/__init__.py:116: PkgResourcesDeprecationWarning: 0.1.43ubuntu1 is an invalid version and will not be supported in a future release
[0.930s]   warnings.warn(
[0.930s] /usr/lib/python3/dist-packages/pkg_resources/__init__.py:116: PkgResourcesDeprecationWarning: 1.1build1 is an invalid version and will not be supported in a future release
[0.930s]   warnings.warn(
[1.044s] running egg_info
[1.044s] creating gazebodemo.egg-info
[1.044s] writing gazebodemo.egg-info/PKG-INFO
[1.044s] writing dependency_links to gazebodemo.egg-info/dependency_links.txt
[1.045s] writing entry points to gazebodemo.egg-info/entry_points.txt
[1.045s] writing requirements to gazebodemo.egg-info/requires.txt
[1.045s] writing top-level names to gazebodemo.egg-info/top_level.txt
[1.045s] writing manifest file 'gazebodemo.egg-info/SOURCES.txt'
[1.047s] reading manifest file 'gazebodemo.egg-info/SOURCES.txt'
[1.047s] writing manifest file 'gazebodemo.egg-info/SOURCES.txt'
[1.049s] running build_ext
[1.049s] Creating /home/skunnam/me133a/install/gazebodemo/lib/python3.10/site-packages/gazebodemo.egg-link (link to .)
[1.050s] Installing bounce script to /home/skunnam/me133a/install/gazebodemo/lib/gazebodemo
[1.050s] Installing drivemotion script to /home/skunnam/me133a/install/gazebodemo/lib/gazebodemo
[1.050s] Installing trackgui script to /home/skunnam/me133a/install/gazebodemo/lib/gazebodemo
[1.050s] 
[1.050s] Installed /home/skunnam/me133a/build/gazebodemo
[1.050s] running install_data
[1.051s] creating /home/skunnam/me133a/install/gazebodemo/share/ament_index
[1.051s] creating /home/skunnam/me133a/install/gazebodemo/share/ament_index/resource_index
[1.051s] creating /home/skunnam/me133a/install/gazebodemo/share/ament_index/resource_index/packages
[1.051s] copying resource/gazebodemo -> /home/skunnam/me133a/install/gazebodemo/share/ament_index/resource_index/packages
[1.051s] copying package.xml -> /home/skunnam/me133a/install/gazebodemo/share/gazebodemo
[1.051s] creating /home/skunnam/me133a/install/gazebodemo/share/gazebodemo/meshes
[1.051s] creating /home/skunnam/me133a/install/gazebodemo/share/gazebodemo/urdf
[1.051s] copying urdf/sixDOF_gazebo_effort.xacro -> /home/skunnam/me133a/install/gazebodemo/share/gazebodemo/urdf
[1.051s] copying urdf/sevenDOF_gazebo_position.xacro -> /home/skunnam/me133a/install/gazebodemo/share/gazebodemo/urdf
[1.051s] copying urdf/sixDOF_gazebo_position.xacro -> /home/skunnam/me133a/install/gazebodemo/share/gazebodemo/urdf
[1.051s] copying urdf/sevenDOF_gazebo_effort.xacro -> /home/skunnam/me133a/install/gazebodemo/share/gazebodemo/urdf
[1.051s] copying urdf/sevenDOF_gazebo_velocity.xacro -> /home/skunnam/me133a/install/gazebodemo/share/gazebodemo/urdf
[1.052s] copying urdf/sixDOF_gazebo_velocity.xacro -> /home/skunnam/me133a/install/gazebodemo/share/gazebodemo/urdf
[1.052s] creating /home/skunnam/me133a/install/gazebodemo/share/gazebodemo/launch
[1.052s] copying launch/gazebo_sevenDOF_usegui.launch.py -> /home/skunnam/me133a/install/gazebodemo/share/gazebodemo/launch
[1.052s] copying launch/gazebo_bounce.launch.py -> /home/skunnam/me133a/install/gazebodemo/share/gazebodemo/launch
[1.052s] copying launch/gazebo_sixDOF.launch.py -> /home/skunnam/me133a/install/gazebodemo/share/gazebodemo/launch
[1.052s] copying launch/gazebo_plain.launch.py -> /home/skunnam/me133a/install/gazebodemo/share/gazebodemo/launch
[1.052s] creating /home/skunnam/me133a/install/gazebodemo/share/gazebodemo/config
[1.052s] copying config/sixDOF_control_parameters.yaml -> /home/skunnam/me133a/install/gazebodemo/share/gazebodemo/config
[1.052s] copying config/sevenDOF_control_parameters.yaml -> /home/skunnam/me133a/install/gazebodemo/share/gazebodemo/config
[1.053s] creating /home/skunnam/me133a/install/gazebodemo/share/gazebodemo/worlds
[1.053s] copying worlds/slowtime.world -> /home/skunnam/me133a/install/gazebodemo/share/gazebodemo/worlds
[1.053s] copying worlds/stuff.world -> /home/skunnam/me133a/install/gazebodemo/share/gazebodemo/worlds
[1.053s] copying worlds/publish.world -> /home/skunnam/me133a/install/gazebodemo/share/gazebodemo/worlds
[1.053s] copying worlds/realtime.world -> /home/skunnam/me133a/install/gazebodemo/share/gazebodemo/worlds
[1.053s] creating /home/skunnam/me133a/install/gazebodemo/share/gazebodemo/models
[1.053s] creating /home/skunnam/me133a/install/gazebodemo/share/gazebodemo/models/ball
[1.053s] copying models/ball/model.config -> /home/skunnam/me133a/install/gazebodemo/share/gazebodemo/models/ball
[1.053s] copying models/ball/model.sdf -> /home/skunnam/me133a/install/gazebodemo/share/gazebodemo/models/ball
[1.053s] creating /home/skunnam/me133a/install/gazebodemo/share/gazebodemo/models/tetherball
[1.053s] copying models/tetherball/model.config -> /home/skunnam/me133a/install/gazebodemo/share/gazebodemo/models/tetherball
[1.053s] copying models/tetherball/model.sdf -> /home/skunnam/me133a/install/gazebodemo/share/gazebodemo/models/tetherball
[1.082s] Invoked command in '/home/skunnam/me133a/build/gazebodemo' returned '0': PYTHONPATH=/home/skunnam/me133a/install/gazebodemo/lib/python3.10/site-packages:${PYTHONPATH} /usr/bin/python3 setup.py develop --prefix /home/skunnam/me133a/install/gazebodemo --editable --build-directory /home/skunnam/me133a/build/gazebodemo/build --no-deps install_data --install-dir /home/skunnam/me133a/install/gazebodemo
