[0.465s] DEBUG:colcon:Command line arguments: ['/usr/bin/colcon', 'build', '--symlink-install']
[0.465s] DEBUG:colcon:Parsed command line arguments: Namespace(log_base=None, log_level=None, verb_name='build', build_base='build', install_base='install', merge_install=False, symlink_install=True, test_result_base=None, continue_on_error=False, executor='parallel', parallel_workers=6, event_handlers=None, ignore_user_meta=False, metas=['./colcon.meta'], base_paths=['.'], packages_ignore=None, packages_ignore_regex=None, paths=None, packages_up_to=None, packages_up_to_regex=None, packages_above=None, packages_above_and_dependencies=None, packages_above_depth=None, packages_select_by_dep=None, packages_skip_by_dep=None, packages_skip_up_to=None, packages_select_build_failed=False, packages_skip_build_finished=False, packages_select_test_failures=False, packages_skip_test_passed=False, packages_select=None, packages_skip=None, packages_select_regex=None, packages_skip_regex=None, packages_start=None, packages_end=None, allow_overriding=[], cmake_args=None, cmake_target=None, cmake_target_skip_unavailable=False, cmake_clean_cache=False, cmake_clean_first=False, cmake_force_configure=False, ament_cmake_args=None, catkin_cmake_args=None, catkin_skip_building_tests=False, verb_parser=<colcon_defaults.argument_parser.defaults.DefaultArgumentsDecorator object at 0x7fabc00e8bb0>, verb_extension=<colcon_core.verb.build.BuildVerb object at 0x7fabc0a3ead0>, main=<bound method BuildVerb.main of <colcon_core.verb.build.BuildVerb object at 0x7fabc0a3ead0>>)
[0.497s] Level 1:colcon.colcon_core.package_discovery:discover_packages(colcon_meta) check parameters
[0.497s] Level 1:colcon.colcon_core.package_discovery:discover_packages(recursive) check parameters
[0.497s] Level 1:colcon.colcon_core.package_discovery:discover_packages(ignore) check parameters
[0.497s] Level 1:colcon.colcon_core.package_discovery:discover_packages(path) check parameters
[0.497s] Level 1:colcon.colcon_core.package_discovery:discover_packages(colcon_meta) discover
[0.497s] Level 1:colcon.colcon_core.package_discovery:discover_packages(recursive) discover
[0.497s] INFO:colcon.colcon_core.package_discovery:Crawling recursively for packages in '/home/hope/me133a'
[0.497s] Level 1:colcon.colcon_core.package_identification:_identify(.) by extensions ['ignore', 'ignore_ament_install']
[0.498s] Level 1:colcon.colcon_core.package_identification:_identify(.) by extension 'ignore'
[0.498s] Level 1:colcon.colcon_core.package_identification:_identify(.) by extension 'ignore_ament_install'
[0.498s] Level 1:colcon.colcon_core.package_identification:_identify(.) by extensions ['colcon_pkg']
[0.498s] Level 1:colcon.colcon_core.package_identification:_identify(.) by extension 'colcon_pkg'
[0.498s] Level 1:colcon.colcon_core.package_identification:_identify(.) by extensions ['colcon_meta']
[0.498s] Level 1:colcon.colcon_core.package_identification:_identify(.) by extension 'colcon_meta'
[0.498s] Level 1:colcon.colcon_core.package_identification:_identify(.) by extensions ['ros']
[0.498s] Level 1:colcon.colcon_core.package_identification:_identify(.) by extension 'ros'
[0.521s] Level 1:colcon.colcon_core.package_identification:_identify(.) by extensions ['cmake', 'python']
[0.521s] Level 1:colcon.colcon_core.package_identification:_identify(.) by extension 'cmake'
[0.521s] Level 1:colcon.colcon_core.package_identification:_identify(.) by extension 'python'
[0.521s] Level 1:colcon.colcon_core.package_identification:_identify(.) by extensions ['python_setup_py']
[0.521s] Level 1:colcon.colcon_core.package_identification:_identify(.) by extension 'python_setup_py'
[0.521s] Level 1:colcon.colcon_core.package_identification:_identify(build) by extensions ['ignore', 'ignore_ament_install']
[0.521s] Level 1:colcon.colcon_core.package_identification:_identify(build) by extension 'ignore'
[0.521s] Level 1:colcon.colcon_core.package_identification:_identify(build) ignored
[0.522s] Level 1:colcon.colcon_core.package_identification:_identify(install) by extensions ['ignore', 'ignore_ament_install']
[0.522s] Level 1:colcon.colcon_core.package_identification:_identify(install) by extension 'ignore'
[0.522s] Level 1:colcon.colcon_core.package_identification:_identify(install) ignored
[0.522s] Level 1:colcon.colcon_core.package_identification:_identify(log) by extensions ['ignore', 'ignore_ament_install']
[0.522s] Level 1:colcon.colcon_core.package_identification:_identify(log) by extension 'ignore'
[0.522s] Level 1:colcon.colcon_core.package_identification:_identify(log) ignored
[0.522s] Level 1:colcon.colcon_core.package_identification:_identify(src) by extensions ['ignore', 'ignore_ament_install']
[0.522s] Level 1:colcon.colcon_core.package_identification:_identify(src) by extension 'ignore'
[0.522s] Level 1:colcon.colcon_core.package_identification:_identify(src) by extension 'ignore_ament_install'
[0.522s] Level 1:colcon.colcon_core.package_identification:_identify(src) by extensions ['colcon_pkg']
[0.522s] Level 1:colcon.colcon_core.package_identification:_identify(src) by extension 'colcon_pkg'
[0.522s] Level 1:colcon.colcon_core.package_identification:_identify(src) by extensions ['colcon_meta']
[0.522s] Level 1:colcon.colcon_core.package_identification:_identify(src) by extension 'colcon_meta'
[0.523s] Level 1:colcon.colcon_core.package_identification:_identify(src) by extensions ['ros']
[0.523s] Level 1:colcon.colcon_core.package_identification:_identify(src) by extension 'ros'
[0.523s] Level 1:colcon.colcon_core.package_identification:_identify(src) by extensions ['cmake', 'python']
[0.523s] Level 1:colcon.colcon_core.package_identification:_identify(src) by extension 'cmake'
[0.523s] Level 1:colcon.colcon_core.package_identification:_identify(src) by extension 'python'
[0.523s] Level 1:colcon.colcon_core.package_identification:_identify(src) by extensions ['python_setup_py']
[0.523s] Level 1:colcon.colcon_core.package_identification:_identify(src) by extension 'python_setup_py'
[0.523s] Level 1:colcon.colcon_core.package_identification:_identify(src/build) by extensions ['ignore', 'ignore_ament_install']
[0.523s] Level 1:colcon.colcon_core.package_identification:_identify(src/build) by extension 'ignore'
[0.523s] Level 1:colcon.colcon_core.package_identification:_identify(src/build) ignored
[0.523s] Level 1:colcon.colcon_core.package_identification:_identify(src/gazebodemo) by extensions ['ignore', 'ignore_ament_install']
[0.523s] Level 1:colcon.colcon_core.package_identification:_identify(src/gazebodemo) by extension 'ignore'
[0.523s] Level 1:colcon.colcon_core.package_identification:_identify(src/gazebodemo) by extension 'ignore_ament_install'
[0.524s] Level 1:colcon.colcon_core.package_identification:_identify(src/gazebodemo) by extensions ['colcon_pkg']
[0.524s] Level 1:colcon.colcon_core.package_identification:_identify(src/gazebodemo) by extension 'colcon_pkg'
[0.524s] Level 1:colcon.colcon_core.package_identification:_identify(src/gazebodemo) by extensions ['colcon_meta']
[0.524s] Level 1:colcon.colcon_core.package_identification:_identify(src/gazebodemo) by extension 'colcon_meta'
[0.524s] Level 1:colcon.colcon_core.package_identification:_identify(src/gazebodemo) by extensions ['ros']
[0.524s] Level 1:colcon.colcon_core.package_identification:_identify(src/gazebodemo) by extension 'ros'
[0.528s] DEBUG:colcon.colcon_core.package_identification:Package 'src/gazebodemo' with type 'ros.ament_python' and name 'gazebodemo'
[0.528s] Level 1:colcon.colcon_core.package_identification:_identify(src/hwsols) by extensions ['ignore', 'ignore_ament_install']
[0.528s] Level 1:colcon.colcon_core.package_identification:_identify(src/hwsols) by extension 'ignore'
[0.528s] Level 1:colcon.colcon_core.package_identification:_identify(src/hwsols) by extension 'ignore_ament_install'
[0.528s] Level 1:colcon.colcon_core.package_identification:_identify(src/hwsols) by extensions ['colcon_pkg']
[0.528s] Level 1:colcon.colcon_core.package_identification:_identify(src/hwsols) by extension 'colcon_pkg'
[0.528s] Level 1:colcon.colcon_core.package_identification:_identify(src/hwsols) by extensions ['colcon_meta']
[0.528s] Level 1:colcon.colcon_core.package_identification:_identify(src/hwsols) by extension 'colcon_meta'
[0.528s] Level 1:colcon.colcon_core.package_identification:_identify(src/hwsols) by extensions ['ros']
[0.528s] Level 1:colcon.colcon_core.package_identification:_identify(src/hwsols) by extension 'ros'
[0.529s] DEBUG:colcon.colcon_core.package_identification:Package 'src/hwsols' with type 'ros.ament_python' and name 'hwsols'
[0.530s] Level 1:colcon.colcon_core.package_identification:_identify(src/install) by extensions ['ignore', 'ignore_ament_install']
[0.530s] Level 1:colcon.colcon_core.package_identification:_identify(src/install) by extension 'ignore'
[0.530s] Level 1:colcon.colcon_core.package_identification:_identify(src/install) ignored
[0.530s] Level 1:colcon.colcon_core.package_identification:_identify(src/log) by extensions ['ignore', 'ignore_ament_install']
[0.530s] Level 1:colcon.colcon_core.package_identification:_identify(src/log) by extension 'ignore'
[0.530s] Level 1:colcon.colcon_core.package_identification:_identify(src/log) ignored
[0.530s] Level 1:colcon.colcon_core.package_discovery:discover_packages(recursive) using defaults
[0.530s] Level 1:colcon.colcon_core.package_discovery:discover_packages(ignore) discover
[0.530s] Level 1:colcon.colcon_core.package_discovery:discover_packages(ignore) using defaults
[0.530s] Level 1:colcon.colcon_core.package_discovery:discover_packages(path) discover
[0.530s] Level 1:colcon.colcon_core.package_discovery:discover_packages(path) using defaults
[0.567s] Level 1:colcon.colcon_core.package_discovery:discover_packages(prefix_path) check parameters
[0.567s] Level 1:colcon.colcon_core.package_discovery:discover_packages(prefix_path) discover
[0.571s] DEBUG:colcon.colcon_installed_package_information.package_discovery:Found 7 installed packages in /home/hope/133ws/install
[0.575s] DEBUG:colcon.colcon_installed_package_information.package_discovery:Found 399 installed packages in /opt/ros/humble
[0.580s] Level 1:colcon.colcon_core.package_discovery:discover_packages(prefix_path) using defaults
[0.700s] Level 5:colcon.colcon_core.verb:set package 'gazebodemo' build argument 'cmake_args' from command line to 'None'
[0.700s] Level 5:colcon.colcon_core.verb:set package 'gazebodemo' build argument 'cmake_target' from command line to 'None'
[0.700s] Level 5:colcon.colcon_core.verb:set package 'gazebodemo' build argument 'cmake_target_skip_unavailable' from command line to 'False'
[0.700s] Level 5:colcon.colcon_core.verb:set package 'gazebodemo' build argument 'cmake_clean_cache' from command line to 'False'
[0.700s] Level 5:colcon.colcon_core.verb:set package 'gazebodemo' build argument 'cmake_clean_first' from command line to 'False'
[0.700s] Level 5:colcon.colcon_core.verb:set package 'gazebodemo' build argument 'cmake_force_configure' from command line to 'False'
[0.700s] Level 5:colcon.colcon_core.verb:set package 'gazebodemo' build argument 'ament_cmake_args' from command line to 'None'
[0.700s] Level 5:colcon.colcon_core.verb:set package 'gazebodemo' build argument 'catkin_cmake_args' from command line to 'None'
[0.701s] Level 5:colcon.colcon_core.verb:set package 'gazebodemo' build argument 'catkin_skip_building_tests' from command line to 'False'
[0.701s] DEBUG:colcon.colcon_core.verb:Building package 'gazebodemo' with the following arguments: {'ament_cmake_args': None, 'build_base': '/home/hope/me133a/build/gazebodemo', 'catkin_cmake_args': None, 'catkin_skip_building_tests': False, 'cmake_args': None, 'cmake_clean_cache': False, 'cmake_clean_first': False, 'cmake_force_configure': False, 'cmake_target': None, 'cmake_target_skip_unavailable': False, 'install_base': '/home/hope/me133a/install/gazebodemo', 'merge_install': False, 'path': '/home/hope/me133a/src/gazebodemo', 'symlink_install': True, 'test_result_base': None}
[0.702s] Level 5:colcon.colcon_core.verb:set package 'hwsols' build argument 'cmake_args' from command line to 'None'
[0.702s] Level 5:colcon.colcon_core.verb:set package 'hwsols' build argument 'cmake_target' from command line to 'None'
[0.702s] Level 5:colcon.colcon_core.verb:set package 'hwsols' build argument 'cmake_target_skip_unavailable' from command line to 'False'
[0.702s] Level 5:colcon.colcon_core.verb:set package 'hwsols' build argument 'cmake_clean_cache' from command line to 'False'
[0.702s] Level 5:colcon.colcon_core.verb:set package 'hwsols' build argument 'cmake_clean_first' from command line to 'False'
[0.702s] Level 5:colcon.colcon_core.verb:set package 'hwsols' build argument 'cmake_force_configure' from command line to 'False'
[0.702s] Level 5:colcon.colcon_core.verb:set package 'hwsols' build argument 'ament_cmake_args' from command line to 'None'
[0.702s] Level 5:colcon.colcon_core.verb:set package 'hwsols' build argument 'catkin_cmake_args' from command line to 'None'
[0.702s] Level 5:colcon.colcon_core.verb:set package 'hwsols' build argument 'catkin_skip_building_tests' from command line to 'False'
[0.702s] DEBUG:colcon.colcon_core.verb:Building package 'hwsols' with the following arguments: {'ament_cmake_args': None, 'build_base': '/home/hope/me133a/build/hwsols', 'catkin_cmake_args': None, 'catkin_skip_building_tests': False, 'cmake_args': None, 'cmake_clean_cache': False, 'cmake_clean_first': False, 'cmake_force_configure': False, 'cmake_target': None, 'cmake_target_skip_unavailable': False, 'install_base': '/home/hope/me133a/install/hwsols', 'merge_install': False, 'path': '/home/hope/me133a/src/hwsols', 'symlink_install': True, 'test_result_base': None}
[0.704s] INFO:colcon.colcon_core.executor:Executing jobs using 'parallel' executor
[0.710s] DEBUG:colcon.colcon_parallel_executor.executor.parallel:run_until_complete
[0.710s] INFO:colcon.colcon_ros.task.ament_python.build:Building ROS package in '/home/hope/me133a/src/gazebodemo' with build type 'ament_python'
[0.710s] Level 1:colcon.colcon_core.shell:create_environment_hook('gazebodemo', 'ament_prefix_path')
[0.716s] INFO:colcon.colcon_core.plugin_system:Skipping extension 'colcon_core.shell.bat': Not used on non-Windows systems
[0.716s] INFO:colcon.colcon_core.shell:Creating environment hook '/home/hope/me133a/install/gazebodemo/share/gazebodemo/hook/ament_prefix_path.ps1'
[0.720s] INFO:colcon.colcon_core.shell:Creating environment descriptor '/home/hope/me133a/install/gazebodemo/share/gazebodemo/hook/ament_prefix_path.dsv'
[0.720s] INFO:colcon.colcon_core.shell:Creating environment hook '/home/hope/me133a/install/gazebodemo/share/gazebodemo/hook/ament_prefix_path.sh'
[0.723s] INFO:colcon.colcon_core.shell:Skip shell extension 'powershell' for command environment: Not usable outside of PowerShell
[0.723s] DEBUG:colcon.colcon_core.shell:Skip shell extension 'dsv' for command environment
[0.732s] INFO:colcon.colcon_ros.task.ament_python.build:Building ROS package in '/home/hope/me133a/src/hwsols' with build type 'ament_python'
[0.732s] Level 1:colcon.colcon_core.shell:create_environment_hook('hwsols', 'ament_prefix_path')
[0.733s] INFO:colcon.colcon_core.shell:Creating environment hook '/home/hope/me133a/install/hwsols/share/hwsols/hook/ament_prefix_path.ps1'
[0.736s] INFO:colcon.colcon_core.shell:Creating environment descriptor '/home/hope/me133a/install/hwsols/share/hwsols/hook/ament_prefix_path.dsv'
[0.736s] INFO:colcon.colcon_core.shell:Creating environment hook '/home/hope/me133a/install/hwsols/share/hwsols/hook/ament_prefix_path.sh'
[0.739s] INFO:colcon.colcon_core.shell:Skip shell extension 'powershell' for command environment: Not usable outside of PowerShell
[0.739s] DEBUG:colcon.colcon_core.shell:Skip shell extension 'dsv' for command environment
[1.130s] INFO:colcon.colcon_core.task.python.build:Building Python package in '/home/hope/me133a/src/gazebodemo'
[1.133s] INFO:colcon.colcon_core.shell:Skip shell extension 'powershell' for command environment: Not usable outside of PowerShell
[1.133s] DEBUG:colcon.colcon_core.shell:Skip shell extension 'dsv' for command environment
[1.523s] INFO:colcon.colcon_core.task.python.build:Building Python package in '/home/hope/me133a/src/hwsols'
[1.525s] INFO:colcon.colcon_core.shell:Skip shell extension 'powershell' for command environment: Not usable outside of PowerShell
[1.525s] DEBUG:colcon.colcon_core.shell:Skip shell extension 'dsv' for command environment
[2.032s] DEBUG:colcon.colcon_core.event_handler.log_command:Invoking command in '/home/hope/me133a/build/gazebodemo': PYTHONPATH=/home/hope/me133a/install/gazebodemo/lib/python3.10/site-packages:${PYTHONPATH} /usr/bin/python3 setup.py develop --prefix /home/hope/me133a/install/gazebodemo --editable --build-directory /home/hope/me133a/build/gazebodemo/build --no-deps install_data --install-dir /home/hope/me133a/install/gazebodemo
[2.058s] DEBUG:colcon.colcon_core.event_handler.log_command:Invoking command in '/home/hope/me133a/build/hwsols': PYTHONPATH=/home/hope/me133a/install/hwsols/lib/python3.10/site-packages:${PYTHONPATH} /usr/bin/python3 setup.py develop --prefix /home/hope/me133a/install/hwsols --editable --build-directory /home/hope/me133a/build/hwsols/build --no-deps install_data --install-dir /home/hope/me133a/install/hwsols
[2.726s] Level 1:colcon.colcon_core.shell:create_environment_hook('gazebodemo', 'pythonpath_develop')
[2.728s] INFO:colcon.colcon_core.shell:Creating environment hook '/home/hope/me133a/build/gazebodemo/share/gazebodemo/hook/pythonpath_develop.ps1'
[2.728s] DEBUG:colcon.colcon_core.event_handler.log_command:Invoked command in '/home/hope/me133a/build/gazebodemo' returned '0': PYTHONPATH=/home/hope/me133a/install/gazebodemo/lib/python3.10/site-packages:${PYTHONPATH} /usr/bin/python3 setup.py develop --prefix /home/hope/me133a/install/gazebodemo --editable --build-directory /home/hope/me133a/build/gazebodemo/build --no-deps install_data --install-dir /home/hope/me133a/install/gazebodemo
[2.730s] INFO:colcon.colcon_core.shell:Creating environment descriptor '/home/hope/me133a/build/gazebodemo/share/gazebodemo/hook/pythonpath_develop.dsv'
[2.730s] INFO:colcon.colcon_core.shell:Creating environment hook '/home/hope/me133a/build/gazebodemo/share/gazebodemo/hook/pythonpath_develop.sh'
[2.737s] Level 1:colcon.colcon_core.environment:checking '/home/hope/me133a/install/gazebodemo' for CMake module files
[2.738s] Level 1:colcon.colcon_core.environment:checking '/home/hope/me133a/install/gazebodemo' for CMake config files
[2.740s] Level 1:colcon.colcon_core.environment:checking '/home/hope/me133a/install/gazebodemo/lib'
[2.740s] Level 1:colcon.colcon_core.environment:checking '/home/hope/me133a/install/gazebodemo/bin'
[2.740s] Level 1:colcon.colcon_core.environment:checking '/home/hope/me133a/install/gazebodemo/lib/pkgconfig/gazebodemo.pc'
[2.741s] Level 1:colcon.colcon_core.environment:checking '/home/hope/me133a/install/gazebodemo/lib/python3.10/site-packages'
[2.741s] Level 1:colcon.colcon_core.shell:create_environment_hook('gazebodemo', 'pythonpath')
[2.743s] INFO:colcon.colcon_core.shell:Creating environment hook '/home/hope/me133a/install/gazebodemo/share/gazebodemo/hook/pythonpath.ps1'
[2.743s] INFO:colcon.colcon_core.shell:Creating environment descriptor '/home/hope/me133a/install/gazebodemo/share/gazebodemo/hook/pythonpath.dsv'
[2.743s] INFO:colcon.colcon_core.shell:Creating environment hook '/home/hope/me133a/install/gazebodemo/share/gazebodemo/hook/pythonpath.sh'
[2.744s] Level 1:colcon.colcon_core.environment:checking '/home/hope/me133a/install/gazebodemo/bin'
[2.744s] Level 1:colcon.colcon_core.environment:create_environment_scripts_only(gazebodemo)
[2.746s] INFO:colcon.colcon_core.shell:Creating package script '/home/hope/me133a/install/gazebodemo/share/gazebodemo/package.ps1'
[2.749s] INFO:colcon.colcon_core.shell:Creating package descriptor '/home/hope/me133a/install/gazebodemo/share/gazebodemo/package.dsv'
[2.750s] INFO:colcon.colcon_core.shell:Creating package script '/home/hope/me133a/install/gazebodemo/share/gazebodemo/package.sh'
[2.751s] INFO:colcon.colcon_core.shell:Creating package script '/home/hope/me133a/install/gazebodemo/share/gazebodemo/package.bash'
[2.752s] INFO:colcon.colcon_core.shell:Creating package script '/home/hope/me133a/install/gazebodemo/share/gazebodemo/package.zsh'
[2.753s] Level 1:colcon.colcon_core.environment:create_file_with_runtime_dependencies(/home/hope/me133a/install/gazebodemo/share/colcon-core/packages/gazebodemo)
[2.791s] Level 1:colcon.colcon_core.shell:create_environment_hook('hwsols', 'pythonpath_develop')
[2.793s] INFO:colcon.colcon_core.shell:Creating environment hook '/home/hope/me133a/build/hwsols/share/hwsols/hook/pythonpath_develop.ps1'
[2.794s] DEBUG:colcon.colcon_core.event_handler.log_command:Invoked command in '/home/hope/me133a/build/hwsols' returned '0': PYTHONPATH=/home/hope/me133a/install/hwsols/lib/python3.10/site-packages:${PYTHONPATH} /usr/bin/python3 setup.py develop --prefix /home/hope/me133a/install/hwsols --editable --build-directory /home/hope/me133a/build/hwsols/build --no-deps install_data --install-dir /home/hope/me133a/install/hwsols
[2.796s] INFO:colcon.colcon_core.shell:Creating environment descriptor '/home/hope/me133a/build/hwsols/share/hwsols/hook/pythonpath_develop.dsv'
[2.797s] INFO:colcon.colcon_core.shell:Creating environment hook '/home/hope/me133a/build/hwsols/share/hwsols/hook/pythonpath_develop.sh'
[2.800s] Level 1:colcon.colcon_core.environment:checking '/home/hope/me133a/install/hwsols' for CMake module files
[2.801s] Level 1:colcon.colcon_core.environment:checking '/home/hope/me133a/install/hwsols' for CMake config files
[2.803s] Level 1:colcon.colcon_core.environment:checking '/home/hope/me133a/install/hwsols/lib'
[2.803s] Level 1:colcon.colcon_core.environment:checking '/home/hope/me133a/install/hwsols/bin'
[2.803s] Level 1:colcon.colcon_core.environment:checking '/home/hope/me133a/install/hwsols/lib/pkgconfig/hwsols.pc'
[2.803s] Level 1:colcon.colcon_core.environment:checking '/home/hope/me133a/install/hwsols/lib/python3.10/site-packages'
[2.803s] Level 1:colcon.colcon_core.shell:create_environment_hook('hwsols', 'pythonpath')
[2.805s] INFO:colcon.colcon_core.shell:Creating environment hook '/home/hope/me133a/install/hwsols/share/hwsols/hook/pythonpath.ps1'
[2.806s] INFO:colcon.colcon_core.shell:Creating environment descriptor '/home/hope/me133a/install/hwsols/share/hwsols/hook/pythonpath.dsv'
[2.806s] INFO:colcon.colcon_core.shell:Creating environment hook '/home/hope/me133a/install/hwsols/share/hwsols/hook/pythonpath.sh'
[2.807s] Level 1:colcon.colcon_core.environment:checking '/home/hope/me133a/install/hwsols/bin'
[2.807s] Level 1:colcon.colcon_core.environment:create_environment_scripts_only(hwsols)
[2.810s] INFO:colcon.colcon_core.shell:Creating package script '/home/hope/me133a/install/hwsols/share/hwsols/package.ps1'
[2.811s] INFO:colcon.colcon_core.shell:Creating package descriptor '/home/hope/me133a/install/hwsols/share/hwsols/package.dsv'
[2.811s] INFO:colcon.colcon_core.shell:Creating package script '/home/hope/me133a/install/hwsols/share/hwsols/package.sh'
[2.812s] INFO:colcon.colcon_core.shell:Creating package script '/home/hope/me133a/install/hwsols/share/hwsols/package.bash'
[2.812s] INFO:colcon.colcon_core.shell:Creating package script '/home/hope/me133a/install/hwsols/share/hwsols/package.zsh'
[2.812s] Level 1:colcon.colcon_core.environment:create_file_with_runtime_dependencies(/home/hope/me133a/install/hwsols/share/colcon-core/packages/hwsols)
[2.813s] DEBUG:colcon.colcon_parallel_executor.executor.parallel:closing loop
[2.813s] DEBUG:colcon.colcon_parallel_executor.executor.parallel:loop closed
[2.813s] DEBUG:colcon.colcon_parallel_executor.executor.parallel:run_until_complete finished with '0'
[2.813s] DEBUG:colcon.colcon_core.event_reactor:joining thread
[2.822s] INFO:colcon.colcon_core.plugin_system:Skipping extension 'colcon_notification.desktop_notification.terminal_notifier': Not used on non-Darwin systems
[2.822s] INFO:colcon.colcon_core.plugin_system:Skipping extension 'colcon_notification.desktop_notification.win32': Not used on non-Windows systems
[2.822s] INFO:colcon.colcon_notification.desktop_notification:Sending desktop notification using 'notify2'
[2.836s] DEBUG:colcon.colcon_core.event_reactor:joined thread
[2.838s] INFO:colcon.colcon_core.shell:Creating prefix script '/home/hope/me133a/install/local_setup.ps1'
[2.840s] INFO:colcon.colcon_core.shell:Creating prefix util module '/home/hope/me133a/install/_local_setup_util_ps1.py'
[2.849s] INFO:colcon.colcon_core.shell:Creating prefix chain script '/home/hope/me133a/install/setup.ps1'
[2.852s] INFO:colcon.colcon_core.shell:Creating prefix script '/home/hope/me133a/install/local_setup.sh'
[2.853s] INFO:colcon.colcon_core.shell:Creating prefix util module '/home/hope/me133a/install/_local_setup_util_sh.py'
[2.854s] INFO:colcon.colcon_core.shell:Creating prefix chain script '/home/hope/me133a/install/setup.sh'
[2.857s] INFO:colcon.colcon_core.shell:Creating prefix script '/home/hope/me133a/install/local_setup.bash'
[2.858s] INFO:colcon.colcon_core.shell:Creating prefix chain script '/home/hope/me133a/install/setup.bash'
[2.860s] INFO:colcon.colcon_core.shell:Creating prefix script '/home/hope/me133a/install/local_setup.zsh'
[2.861s] INFO:colcon.colcon_core.shell:Creating prefix chain script '/home/hope/me133a/install/setup.zsh'
